AM863560.p.cg.6	comp143518_c1_seq3	74.85	513	117	11	46	552	1361	855	4e-82	306
AM863857.p.cg.6	comp112334_c0_seq2	70.26	622	166	9	103	710	82	698	3e-69	264
FP001061.p.cg.6	comp137246_c1_seq24	84.54	841	122	6	74	913	118	951	0.0	911
AM863520.p.cg.6	comp144262_c1_seq8	80.85	449	86	0	149	597	2191	2639	2e-117	423
EW777509.p.cg.6	comp116635_c0_seq1	75.06	429	107	0	240	668	334	762	1e-77	291
CU992746.p.cg.6	comp130101_c0_seq1	67.98	968	284	13	362	1313	2	959	8e-84	313
FP008273.p.cg.6	comp137752_c0_seq10	77.99	427	75	10	47	460	5	425	5e-86	318
CU984142.p.cg.6	comp144285_c0_seq2	70.29	653	190	4	188	837	187	838	5e-77	289
AM855687.p.cg.6	comp122176_c0_seq1	81.58	266	46	1	84	349	116	378	3e-67	257
FP005729.p.cg.6	comp137246_c1_seq24	83.03	925	153	4	72	996	118	1038	0.0	946
CU984451.p.cg.6	comp144277_c2_seq1	73.90	433	111	2	1	432	1466	1035	2e-69	264
AM862973.p.cg.6	comp135745_c0_seq1	70.82	514	148	2	6	518	871	359	1e-63	244
CU995876.p.cg.6	comp119780_c0_seq1	71.70	583	158	5	11	588	146	726	2e-77	291
CU990986.p.cg.6	comp136473_c1_seq1	78.13	599	131	0	316	914	759	161	4e-137	489
AM853340.p.cg.6	comp130245_c0_seq1	72.97	444	118	2	117	559	1198	756	3e-66	253
AM859437.p.cg.6	comp142431_c2_seq1	75.03	941	228	5	8	943	1	939	9e-177	621
EE677730.p.cg.6	comp122295_c0_seq1	70.85	957	261	8	16	963	70	1017	1e-124	448
CU682414.p.cg.6	comp131058_c0_seq1	76.59	534	125	0	51	584	2115	1582	3e-110	399
BQ426564.p.cg.6	comp28270_c0_seq1	71.40	993	270	6	11	1000	48	1029	2e-139	497
BQ426306.p.cg.6	comp28268_c0_seq1	72.66	567	134	9	12	567	675	119	5e-81	302
FP089854.p.cg.6	comp109565_c0_seq1	77.83	618	135	2	406	1023	815	200	3e-137	489
CU685458.p.cg.6	comp142670_c1_seq2	77.67	318	69	2	30	346	586	270	2e-64	246
CU989256.p.cg.6	comp133033_c0_seq1	75.57	749	174	7	38	780	1250	505	5e-141	502
CU998150.p.cg.6	comp143538_c0_seq1	73.56	416	101	1	2	417	2176	1770	6e-68	259
AJ563461.p.cg.6	comp150714_c0_seq1	88.19	254	30	0	311	564	5	258	2e-87	324
FP006652.p.cg.6	comp144588_c0_seq1	74.40	418	101	1	48	465	872	461	5e-72	273
CU988915.p.cg.6	comp142289_c0_seq2	73.07	672	179	2	146	816	5809	5139	6e-107	389
FP002287.p.cg.6	comp137246_c1_seq24	84.43	848	129	3	69	916	118	962	0.0	924
BQ427174.p.cg.6	comp139209_c0_seq7	75.12	430	97	3	1127	1546	56	485	1e-76	289
CU996730.p.cg.6	comp142568_c1_seq3	71.43	574	154	4	147	715	1809	1241	2e-76	288
AM860369.p.cg.6	comp128597_c0_seq1	73.08	702	177	7	85	777	1688	990	2e-108	394
CU998502.p.cg.6	comp135066_c2_seq1	75.41	431	106	0	4	434	582	152	2e-80	300
AM859153.p.cg.6	comp129637_c0_seq2	74.84	608	149	4	142	747	149	754	5e-108	392
AM858822.p.cg.6	comp101817_c0_seq1	72.35	463	128	0	401	863	570	108	1e-67	259
AM865125.p.cg.6	comp138683_c0_seq1	74.54	546	139	0	44	589	1793	1248	1e-97	358
CU686256.p.cg.6	comp137246_c1_seq20	84.86	806	115	7	3	805	1203	402	0.0	879
AM858472.p.cg.6	comp143165_c0_seq1	70.75	588	170	2	886	1472	1864	1278	1e-73	279
CU990427.p.cg.6	comp140479_c0_seq1	79.56	597	122	0	3	599	1037	441	1e-148	527
CU996561.p.cg.6	comp139941_c1_seq1	74.19	558	136	4	101	654	20	573	3e-94	347
FP008528.p.cg.6	comp49388_c0_seq1	83.41	446	61	9	4	444	483	46	5e-123	443
AM865088.p.cg.6	comp143145_c2_seq2	73.14	927	242	4	38	959	135	1059	9e-152	538
CU996800.p.cg.6	comp127987_c1_seq1	70.89	711	204	1	160	870	1117	410	2e-94	347
AM859825.p.cg.6	comp118581_c0_seq2	78.92	351	74	0	385	735	760	410	3e-80	300
CU685873.p.cg.6	comp137246_c1_seq26	84.07	226	35	1	1	225	326	101	6e-63	242
FP001008.p.cg.6	comp144138_c0_seq1	78.63	365	78	0	72	436	123	487	8e-83	307
CU986984.p.cg.6	comp143231_c1_seq1	70.73	714	207	2	87	799	1479	767	1e-91	338
FP003981.p.cg.6	comp123046_c0_seq2	75.53	564	138	0	160	723	769	206	4e-109	396
CU987737.p.cg.6	comp117801_c0_seq1	72.18	593	153	8	54	640	873	287	3e-80	300
CU991976.p.cg.6	comp137961_c2_seq3	80.78	536	102	1	8	542	356	891	6e-140	499
AM867540.p.cg.6	comp136975_c1_seq3	76.98	543	125	0	6	548	897	1439	3e-115	416
AM859520.p.cg.6	comp143111_c1_seq1	72.63	643	175	1	1	642	1233	591	2e-99	363
CU683181.p.cg.6	comp140474_c0_seq12	77.95	517	114	0	193	709	188	704	8e-116	419
CU992689.p.cg.6	comp136462_c0_seq1	72.65	468	128	0	18	485	820	353	1e-70	268
AM862946.p.cg.6	comp143326_c3_seq11	73.25	456	118	2	185	638	3441	2988	1e-70	268
AM865735.p.cg.6	comp141728_c0_seq1	76.43	454	105	2	1	453	3213	2761	4e-89	329
FP000115.p.cg.6	comp133030_c1_seq1	74.79	607	140	4	142	744	141	738	4e-110	399
CU986873.p.cg.6	comp137094_c0_seq1	72.88	424	110	3	101	520	326	748	4e-61	237
AM868009.p.cg.6	comp136546_c0_seq2	75.59	508	119	4	107	610	1116	1622	2e-93	343
CU989227.p.cg.6	comp136473_c1_seq1	76.79	711	163	2	91	800	759	50	1e-149	531
AM864177.p.cg.6	comp138574_c1_seq1	77.65	537	117	3	1	536	293	827	9e-116	417
CF369223.p.cg.6	comp123780_c1_seq1	72.33	589	161	2	179	766	99	686	2e-86	320
AM855433.p.cg.6	comp141435_c0_seq1	72.26	858	225	10	118	969	157	1007	2e-122	441
AM865294.p.cg.6	comp134724_c0_seq2	78.37	416	88	2	278	691	667	252	8e-92	338
AM854239.p.cg.6	comp144432_c0_seq1	71.43	532	149	3	3	533	3938	4467	2e-69	264
CU990134.p.cg.6	comp132305_c0_seq1	76.07	443	106	0	133	575	1003	561	1e-86	322
CU986434.p.cg.6	comp144021_c0_seq1	69.24	673	197	5	236	906	183	847	2e-70	268
BQ426638.p.cg.6	comp123769_c1_seq1	75.27	457	113	0	165	621	755	299	9e-85	315
BQ427283.p.cg.6	comp137246_c1_seq17	86.22	1139	157	0	43	1181	118	1256	0.0	1346
EW778341.p.cg.6	comp142798_c0_seq1	69.05	824	244	5	13	832	171	987	6e-88	325
AM857997.p.cg.6	comp140677_c0_seq2	72.53	830	214	11	81	903	23	845	7e-120	432
AM868296.p.cg.6	comp144220_c0_seq2	73.83	554	139	4	105	655	4346	3796	6e-90	333
CU987002.p.cg.6	comp137518_c0_seq1	80.49	533	104	0	57	589	2270	1738	3e-138	493
CU683581.p.cg.6	comp134156_c0_seq2	72.64	530	145	0	212	741	257	786	8e-81	302
AM855979.p.cg.6	comp143110_c0_seq1	76.52	656	147	3	30	682	3203	2552	4e-135	482
AM866069.p.cg.6	comp141831_c0_seq2	70.51	763	220	5	169	929	301	1060	3e-93	343
CU996042.p.cg.6	comp136648_c0_seq1	75.45	615	136	5	102	716	79	678	5e-116	419
AM867174.p.cg.6	comp144264_c0_seq2	79.95	728	140	4	52	777	4917	4194	0.0	643
AM869290.p.cg.6	comp140126_c0_seq2	80.80	552	100	6	103	650	83	632	1e-139	497
CU991132.p.cg.6	comp138447_c0_seq1	78.58	635	123	10	462	1095	16	638	8e-140	499
BQ426765.p.cg.6	comp137086_c0_seq1	71.67	706	196	3	30	732	2369	1665	8e-99	361
AM855102.p.cg.6	comp137961_c2_seq3	80.32	620	118	2	208	825	274	891	2e-159	563
FP007164.p.cg.6	comp138540_c2_seq1	72.78	632	144	12	5	626	986	1599	4e-91	336
AM859343.p.cg.6	comp125354_c0_seq1	71.65	716	171	10	1	697	1727	1025	3e-98	360
CU682908.p.cg.6	comp142818_c1_seq16	71.15	669	190	3	73	741	1595	930	1e-89	331
AM865095.p.cg.6	comp144166_c0_seq4	78.32	618	133	1	1	617	1456	839	7e-143	508
CU994095.p.cg.6	comp144594_c0_seq2	74.30	681	173	2	12	691	2312	1633	8e-120	432
CU990426.p.cg.6	comp137281_c0_seq7	78.23	317	69	0	2	318	323	639	3e-68	260
FP011783.p.cg.6	comp139377_c0_seq3	80.90	335	64	0	34	368	715	381	1e-85	316
EW777653.p.cg.6	comp141074_c1_seq2	70.61	507	149	0	290	796	304	810	6e-63	242
CU993272.p.cg.6	comp138367_c0_seq1	76.96	942	209	7	43	978	1470	531	0.0	697
CU995534.p.cg.6	comp132597_c0_seq1	76.61	513	118	2	4	515	799	1310	2e-103	378
CX739589.p.cg.6	comp49388_c0_seq1	92.73	165	12	0	1	165	98	262	5e-64	244
FP000676.p.cg.6	comp133552_c0_seq1	76.17	386	82	5	7	386	515	896	2e-70	268
AM865204.p.cg.6	comp144064_c0_seq9	71.60	676	179	6	3	673	2129	1462	8e-92	338
CU686152.p.cg.6	comp140668_c0_seq2	74.71	431	109	0	2	432	1364	1794	3e-76	286
FP008328.p.cg.6	comp142885_c0_seq1	72.90	797	190	12	6	791	1512	2293	2e-120	434
CU997609.p.cg.6	comp139941_c1_seq1	73.91	571	142	4	73	637	4	573	2e-94	347
EE677778.p.cg.6	comp129323_c0_seq1	74.95	515	129	0	260	774	265	779	2e-94	347
CU995664.p.cg.6	comp141739_c0_seq2	75.77	421	102	0	112	532	1589	1169	3e-80	300
AM861039.p.cg.6	comp143075_c1_seq1	73.67	395	104	0	224	618	134	528	1e-63	244
CU992492.p.cg.6	comp143620_c1_seq4	71.41	626	172	6	16	638	2974	2353	6e-81	302
AM854870.p.cg.6	comp140730_c0_seq4	65.21	1923	620	25	1	1894	5	1907	2e-105	385
CU683354.p.cg.6	comp142515_c0_seq2	73.40	1248	327	3	4	1250	3839	2596	0.0	746
CU988619.p.cg.6	comp119780_c0_seq1	70.38	709	199	8	59	760	18	722	8e-82	306
AM236465.p.cg.6	comp135063_c1_seq6	74.62	650	154	6	462	1106	1057	414	1e-113	412
FP009416.p.cg.6	comp129267_c0_seq1	76.58	790	177	6	54	839	88	873	1e-161	571
AM864165.p.cg.6	comp143293_c0_seq2	68.90	807	245	4	83	886	1489	686	2e-83	311
AM858113.p.cg.6	comp121406_c0_seq1	77.99	1254	274	2	2	1254	2018	766	0.0	1011
CU987881.p.cg.6	comp128765_c0_seq1	68.67	900	260	12	9	887	1399	2297	1e-85	318
CU986485.p.cg.6	comp140617_c0_seq2	71.02	1073	304	7	32	1100	14	1083	1e-142	508
AM868050.p.cg.6	comp22539_c0_seq1	75.92	353	85	0	81	433	436	84	2e-66	253
CU997655.p.cg.6	comp143684_c0_seq6	71.48	817	226	7	98	910	201	1014	2e-109	398
CU999442.p.cg.6	comp137246_c1_seq24	82.48	936	151	9	69	1003	118	1041	0.0	921
CU990657.p.cg.6	comp127710_c1_seq2	72.36	445	123	0	138	582	717	273	2e-64	248
FP009632.p.cg.6	comp137246_c1_seq26	84.47	264	41	0	72	335	118	381	2e-77	291
AM866957.p.cg.6	comp131211_c0_seq2	72.43	584	160	1	262	844	159	742	3e-87	324
AM855550.p.cg.6	comp144507_c0_seq2	74.39	652	157	10	3	649	881	1527	2e-106	387
CU998017.p.cg.6	comp144579_c0_seq1	77.28	537	122	0	2	538	3277	3813	5e-116	419
AM863722.p.cg.6	comp136486_c0_seq2	71.34	614	172	4	93	704	293	904	2e-80	300
ES789728.p.cg.6	comp95185_c0_seq1	100.00	343	0	0	1057	1399	1	343	5e-176	619
CU992122.p.cg.6	comp26598_c0_seq1	71.45	543	153	2	3	544	604	63	5e-72	273
CU684849.p.cg.6	comp143031_c0_seq11	78.65	370	78	1	6	375	2103	1735	8e-83	307
FP002162.p.cg.6	comp125670_c0_seq4	75.29	433	107	0	225	657	1795	1363	1e-79	298
CU988252.p.cg.6	comp143770_c0_seq4	77.39	575	124	4	15	586	837	1408	5e-122	439
CU993865.p.cg.6	comp107390_c0_seq1	69.60	625	181	5	105	726	265	883	3e-67	257
CU684295.p.cg.6	comp141518_c0_seq5	73.38	541	144	0	42	582	2532	3072	1e-88	327
BQ426285.p.cg.6	comp38766_c0_seq1	89.77	215	22	0	534	748	1	215	6e-77	289
AM854366.p.cg.6	comp126503_c0_seq1	72.65	596	145	9	75	661	1187	601	4e-85	316
CU989920.p.cg.6	comp134625_c0_seq2	75.07	1047	246	10	49	1080	83	1129	0.0	681
CU992021.p.cg.6	comp141021_c1_seq3	70.67	941	272	4	1	939	1552	614	5e-122	439
CU994297.p.cg.6	comp134276_c0_seq1	78.10	767	165	3	52	815	118	884	3e-175	616
CU987466.p.cg.6	comp141021_c1_seq3	70.87	817	229	6	80	891	1638	826	1e-104	381
AM858755.p.cg.6	comp135805_c1_seq2	78.48	460	95	4	277	734	1059	602	1e-100	369
CU998702.p.cg.6	comp144468_c1_seq1	77.02	496	114	0	12	507	496	1	8e-105	381
CU990593.p.cg.6	comp138981_c0_seq2	72.09	781	206	8	250	1021	337	1114	2e-110	401
CU991724.p.cg.6	comp139166_c0_seq2	72.68	765	196	4	34	796	93	846	8e-120	432
CU986960.p.cg.6	comp138855_c0_seq2	74.31	864	216	5	5	866	1095	1954	2e-152	540
FP004193.p.cg.6	comp137518_c0_seq1	78.76	532	111	2	62	592	2270	1740	5e-123	443
CU993407.p.cg.6	comp48638_c0_seq1	74.43	524	128	2	53	570	399	922	8e-92	338
AM858264.p.cg.6	comp127050_c0_seq2	72.60	427	115	2	270	695	742	317	7e-61	235
AM854875.p.cg.6	comp143020_c0_seq1	82.61	253	44	0	157	409	1516	1264	7e-68	259
CU984306.p.cg.6	comp141604_c1_seq3	76.36	626	143	5	339	963	2100	1479	1e-123	444
CU995306.p.cg.6	comp143850_c0_seq23	77.14	608	139	0	13	620	2630	2023	2e-131	470
EW778223.p.cg.6	comp137246_c1_seq22	87.54	305	38	0	528	832	1249	945	3e-104	379
AM854229.p.cg.6	comp137929_c0_seq1	82.06	340	61	0	91	430	1195	856	9e-92	338
AM868729.p.cg.6	comp141680_c0_seq9	75.61	652	153	2	6	654	3331	2683	4e-127	455
AM861602.p.cg.6	comp136628_c0_seq3	69.80	1043	298	10	226	1259	23	1057	1e-119	432
EW779098.p.cg.6	comp139028_c0_seq1	76.88	770	165	5	122	886	1708	947	2e-163	576
BQ427341.p.cg.6	comp143738_c0_seq1	75.79	1169	271	5	45	1210	53	1212	0.0	821
CU987236.p.cg.6	comp140034_c1_seq3	74.11	533	134	4	153	683	113	643	8e-88	325
CU997790.p.cg.6	comp129267_c0_seq1	73.41	895	225	12	3	888	490	1380	6e-140	499
BQ426365.p.cg.6	comp140715_c0_seq3	77.20	557	127	0	52	608	98	654	8e-120	432
CU988222.p.cg.6	comp134318_c0_seq4	73.99	769	195	4	86	850	2419	1652	1e-131	471
CD526839.p.cg.6	comp48052_c0_seq1	81.13	302	57	0	1	302	373	72	6e-77	288
AM865615.p.cg.6	comp128923_c1_seq1	75.63	718	171	4	37	753	1396	682	9e-138	491
AM863853.p.cg.6	comp143686_c0_seq3	73.65	573	145	2	1	567	593	1165	4e-95	349
CU994823.p.cg.6	comp120086_c0_seq1	78.48	604	127	1	63	666	685	85	4e-141	502
EW778291.p.cg.6	comp141164_c1_seq3	74.05	686	162	8	2	679	1205	1882	3e-114	414
CX068837.p.cg.6	comp124055_c0_seq3	80.54	298	58	0	10	307	5601	5898	2e-73	277
CU998058.p.cg.6	comp141664_c0_seq2	77.66	573	119	7	138	704	156	725	2e-120	434
CU993352.p.cg.6	comp144374_c1_seq2	76.78	577	125	7	425	996	1020	448	2e-114	414
AM857368.p.cg.6	comp123437_c0_seq1	74.88	649	163	0	8	656	823	175	4e-121	435
AM853418.p.cg.6	comp138935_c0_seq4	74.49	643	154	5	18	655	1075	1712	2e-112	407
AM854428.p.cg.6	comp122083_c0_seq1	77.62	362	81	0	1	362	60	421	1e-76	288
CU992555.p.cg.6	comp142857_c0_seq4	72.97	566	143	6	119	682	225	782	6e-84	313
CU996372.p.cg.6	comp143485_c0_seq2	70.11	1084	297	13	4	1072	2752	1681	2e-128	461
CU987066.p.cg.6	comp137135_c0_seq1	78.21	491	107	0	68	558	1702	1212	3e-111	403
CU683042.p.cg.6	comp142971_c0_seq1	73.19	664	176	2	11	673	2820	3482	5e-107	389
AM076951.p.cg.6	comp142142_c1_seq2	71.37	1310	363	7	207	1510	93	1396	0.0	652
CU997851.p.cg.6	comp142425_c0_seq4	78.42	783	166	3	144	925	119	899	0.0	639
AM864922.p.cg.6	comp136979_c0_seq1	74.32	1324	325	8	1	1315	2659	1342	0.0	834
CU984066.p.cg.6	comp143876_c0_seq7	72.81	732	198	1	11	742	1263	1993	5e-116	419
CU995200.p.cg.6	comp143437_c1_seq3	70.60	653	186	4	35	684	1449	2098	2e-80	300
ES789945.p.cg.6	comp138387_c0_seq2	81.95	421	58	14	88	508	774	372	3e-102	372
AM868587.p.cg.6	comp136738_c2_seq4	71.59	616	175	0	2	617	531	1146	6e-87	322
FP003285.p.cg.6	comp144588_c4_seq1	88.52	209	19	2	5	208	1085	1293	4e-70	264
AM853455.p.cg.6	comp48116_c0_seq1	77.84	501	103	6	1	496	525	28	2e-105	383
BQ426866.p.cg.6	comp90429_c0_seq1	74.16	596	150	4	75	668	115	708	2e-100	367
CU682645.p.cg.6	comp141725_c0_seq1	78.59	313	67	0	2	314	3982	4294	2e-69	262
AM860311.p.cg.6	comp142462_c1_seq1	75.83	480	116	0	72	551	140	619	2e-93	343
CU987213.p.cg.6	comp143349_c0_seq1	68.64	727	218	10	11	731	2147	1425	2e-64	248
BQ426972.p.cg.6	comp143485_c0_seq1	75.51	686	168	0	49	734	1968	1283	1e-134	480
CU992541.p.cg.6	comp141722_c0_seq1	74.54	381	94	3	473	852	589	967	9e-62	239
