AM863560.p.cg.6	cds.comp143518_c1_seq3|m.46315	76.47	170	40	0	50	559	1	170	3e-92	  279
AM863857.p.cg.6	cds.comp112334_c0_seq2|m.8578	70.45	220	62	3	67	717	16	235	5e-83	  258
AM862201.p.cg.6	cds.comp143132_c0_seq1|m.44654	73.05	167	45	0	45	545	22	188	9e-90	  265
AM857422.p.cg.6	cds.comp144170_c0_seq2|m.50113	70.71	239	70	0	88	804	12	250	1e-121	  369
EW779216.p.cg.6	cds.comp143881_c0_seq3|m.48222	58.42	279	100	10	3	809	231	503	1e-93	  294
FP001061.p.cg.6	cds.comp137246_c1_seq8|m.27695	96.96	230	7	0	137	826	22	251	3e-163	  468
AM863520.p.cg.6	cds.comp144262_c1_seq3|m.50635	81.91	199	35	1	3	596	648	846	2e-107	  332
AM854469.p.cg.6	cds.comp137143_c0_seq2|m.27528	69.93	143	43	0	2	430	13	155	1e-74	  229
AM864556.p.cg.6	cds.comp139309_c0_seq3|m.32074	44.76	353	178	6	170	1228	9	344	4e-73	  239
EW777509.p.cg.6	cds.comp116635_c0_seq1|m.9950	75.95	158	38	0	668	195	376	533	4e-79	  249
AM860071.p.cg.6	cds.comp136751_c0_seq1|m.26850	51.79	224	108	0	17	688	8	231	2e-80	  252
CU992746.p.cg.6	cds.comp130101_c0_seq1|m.17837	67.70	322	102	2	361	1320	1	322	4e-159	  466
CU685087.p.cg.6	cds.comp144162_c0_seq2|m.50067	57.99	169	69	2	504	4	55	223	5e-66	  207
CU994087.p.cg.6	cds.comp119296_c0_seq1|m.11022	50.72	207	99	3	2	616	17	222	6e-61	  197
AM859302.p.cg.6	cds.comp143855_c0_seq2|m.48012	72.44	254	70	0	30	791	419	672	3e-138	  411
CU984142.p.cg.6	cds.comp144285_c0_seq2|m.50776	66.40	247	82	1	38	778	14	259	2e-125	  367
AM862787.p.cg.6	cds.comp138882_c1_seq3|m.31205	48.27	346	173	1	6	1025	122	467	1e-116	  354
BQ427044.p.cg.6	cds.comp143384_c0_seq1|m.45745	50.24	209	101	3	264	887	48	254	3e-69	  223
CU988909.p.cg.6	cds.comp138322_c0_seq1|m.29906	63.22	174	64	0	5	526	231	404	5e-76	  244
CU996127.p.cg.6	cds.comp133401_c0_seq1|m.21486	70.18	285	85	0	100	954	5	289	6e-138	  400
FP005729.p.cg.6	cds.comp137246_c1_seq26|m.27744	83.38	343	53	3	73	1101	1	339	0.0	  578
AM862973.p.cg.6	cds.comp135745_c0_seq1|m.25058	78.95	171	36	0	4	516	619	789	5e-97	  303
CU995876.p.cg.6	cds.comp119780_c0_seq1|m.11181	75.12	201	49	1	3	602	46	246	7e-109	  321
CU990986.p.cg.6	cds.comp136473_c1_seq1|m.26370	73.61	288	69	2	55	918	168	448	7e-151	  441
CU685109.p.cg.6	cds.comp136492_c0_seq6|m.26404	71.84	174	49	0	524	3	1	174	3e-85	  264
AM853340.p.cg.6	cds.comp130245_c0_seq1|m.17958	78.62	145	31	0	118	552	1	145	5e-79	  239
AM859437.p.cg.6	cds.comp142431_c2_seq1|m.41969	70.81	346	97	4	8	1039	1	344	3e-159	  463
CU986901.p.cg.6	cds.comp142147_c0_seq1|m.40918	53.59	181	84	0	204	746	1	181	9e-66	  211
CU681591.p.cg.6	cds.comp144476_c2_seq2|m.51983	68.67	316	98	1	4	948	34	349	3e-136	  422
CU989538.p.cg.6	cds.comp104973_c1_seq1|m.6751	54.13	218	91	6	277	927	18	227	3e-61	  201
EE677730.p.cg.6	cds.comp122295_c0_seq1|m.12347	74.77	321	77	3	16	972	11	329	3e-150	  431
FP008859.p.cg.6	cds.comp126138_c0_seq1|m.14589	55.56	180	80	0	5	544	50	229	9e-65	  203
AM858341.p.cg.6	cds.comp141379_c0_seq4|m.38102	71.35	192	55	0	23	598	2	193	2e-100	  300
CU682414.p.cg.6	cds.comp131058_c0_seq1|m.18834	87.03	185	24	0	52	606	1	185	1e-106	  317
BQ426564.p.cg.6	cds.comp28270_c0_seq1|m.871	74.29	315	79	1	56	1000	1	313	3e-147	  422
AM856315.p.cg.6	cds.comp142818_c1_seq5|m.43524	69.15	295	86	1	5	889	111	400	5e-148	  435
BQ426306.p.cg.6	cds.comp28268_c0_seq1|m.867	81.93	166	30	0	109	606	1	166	2e-94	  276
CU682949.p.cg.6	cds.comp112104_c0_seq2|m.8492	73.16	313	82	1	50	988	1	311	1e-158	  452
AM869062.p.cg.6	cds.comp143996_c2_seq3|m.49008	42.22	225	130	0	20	694	184	408	6e-66	  218
FP089854.p.cg.6	cds.comp109565_c0_seq1|m.7799	81.56	179	33	0	539	1075	102	280	5e-96	  291
CU685458.p.cg.6	cds.comp142670_c1_seq2|m.42846	86.67	105	14	0	344	30	91	195	3e-65	  199
CU986790.p.cg.6	cds.comp142004_c1_seq4|m.40394	58.17	263	108	2	93	878	24	285	3e-110	  337
AM865699.p.cg.6	cds.comp133090_c0_seq1|m.21088	60.50	200	79	0	2	601	12	211	2e-85	  261
AM856741.p.cg.6	cds.comp136981_c1_seq4|m.27238	70.48	227	66	1	4	681	683	909	3e-101	  326
CU989256.p.cg.6	cds.comp133033_c0_seq1|m.21028	79.92	254	50	1	41	799	1	254	5e-136	  392
AJ971235.p.cg.6	cds.comp135512_c0_seq8|m.24498	33.92	395	236	10	135	1265	6	393	3e-66	  229
CU998150.p.cg.6	cds.comp143538_c0_seq1|m.46436	83.57	140	20	1	2	421	36	172	4e-80	  241
AM854697.p.cg.6	cds.comp117230_c0_seq1|m.10166	55.17	232	97	4	197	883	4	231	8e-81	  252
AJ563461.p.cg.6	cds.comp90469_c0_seq1|m.4604	70.56	214	61	1	2	643	22	233	9e-110	  318
AM859316.p.cg.6	cds.comp137313_c1_seq1|m.27858	41.92	291	163	4	23	889	42	328	1e-69	  229
CU988915.p.cg.6	cds.comp142289_c0_seq2|m.41465	76.75	228	53	0	140	823	13	240	2e-118	  371
FP002287.p.cg.6	cds.comp137246_c1_seq10|m.27699	95.13	267	13	0	70	870	1	267	0.0	  534
AM854336.p.cg.6	cds.comp142223_c0_seq1|m.41216	61.50	187	52	2	1	558	111	278	4e-76	  234
BQ426264.p.cg.6	cds.comp93187_c1_seq1|m.5004	51.60	188	90	1	2	562	35	222	1e-67	  214
BQ427174.p.cg.6	cds.comp139209_c0_seq7|m.31866	86.49	111	15	0	1112	1444	14	124	4e-61	  203
BQ426723.p.cg.6	cds.comp123860_c0_seq2|m.13164	54.82	467	211	0	10	1410	28	494	3e-159	  474
CU989306.p.cg.6	cds.comp131059_c0_seq1|m.18835	56.76	185	80	0	42	596	7	191	4e-69	  218
CU996730.p.cg.6	cds.comp142568_c1_seq3|m.42536	73.45	226	54	1	88	747	29	254	1e-122	  355
AM864442.p.cg.6	cds.comp134830_c0_seq1|m.23365	59.02	205	81	2	27	632	9	213	4e-74	  234
AM860369.p.cg.6	cds.comp128597_c0_seq1|m.16347	73.44	256	66	1	79	840	6	261	1e-122	  358
CU989686.p.cg.6	cds.comp140979_c0_seq1|m.36765	55.69	167	74	0	102	602	16	182	5e-63	  204
CU998502.p.cg.6	cds.comp135066_c2_seq1|m.23766	83.89	149	24	0	4	450	316	464	4e-92	  281
AM859153.p.cg.6	cds.comp129637_c0_seq2|m.17417	86.63	202	27	0	142	747	1	202	3e-122	  350
CU994991.p.cg.6	cds.comp100440_c0_seq1|m.6039	73.20	194	52	0	124	705	1	194	4e-101	  300
AJ565832.p.cg.6	cds.comp133595_c0_seq1|m.21712	48.85	305	153	3	133	1041	9	312	5e-102	  309
CB617497.p.cg.6	cds.comp129369_c1_seq1|m.17217	51.91	341	158	4	393	1406	2	339	5e-120	  363
FP007524.p.cg.6	cds.comp124088_c0_seq1|m.13312	70.17	181	52	2	109	648	5	184	8e-75	  231
AM858822.p.cg.6	cds.comp101817_c0_seq1|m.6261	83.87	155	25	0	401	865	1	155	6e-90	  272
AM865125.p.cg.6	cds.comp138683_c0_seq1|m.30648	83.80	179	29	0	53	589	1	179	1e-114	  333
CU991518.p.cg.6	cds.comp135552_c2_seq2|m.24592	65.60	250	81	2	267	1016	23	267	4e-115	  340
AM863910.p.cg.6	cds.comp120254_c1_seq1|m.11383	44.13	247	130	2	1	735	3	243	8e-62	  204
CU686256.p.cg.6	cds.comp137246_c1_seq24|m.27737	81.61	261	46	2	781	2	103	362	3e-142	  412
CU682806.p.cg.6	cds.comp124057_c0_seq2|m.13293	53.15	222	102	2	14	673	14	235	2e-69	  219
AM858472.p.cg.6	cds.comp143165_c0_seq1|m.44822	71.89	217	61	0	864	1514	1	217	8e-113	  347
CU990427.p.cg.6	cds.comp140479_c0_seq1|m.34965	95.98	199	8	0	3	599	140	338	2e-127	  373
CU991256.p.cg.6	cds.comp136475_c0_seq1|m.26372	55.56	261	107	3	204	971	45	301	6e-96	  294
AM867263.p.cg.6	cds.comp122384_c0_seq1|m.12374	65.05	186	58	1	69	626	14	192	1e-85	  255
CU996561.p.cg.6	cds.comp139941_c1_seq1|m.33418	80.00	185	37	0	101	655	1	185	3e-85	  262
CU991215.p.cg.6	cds.comp141729_c1_seq1|m.39542	53.33	270	121	2	64	873	9	273	3e-94	  286
AM866167.p.cg.6	cds.comp138424_c0_seq1|m.30100	65.41	185	62	2	28	582	36	218	6e-83	  255
AM854644.p.cg.6	cds.comp144201_c0_seq2|m.50282	48.73	275	138	3	1	819	36	309	1e-80	  251
AM865088.p.cg.6	cds.comp143145_c2_seq2|m.44726	82.55	298	52	0	38	931	1	298	9e-152	  439
AM861306.p.cg.6	cds.comp143406_c0_seq1|m.45797	64.13	184	64	2	85	636	1	182	9e-81	  246
CU999826.p.cg.6	cds.comp135020_c0_seq2|m.23718	55.66	221	90	2	4	657	96	311	4e-74	  232
CU681510.p.cg.6	cds.comp20647_c0_seq1|m.222	63.07	241	81	3	717	1	1	235	7e-99	  299
CU996800.p.cg.6	cds.comp127987_c1_seq1|m.15936	68.44	244	76	1	161	892	1	243	5e-97	  293
AM859825.p.cg.6	cds.comp118581_c0_seq2|m.10719	89.52	124	13	0	383	754	3	126	2e-74	  232
AM866450.p.cg.6	cds.comp142405_c0_seq1|m.41866	50.79	315	140	2	1256	354	18	331	3e-91	  284
AM860126.p.cg.6	cds.comp135097_c0_seq2|m.23809	65.02	203	70	1	3	608	28	230	2e-94	  280
AM854711.p.cg.6	cds.comp124056_c0_seq1|m.13289	44.36	257	138	2	120	890	22	273	6e-71	  228
FP001008.p.cg.6	cds.comp144138_c0_seq1|m.49949	85.25	122	18	0	72	437	1	122	4e-67	  219
CU997270.p.cg.6	cds.comp137307_c0_seq2|m.27848	57.38	183	78	0	201	749	1	183	5e-69	  219
CU986984.p.cg.6	cds.comp143231_c1_seq1|m.45165	63.84	307	107	3	66	983	15	318	1e-123	  366
FP003981.p.cg.6	cds.comp123046_c0_seq2|m.12698	84.49	187	29	0	161	721	1	187	8e-115	  333
CU987737.p.cg.6	cds.comp117801_c0_seq1|m.10413	79.21	202	42	0	39	644	1	202	6e-116	  337
BQ426577.p.cg.6	cds.comp130583_c0_seq1|m.18315	65.24	187	65	0	355	915	199	385	7e-86	  268
AM858123.p.cg.6	cds.comp140122_c0_seq1|m.33990	55.96	218	89	5	75	719	1	214	3e-84	  257
AM861011.p.cg.6	cds.comp135987_c0_seq1|m.25588	50.60	332	139	7	17	958	15	339	3e-78	  246
CU990941.p.cg.6	cds.comp124936_c0_seq1|m.13773	65.22	161	49	2	76	546	5	162	1e-63	  202
CU991976.p.cg.6	cds.comp137961_c2_seq3|m.29080	96.03	126	5	0	2	379	66	191	3e-72	  228
AM867540.p.cg.6	cds.comp136975_c1_seq3|m.27219	93.51	185	12	0	3	557	279	463	1e-120	  354
AM859989.p.cg.6	cds.comp126166_c0_seq1|m.14602	58.90	219	90	0	6	662	62	280	2e-94	  284
AM859520.p.cg.6	cds.comp143111_c1_seq1|m.44596	84.21	209	33	0	15	641	615	823	2e-121	  369
CU987669.p.cg.6	cds.comp139754_c0_seq1|m.33071	57.09	289	113	3	67	930	1	279	9e-119	  352
CU683181.p.cg.6	cds.comp140474_c0_seq11|m.34936	86.78	174	23	0	189	710	22	195	6e-113	  338
AM855994.p.cg.6	cds.comp114001_c0_seq1|m.9028	56.16	203	74	5	166	744	7	204	2e-66	  211
CU992689.p.cg.6	cds.comp136462_c0_seq1|m.26344	78.05	164	36	0	3	494	169	332	2e-90	  273
CU995568.p.cg.6	cds.comp138240_c1_seq1|m.29718	56.28	247	104	3	4	735	544	789	6e-87	  286
BQ426897.p.cg.6	cds.comp142520_c0_seq1|m.42338	41.31	305	162	8	3	875	3	304	2e-71	  229
AM862946.p.cg.6	cds.comp143326_c3_seq9|m.45525	73.51	151	40	0	185	637	1	151	2e-74	  244
AM865735.p.cg.6	cds.comp141728_c0_seq1|m.39541	84.97	153	23	0	1	459	154	306	3e-96	  286
EW778166.p.cg.6	cds.comp135459_c0_seq1|m.24407	58.21	347	141	2	552	1589	2	345	1e-146	  432
FP000115.p.cg.6	cds.comp133030_c1_seq1|m.21018	79.59	196	36	2	156	740	52	244	2e-108	  320
CU994103.p.cg.6	cds.comp122687_c0_seq1|m.12526	59.52	252	100	1	3	758	79	328	4e-107	  324
AM865116.p.cg.6	cds.comp130790_c0_seq1|m.18525	71.60	169	47	1	162	668	28	195	1e-79	  245
CU986873.p.cg.6	cds.comp137094_c0_seq1|m.27470	69.82	169	49	2	84	584	1	169	3e-68	  219
AM868009.p.cg.6	cds.comp136546_c0_seq1|m.26508	75.12	205	45	3	3	608	85	286	1e-102	  312
CU989227.p.cg.6	cds.comp136473_c1_seq1|m.26370	80.85	282	53	1	4	849	220	500	2e-168	  485
FP002273.p.cg.6	cds.comp136585_c1_seq9|m.26572	82.22	135	24	0	3	407	52	186	1e-79	  242
AM864177.p.cg.6	cds.comp138574_c1_seq2|m.30404	72.73	198	54	0	3	596	99	296	2e-90	  271
CU996966.p.cg.6	cds.comp123435_c0_seq1|m.12942	58.82	255	101	3	215	970	19	272	4e-94	  288
CF369223.p.cg.6	cds.comp123780_c1_seq1|m.13128	77.23	202	46	0	161	766	27	228	2e-115	  334
AM855433.p.cg.6	cds.comp141435_c0_seq1|m.38329	74.53	318	72	3	22	948	1	318	3e-160	  466
AM865294.p.cg.6	cds.comp134724_c0_seq2|m.23228	76.92	130	28	1	301	690	1	128	2e-66	  207
AM861413.p.cg.6	cds.comp143987_c0_seq2|m.48984	61.03	408	158	1	3	1223	745	1152	0.0	  557
CU990134.p.cg.6	cds.comp132305_c0_seq2|m.20134	86.79	159	21	0	109	585	9	167	9e-101	  300
CU986434.p.cg.6	cds.comp144021_c0_seq3|m.49225	61.97	284	99	4	71	919	11	286	5e-122	  358
CU992241.p.cg.6	cds.comp140718_c0_seq1|m.35715	51.31	191	93	0	90	662	1	191	1e-67	  214
BQ426638.p.cg.6	cds.comp123769_c1_seq1|m.13119	80.38	158	31	0	167	640	1	158	5e-91	  269
CU999439.p.cg.6	cds.comp139327_c1_seq1|m.32105	55.70	237	95	6	41	739	1	231	4e-80	  246
BQ427283.p.cg.6	cds.comp137246_c1_seq25|m.27741	97.61	377	9	0	44	1174	1	377	0.0	  775
AM863832.p.cg.6	cds.comp140274_c0_seq1|m.34429	47.70	239	106	8	134	820	1	230	3e-65	  216
EW778341.p.cg.6	cds.comp142798_c0_seq1|m.43401	76.00	275	65	1	3	827	8	281	6e-152	  436
CU686126.p.cg.6	cds.comp139888_c2_seq2|m.33299	79.84	129	26	0	388	2	410	538	3e-70	  226
CU994791.p.cg.6	cds.comp132699_c0_seq2|m.20586	46.72	274	133	5	145	939	64	333	2e-64	  210
AM857997.p.cg.6	cds.comp140677_c0_seq2|m.35619	80.95	252	46	2	100	852	1	251	3e-152	  434
CU990815.p.cg.6	cds.comp141481_c0_seq1|m.38449	77.51	169	38	0	1	507	66	234	8e-89	  276
AM868296.p.cg.6	cds.comp144220_c0_seq2|m.50354	75.26	190	47	0	84	653	31	220	1e-105	  315
CU984043.p.cg.6	cds.comp138733_c0_seq1|m.30765	51.10	227	105	3	111	779	9	233	1e-72	  229
CU987002.p.cg.6	cds.comp137518_c0_seq1|m.28281	85.98	214	28	1	42	677	1	214	1e-119	  348
CU683581.p.cg.6	cds.comp134156_c0_seq2|m.22477	65.47	278	91	2	86	913	3	277	1e-107	  319
AM855979.p.cg.6	cds.comp143110_c0_seq1|m.44595	86.55	223	30	0	4	672	6	228	2e-134	  385
AM866069.p.cg.6	cds.comp141831_c0_seq1|m.39831	70.94	265	77	0	112	906	24	288	6e-138	  400
AM864244.p.cg.6	cds.comp134255_c0_seq2|m.22594	53.73	201	89	2	91	681	19	219	9e-64	  209
FP001895.p.cg.6	cds.comp142709_c0_seq1|m.42996	75.61	164	40	0	4	495	201	364	6e-81	  253
CU686462.p.cg.6	cds.comp143064_c0_seq3|m.44414	53.11	305	135	5	1528	632	444	746	2e-82	  278
CU996042.p.cg.6	cds.comp136648_c0_seq1|m.26649	78.84	189	35	1	90	656	1	184	1e-106	  316
CU992420.p.cg.6	cds.comp132551_c0_seq1|m.20424	48.47	359	157	11	26	1066	1	343	5e-63	  208
CU989665.p.cg.6	cds.comp138923_c0_seq1|m.31258	62.98	208	68	2	155	760	260	464	1e-83	  268
AM867174.p.cg.6	cds.comp144264_c0_seq2|m.50640	85.81	155	22	0	3	467	7	161	1e-91	  284
AM869290.p.cg.6	cds.comp140126_c0_seq1|m.33998	87.83	189	23	0	63	629	3	191	2e-107	  316
CU991132.p.cg.6	cds.comp138447_c0_seq1|m.30129	91.72	157	13	0	449	919	1	157	4e-103	  315
BQ426765.p.cg.6	cds.comp137086_c0_seq1|m.27456	80.31	127	25	0	368	748	667	793	4e-66	  221
AM855102.p.cg.6	cds.comp137961_c2_seq3|m.29080	83.60	250	32	3	98	829	1	247	1e-136	  397
FP007164.p.cg.6	cds.comp138540_c2_seq1|m.30311	80.49	205	37	2	5	619	329	530	4e-106	  324
CU990865.p.cg.6	cds.comp138539_c0_seq1|m.30305	52.87	261	119	3	104	874	25	285	8e-86	  265
CU991431.p.cg.6	cds.comp139035_c0_seq1|m.31482	51.34	224	101	2	71	736	11	228	5e-77	  251
AM859343.p.cg.6	cds.comp125354_c0_seq1|m.14052	66.78	295	84	6	3	854	5	296	8e-101	  304
AM865095.p.cg.6	cds.comp144166_c0_seq4|m.50097	91.50	200	17	0	17	616	151	350	1e-136	  399
CU996571.p.cg.6	cds.comp143797_c0_seq1|m.47577	37.96	382	216	9	3	1115	1029	1400	3e-63	  226
CU994095.p.cg.6	cds.comp144594_c0_seq2|m.53224	80.43	230	45	0	2	691	334	563	3e-137	  406
AM861529.p.cg.6	cds.comp139402_c3_seq2|m.32272	68.23	192	58	1	40	615	19	207	4e-93	  275
EW777653.p.cg.6	cds.comp141074_c1_seq1|m.37044	72.88	177	48	0	820	290	312	488	3e-80	  253
CU682094.p.cg.6	cds.comp142860_c0_seq1|m.43664	70.81	161	47	0	483	1	138	298	4e-67	  215
CU988410.p.cg.6	cds.comp124249_c0_seq1|m.13377	56.08	255	109	3	3	758	45	299	1e-96	  295
AM864443.p.cg.6	cds.comp141855_c0_seq1|m.39897	52.58	213	99	2	39	674	22	233	3e-75	  232
CU993272.p.cg.6	cds.comp138367_c0_seq1|m.29993	85.16	310	45	1	47	973	16	325	2e-175	  495
AM855909.p.cg.6	cds.comp140873_c1_seq2|m.36276	52.91	172	81	0	3	518	19	190	4e-61	  194
CU995534.p.cg.6	cds.comp132597_c0_seq1|m.20468	83.52	176	29	0	4	531	235	410	3e-89	  279
CU995237.p.cg.6	cds.comp127584_c0_seq1|m.15646	57.37	251	107	0	154	906	23	273	4e-94	  290
AM865204.p.cg.6	cds.comp144064_c0_seq4|m.49540	75.00	224	55	1	3	674	748	970	1e-109	  342
CU686152.p.cg.6	cds.comp140668_c0_seq2|m.35605	86.90	145	19	0	435	1	77	221	3e-88	  270
