cds.comp100105_c1_seq1|m.5989	AM856220.p.cg.6	62.39	218	61	6	71	283	3	608	6e-82	  250
cds.comp100108_c1_seq1|m.5991	CU998858.p.cg.6	56.99	186	74	2	187	368	6	557	2e-72	  228
cds.comp100440_c0_seq1|m.6039	CU992564.p.cg.6	73.71	194	51	0	1	194	124	705	9e-102	  301
cds.comp100661_c1_seq1|m.6067	AM854692.p.cg.6	94.87	195	10	0	46	240	141	725	2e-139	  395
cds.comp101146_c0_seq2|m.6155	AM861716.p.cg.6	75.64	156	38	0	76	231	3	470	1e-84	  253
cds.comp101203_c0_seq2|m.6165	AM857765.p.cg.6	63.10	187	66	1	9	192	153	713	2e-77	  235
cds.comp101296_c1_seq2|m.6177	CU994889.p.cg.6	76.70	176	41	0	1	176	282	809	2e-104	  311
cds.comp101777_c0_seq2|m.6253	AM858304.p.cg.6	77.17	219	49	1	19	236	1	657	3e-129	  369
cds.comp101817_c0_seq1|m.6261	AM858822.p.cg.6	83.87	155	25	0	1	155	401	865	2e-90	  272
cds.comp102043_c0_seq1|m.6305	AM867915.p.cg.6	80.47	128	25	0	14	141	24	407	2e-61	  191
cds.comp102288_c2_seq1|m.6334	FP011509.p.cg.6	90.12	172	17	0	1	172	100	615	3e-97	  289
cds.comp102323_c2_seq2|m.6348	FP001439.p.cg.6	66.18	207	67	2	15	219	151	768	3e-92	  276
cds.comp102745_c0_seq1|m.6413	AM858922.p.cg.6	77.65	170	38	0	1	170	311	820	4e-71	  222
cds.comp102812_c0_seq2|m.6427	FP011381.p.cg.6	51.45	241	115	1	22	262	99	815	3e-89	  273
cds.comp102917_c0_seq1|m.6447	AM862236.p.cg.6	70.67	150	44	0	2	151	198	647	2e-76	  234
cds.comp102933_c0_seq1|m.6450	AM856473.p.cg.6	65.91	220	75	0	70	289	6	665	2e-99	  301
cds.comp103305_c0_seq1|m.6500	AM857852.p.cg.6	56.22	217	93	2	6	221	6	653	9e-64	  201
cds.comp103610_c0_seq1|m.6551	CU995381.p.cg.6	67.96	181	58	0	33	213	221	763	3e-86	  263
cds.comp104973_c1_seq1|m.6751	CU989538.p.cg.6	53.62	235	100	6	1	227	226	927	7e-75	  236
cds.comp105247_c0_seq2|m.6787	FP000270.p.cg.6	88.42	190	21	1	126	315	4	570	2e-119	  352
cds.comp105494_c0_seq1|m.6823	AM866659.p.cg.6	75.84	149	36	0	22	170	696	250	3e-82	  246
cds.comp105705_c0_seq1|m.6848	FP003945.p.cg.6	59.24	184	74	1	4	187	5	553	3e-68	  209
cds.comp105824_c0_seq1|m.6872	AM862457.p.cg.6	66.21	145	49	0	1	145	68	502	6e-74	  222
cds.comp105872_c0_seq2|m.6884	CU998459.p.cg.6	51.06	188	87	3	15	197	7	570	2e-65	  206
cds.comp106509_c0_seq1|m.7060	AJ560757.p.cg.6	53.87	375	154	5	5	375	450	1529	7e-130	  393
cds.comp106528_c0_seq1|m.7064	AM869418.p.cg.6	71.43	140	40	0	7	146	70	489	8e-64	  197
cds.comp106639_c0_seq1|m.7091	AM858714.p.cg.6	72.17	212	59	0	32	243	6	641	7e-113	  328
cds.comp106658_c1_seq1|m.7098	EW778680.p.cg.6	76.98	139	29	1	24	162	128	535	3e-61	  202
cds.comp106737_c0_seq2|m.7116	AM853231.p.cg.6	73.97	146	38	0	1	146	54	491	1e-77	  237
cds.comp107017_c1_seq1|m.7173	CU984179.p.cg.6	62.73	161	58	2	1	161	11	487	1e-64	  205
cds.comp107031_c0_seq2|m.7177	BQ426378.p.cg.6	87.92	240	29	0	18	257	326	1045	1e-156	  447
cds.comp107390_c0_seq1|m.7256	CU993865.p.cg.6	68.85	244	75	1	34	276	5	736	7e-127	  369
cds.comp107604_c0_seq2|m.7304	CU992590.p.cg.6	59.28	167	64	2	145	310	3	494	7e-64	  208
cds.comp107927_c0_seq2|m.7382	CU991568.p.cg.6	50.49	206	101	1	1	205	120	737	5e-70	  221
cds.comp108265_c3_seq1|m.7455	AM869483.p.cg.6	73.13	134	36	0	1	134	176	577	1e-69	  213
cds.comp108413_c0_seq1|m.7497	AM863683.p.cg.6	82.76	116	20	0	2	117	256	603	2e-68	  207
cds.comp108487_c0_seq1|m.7514	ES789247.p.cg.6	69.29	254	74	1	5	254	92	853	6e-122	  357
cds.comp108553_c0_seq2|m.7532	AM854406.p.cg.6	67.05	173	51	2	5	177	80	580	3e-84	  256
cds.comp108641_c0_seq1|m.7553	FP004866.p.cg.6	82.73	110	19	0	88	197	127	456	3e-63	  197
cds.comp108641_c1_seq1|m.7555	AM863029.p.cg.6	84.41	186	29	0	1	186	619	1176	1e-112	  335
cds.comp108902_c0_seq1|m.7612	CU990496.p.cg.6	86.44	118	16	0	1	118	182	535	5e-71	  219
cds.comp108941_c0_seq1|m.7618	BQ426475.p.cg.6	83.16	196	33	0	18	213	14	601	9e-125	  359
cds.comp109267_c0_seq1|m.7709	CU994113.p.cg.6	81.44	167	31	0	1	167	54	554	2e-97	  291
cds.comp109481_c1_seq1|m.7764	AM863730.p.cg.6	79.87	154	31	0	1	154	145	606	3e-90	  268
cds.comp109532_c0_seq1|m.7779	CX739683.p.cg.6	66.08	339	109	1	96	434	10	1008	7e-147	  425
cds.comp109543_c0_seq1|m.7780	BQ426797.p.cg.6	90.91	132	12	0	45	176	11	406	2e-86	  254
cds.comp109549_c0_seq1|m.7785	AY852246.p.cg.6	95.80	143	6	0	28	170	15	443	9e-96	  285
cds.comp109550_c0_seq1|m.7787	BQ427297.p.cg.6	86.27	153	21	0	1	153	23	481	1e-99	  287
cds.comp109558_c0_seq1|m.7791	BG467400.p.cg.6	87.19	445	57	0	1	445	174	1508	0.0	  819
cds.comp109562_c0_seq1|m.7798	BQ427099.p.cg.6	91.41	128	11	0	14	141	50	433	1e-71	  215
cds.comp109565_c0_seq1|m.7799	BG467408.p.cg.6	85.38	260	38	0	21	280	13	792	6e-156	  450
cds.comp109566_c0_seq1|m.7801	BQ426463.p.cg.6	80.00	175	35	0	3	177	2	526	5e-104	  300
cds.comp109569_c0_seq1|m.7803	BQ426571.p.cg.6	89.05	137	15	0	11	147	44	454	2e-66	  201
cds.comp109571_c0_seq1|m.7804	AJ565731.p.cg.6	89.04	146	16	0	6	151	36	473	1e-82	  244
cds.comp109573_c0_seq1|m.7807	AJ563464.p.cg.6	66.67	144	47	1	2	144	3	434	9e-70	  210
cds.comp109629_c0_seq2|m.7820	AM866959.p.cg.6	48.76	201	97	3	17	216	6	593	2e-61	  196
cds.comp109710_c0_seq1|m.7848	AM867798.p.cg.6	56.99	186	75	1	1	181	31	588	4e-68	  213
cds.comp109735_c0_seq1|m.7859	CU988091.p.cg.6	55.87	247	106	1	120	363	46	786	2e-87	  271
cds.comp109797_c0_seq2|m.7878	EW779077.p.cg.6	85.91	291	39	1	1	289	3	875	0.0	  541
cds.comp109829_c0_seq2|m.7885	AM854377.p.cg.6	68.16	201	64	0	6	206	142	744	9e-96	  286
cds.comp109952_c0_seq1|m.7920	CU991303.p.cg.6	52.98	285	132	2	110	393	6	857	3e-104	  319
cds.comp110047_c0_seq2|m.7944	FP003003.p.cg.6	73.16	231	59	1	103	330	5	697	2e-129	  376
cds.comp110084_c0_seq1|m.7949	AM866236.p.cg.6	83.70	184	30	0	1	184	3	554	1e-113	  324
cds.comp110133_c0_seq1|m.7960	AM857670.p.cg.6	66.36	217	73	0	1	217	79	729	5e-107	  321
cds.comp110247_c0_seq1|m.8000	AM860296.p.cg.6	53.39	236	100	3	1	233	43	729	1e-83	  259
cds.comp110709_c0_seq1|m.8119	AM856548.p.cg.6	51.79	224	102	1	35	252	208	879	2e-77	  241
cds.comp110810_c0_seq1|m.8143	AM857234.p.cg.6	93.04	158	11	0	1	158	212	685	7e-109	  313
cds.comp111057_c0_seq1|m.8218	AM864632.p.cg.6	74.67	150	38	0	1	150	12	461	2e-85	  251
cds.comp111107_c0_seq1|m.8236	AM859066.p.cg.6	47.57	206	106	1	1	204	731	1348	1e-62	  206
cds.comp111217_c0_seq1|m.8257	FP001765.p.cg.6	73.55	242	63	1	19	260	138	860	6e-106	  316
cds.comp111767_c0_seq1|m.8406	AM858845.p.cg.6	75.90	166	40	0	1	166	296	793	1e-82	  249
cds.comp111825_c0_seq1|m.8421	CU987413.p.cg.6	82.94	170	29	0	4	173	1	510	2e-104	  301
cds.comp111991_c3_seq1|m.8458	AM859150.p.cg.6	77.05	122	28	0	96	217	35	400	8e-63	  202
cds.comp112104_c0_seq2|m.8492	CU682949.p.cg.6	73.16	313	82	1	1	311	50	988	9e-150	  429
cds.comp112133_c0_seq2|m.8511	AM854917.p.cg.6	50.25	201	99	1	1	200	187	789	1e-66	  212
cds.comp112334_c0_seq2|m.8578	CU998377.p.cg.6	67.83	230	68	3	6	235	75	746	2e-80	  248
cds.comp112432_c1_seq1|m.8605	CU996653.p.cg.6	44.40	232	125	2	3	230	118	813	2e-67	  216
cds.comp112669_c1_seq1|m.8653	CU995701.p.cg.6	86.55	119	16	0	18	136	2	358	6e-73	  223
cds.comp112914_c0_seq2|m.8712	AM853628.p.cg.6	58.06	217	85	2	5	217	167	811	1e-75	  239
cds.comp112966_c2_seq1|m.8726	BQ426517.p.cg.6	91.60	131	11	0	1	131	464	72	4e-89	  261
cds.comp113107_c0_seq1|m.8788	AM854763.p.cg.6	75.61	164	40	0	26	189	190	681	2e-62	  197
cds.comp113158_c0_seq2|m.8802	AM857565.p.cg.6	52.86	227	101	3	1	224	62	733	2e-82	  253
cds.comp113653_c0_seq1|m.8935	ES789111.p.cg.6	55.46	229	86	3	3	230	2	643	4e-86	  260
cds.comp114001_c0_seq1|m.9028	AM855994.p.cg.6	61.71	175	51	5	8	166	169	693	9e-67	  211
cds.comp114192_c0_seq1|m.9083	AM858976.p.cg.6	74.32	257	66	0	23	279	23	793	4e-138	  395
cds.comp114370_c1_seq1|m.9141	AM857284.p.cg.6	64.83	145	48	2	32	174	90	521	4e-63	  196
cds.comp114393_c1_seq2|m.9153	FP007786.p.cg.6	46.34	246	122	5	6	247	64	783	1e-66	  221
cds.comp114393_c1_seq3|m.9157	AM856671.p.cg.6	36.86	388	234	5	146	528	1	1146	2e-74	  244
cds.comp114733_c0_seq3|m.9294	CU987000.p.cg.6	48.20	222	115	0	1	222	755	90	3e-69	  218
cds.comp114740_c1_seq1|m.9298	AM853379.p.cg.6	71.51	172	49	0	97	268	17	532	4e-94	  281
cds.comp114846_c0_seq2|m.9336	CU994177.p.cg.6	70.70	314	90	2	1	312	140	1081	6e-159	  455
cds.comp114943_c0_seq1|m.9365	AM867246.p.cg.6	73.17	164	42	1	38	201	1	486	2e-85	  254
cds.comp115046_c0_seq1|m.9390	AM864753.p.cg.6	65.73	213	72	1	1	212	101	739	4e-98	  290
cds.comp115265_c0_seq1|m.9470	BQ427191.p.cg.6	69.12	204	57	2	17	214	54	665	2e-84	  253
cds.comp115325_c1_seq1|m.9493	AM862611.p.cg.6	70.54	129	37	1	36	163	5	391	5e-62	  192
cds.comp115339_c1_seq1|m.9498	AM868066.p.cg.6	95.03	181	9	0	323	503	1	543	9e-122	  363
cds.comp115472_c0_seq2|m.9542	AM858767.p.cg.6	45.31	245	133	1	1	244	334	1068	1e-62	  206
cds.comp115614_c1_seq1|m.9597	BQ426789.p.cg.6	89.71	136	14	0	1	136	220	627	2e-91	  269
cds.comp115639_c0_seq3|m.9603	AM858217.p.cg.6	63.68	190	69	0	25	214	172	741	5e-81	  251
cds.comp115843_c0_seq1|m.9667	CU994973.p.cg.6	53.11	273	117	3	30	302	180	965	5e-88	  276
cds.comp115859_c0_seq2|m.9672	FP003709.p.cg.6	50.82	244	104	4	23	252	19	744	8e-70	  220
cds.comp115942_c0_seq1|m.9695	AM863386.p.cg.6	76.30	135	30	1	138	270	3	407	7e-73	  225
cds.comp115947_c0_seq1|m.9696	AB122065.p.cg.6	85.79	359	51	0	37	395	195	1271	0.0	  629
cds.comp115977_c0_seq1|m.9714	AM866946.p.cg.6	79.87	159	30	1	1	159	123	593	1e-77	  235
cds.comp116084_c0_seq1|m.9760	AM860925.p.cg.6	69.31	189	55	2	13	200	146	706	2e-73	  228
cds.comp116175_c0_seq1|m.9789	CU986856.p.cg.6	81.95	133	21	1	70	199	28	426	2e-70	  223
cds.comp116250_c0_seq2|m.9804	FP001465.p.cg.6	88.89	126	14	0	1	126	26	403	5e-71	  217
cds.comp116285_c0_seq1|m.9814	AJ535669.p.cg.6	43.71	286	144	4	306	579	995	1837	2e-77	  265
cds.comp116351_c0_seq1|m.9835	AM858922.p.cg.6	74.06	266	68	1	35	300	38	832	4e-117	  346
cds.comp116443_c0_seq1|m.9881	CU683470.p.cg.6	91.54	130	11	0	91	220	783	394	6e-82	  248
cds.comp116459_c0_seq1|m.9883	AJ563458.p.cg.6	71.43	154	44	0	1	154	43	504	2e-75	  232
cds.comp116521_c0_seq1|m.9902	AM857015.p.cg.6	56.85	241	103	1	1	240	130	852	4e-104	  312
cds.comp116525_c0_seq1|m.9905	AM866557.p.cg.6	56.02	266	110	2	25	285	2	793	5e-96	  288
cds.comp116583_c2_seq1|m.9920	CU988314.p.cg.6	52.48	202	85	2	1	201	246	821	4e-67	  213
cds.comp116601_c0_seq1|m.9929	BQ427099.p.cg.6	77.17	127	29	0	1	127	53	433	5e-67	  202
cds.comp116612_c0_seq1|m.9932	AJ563478.p.cg.6	87.16	257	33	0	1	257	19	789	3e-155	  437
cds.comp116618_c0_seq1|m.9936	BG467404.p.cg.6	80.33	661	123	3	1	661	1963	2	0.0	 1057
cds.comp116621_c0_seq1|m.9939	BQ426427.p.cg.6	75.28	178	44	0	23	200	107	640	6e-99	  291
cds.comp116623_c0_seq1|m.9941	BQ426257.p.cg.6	75.94	212	51	0	1	212	8	643	2e-103	  305
cds.comp116626_c0_seq1|m.9942	BQ426450.p.cg.6	76.47	204	48	0	1	204	30	641	2e-98	  289
cds.comp116630_c0_seq1|m.9945	AM853547.p.cg.6	95.13	226	11	0	1	226	73	750	1e-152	  432
cds.comp116635_c0_seq1|m.9950	BQ426338.p.cg.6	84.74	367	56	0	38	404	42	1142	0.0	  555
cds.comp116636_c0_seq1|m.9952	BQ426734.p.cg.6	75.60	168	41	0	16	183	3	506	1e-89	  270
cds.comp116638_c0_seq1|m.9953	CX069324.p.cg.6	100.00	137	0	0	1	137	53	463	4e-92	  273
cds.comp116654_c0_seq1|m.9962	AM853255.p.cg.6	80.82	146	27	1	10	154	15	452	1e-67	  205
cds.comp116682_c1_seq2|m.9973	EW778003.p.cg.6	77.07	205	16	1	1	174	200	814	1e-109	  320
cds.comp116727_c0_seq1|m.9988	AM853350.p.cg.6	78.62	276	54	2	25	300	27	839	7e-138	  400
cds.comp116764_c0_seq2|m.10002	AM860063.p.cg.6	63.64	231	84	0	20	250	246	938	1e-96	  295
cds.comp116818_c0_seq2|m.10018	AM868596.p.cg.6	92.43	185	14	0	16	200	8	562	3e-124	  353
cds.comp116874_c0_seq1|m.10036	AM857783.p.cg.6	60.80	176	69	0	1	176	39	566	2e-77	  236
cds.comp116918_c0_seq1|m.10053	AM856798.p.cg.6	57.82	294	119	3	166	458	43	912	2e-107	  327
cds.comp116977_c0_seq1|m.10066	AM857421.p.cg.6	72.34	235	61	4	1	235	245	937	9e-117	  349
cds.comp117126_c0_seq1|m.10117	AM860372.p.cg.6	52.49	181	85	1	14	194	239	778	4e-64	  201
cds.comp117230_c0_seq1|m.10166	CU993824.p.cg.6	60.56	251	98	1	1	250	89	841	2e-114	  338
cds.comp117240_c0_seq2|m.10175	BQ426680.p.cg.6	41.50	359	197	5	5	359	382	1431	8e-82	  270
cds.comp117354_c0_seq1|m.10228	AM861975.p.cg.6	77.03	222	48	2	130	351	3	659	1e-92	  281
cds.comp117429_c0_seq2|m.10269	BM986678.p.cg.6	69.19	172	53	0	20	191	92	607	1e-84	  261
cds.comp117455_c0_seq1|m.10277	AM859505.p.cg.6	85.94	128	18	0	1	128	129	512	1e-74	  231
cds.comp117504_c0_seq1|m.10288	FP005225.p.cg.6	61.54	273	82	6	1	256	187	987	6e-90	  275
cds.comp117600_c0_seq1|m.10317	BQ426854.p.cg.6	71.88	345	97	0	1	345	1058	2092	0.0	  538
cds.comp117606_c0_seq2|m.10320	AM860005.p.cg.6	64.59	257	91	0	2	258	270	1040	2e-119	  351
cds.comp117609_c0_seq1|m.10321	AM854597.p.cg.6	62.89	194	70	2	2	193	27	608	3e-91	  271
cds.comp117638_c0_seq1|m.10333	DV736683.p.cg.6	92.06	126	10	0	1	126	250	627	3e-84	  251
cds.comp117649_c0_seq1|m.10338	AM859254.p.cg.6	63.41	205	74	1	1	204	32	646	1e-91	  274
cds.comp117753_c0_seq1|m.10386	CU991667.p.cg.6	51.15	305	147	2	1	303	30	944	5e-99	  298
cds.comp117765_c0_seq5|m.10393	AM861960.p.cg.6	65.00	180	62	1	21	199	90	629	4e-83	  251
cds.comp117801_c0_seq1|m.10413	CU987737.p.cg.6	79.21	202	42	0	1	202	39	644	2e-116	  337
cds.comp117922_c0_seq1|m.10442	AM859590.p.cg.6	78.54	205	44	0	1	205	30	644	8e-115	  335
cds.comp118022_c0_seq1|m.10501	AM866268.p.cg.6	51.76	199	95	1	8	205	36	632	5e-74	  226
cds.comp118062_c0_seq1|m.10521	AM855710.p.cg.6	72.48	149	41	0	1	149	10	456	7e-79	  234
cds.comp118110_c0_seq2|m.10549	EU678316.p.cg.6	64.56	412	133	6	254	662	604	1809	3e-172	  520
cds.comp118236_c0_seq1|m.10591	AM853669.p.cg.6	51.41	284	136	1	17	298	65	916	7e-92	  279
cds.comp118318_c0_seq1|m.10610	AB185408.p.cg.6	50.47	214	78	5	3	197	184	798	2e-62	  210
cds.comp118385_c2_seq1|m.10635	AM864429.p.cg.6	45.25	263	131	5	21	276	1	771	1e-66	  214
cds.comp118581_c0_seq2|m.10719	AM859825.p.cg.6	89.52	124	13	0	3	126	383	754	7e-64	  204
cds.comp118594_c0_seq1|m.10728	FP001043.p.cg.6	73.98	123	32	0	1	123	24	392	2e-65	  197
cds.comp118857_c0_seq2|m.10828	CU682909.p.cg.6	67.13	143	47	0	2	144	648	220	3e-65	  202
cds.comp118984_c0_seq1|m.10894	AM863761.p.cg.6	49.79	235	118	0	1	235	217	921	3e-77	  243
cds.comp119120_c0_seq3|m.10945	AM868863.p.cg.6	71.35	192	43	4	1	185	110	670	1e-85	  255
cds.comp119296_c0_seq1|m.11022	CU994087.p.cg.6	50.72	207	99	3	17	222	2	616	7e-65	  206
cds.comp119388_c0_seq1|m.11041	FP006263.p.cg.6	74.84	155	38	1	1	155	86	547	2e-73	  221
cds.comp119471_c0_seq1|m.11063	CU989096.p.cg.6	47.77	224	113	4	4	223	64	735	3e-66	  212
cds.comp119573_c0_seq1|m.11107	AM865927.p.cg.6	59.63	218	87	1	18	235	8	658	7e-77	  236
cds.comp119646_c1_seq1|m.11139	CU984344.p.cg.6	65.49	142	49	0	1	142	429	854	6e-61	  200
cds.comp119674_c0_seq3|m.11149	AM863311.p.cg.6	66.29	175	54	2	1	174	84	596	2e-81	  243
cds.comp119780_c0_seq1|m.11181	AM859305.p.cg.6	73.06	245	65	1	2	246	9	740	2e-131	  376
cds.comp119800_c0_seq2|m.11187	AM853866.p.cg.6	68.97	174	54	0	1	174	222	743	2e-84	  254
cds.comp119908_c1_seq1|m.11239	CU994542.p.cg.6	61.27	173	47	3	2	155	432	947	1e-67	  211
cds.comp119983_c1_seq1|m.11279	BG467400.p.cg.6	82.76	174	30	0	1	174	936	1457	7e-98	  303
cds.comp120086_c0_seq1|m.11336	CU987804.p.cg.6	87.13	202	25	1	2	202	80	685	1e-132	  379
cds.comp120120_c0_seq1|m.11348	AM856711.p.cg.6	60.13	153	60	1	14	165	159	617	4e-64	  202
cds.comp120141_c0_seq1|m.11354	CU994110.p.cg.6	58.16	196	82	0	14	209	29	616	1e-78	  243
cds.comp120154_c0_seq1|m.11363	AM860741.p.cg.6	60.87	184	72	0	5	188	34	585	3e-83	  251
cds.comp120183_c0_seq1|m.11369	CU991614.p.cg.6	58.36	317	132	0	1	317	8	958	8e-105	  320
cds.comp120210_c0_seq1|m.11374	CU996640.p.cg.6	59.12	159	64	1	13	170	133	609	8e-68	  214
cds.comp120288_c2_seq2|m.11397	AM865519.p.cg.6	74.84	159	40	0	198	356	2	478	4e-85	  259
cds.comp120446_c0_seq1|m.11479	CU996813.p.cg.6	77.60	125	28	0	50	174	9	383	1e-67	  213
cds.comp120460_c0_seq1|m.11487	CU994431.p.cg.6	60.63	254	95	5	1	250	367	1125	3e-104	  311
cds.comp120516_c0_seq1|m.11513	BQ426410.p.cg.6	52.38	294	132	2	1	286	380	1261	8e-104	  316
cds.comp120564_c0_seq1|m.11532	AM867605.p.cg.6	60.79	227	71	3	65	286	3	644	2e-95	  288
cds.comp120581_c0_seq2|m.11549	CU683439.p.cg.6	88.46	260	30	0	1	260	1024	245	2e-164	  464
cds.comp120618_c1_seq1|m.11561	CU989496.p.cg.6	74.36	156	40	0	19	174	51	518	5e-74	  231
cds.comp120634_c0_seq2|m.11568	AM859676.p.cg.6	70.00	300	88	2	44	342	1	897	2e-142	  410
cds.comp120742_c0_seq2|m.11604	CU684328.p.cg.6	44.13	247	136	1	62	308	979	245	4e-70	  226
cds.comp120847_c0_seq1|m.11640	AM861995.p.cg.6	74.18	213	55	0	8	220	18	656	6e-104	  305
cds.comp121024_c2_seq1|m.11727	AM865739.p.cg.6	54.19	179	80	1	1	179	80	610	4e-67	  206
cds.comp121059_c2_seq1|m.11747	AM863750.p.cg.6	83.04	112	19	0	1	112	346	681	6e-66	  207
cds.comp121067_c1_seq1|m.11750	AM864965.p.cg.6	54.35	230	75	6	1	220	98	727	2e-62	  202
cds.comp121136_c0_seq1|m.11793	FP008563.p.cg.6	62.29	175	65	1	2	175	12	536	6e-67	  208
cds.comp121211_c0_seq1|m.11844	FP007124.p.cg.6	75.89	141	32	1	15	155	1	417	1e-65	  204
cds.comp121225_c0_seq1|m.11852	FP003046.p.cg.6	79.73	148	30	0	6	153	5	448	3e-88	  258
cds.comp121369_c0_seq1|m.11918	FP008552.p.cg.6	62.24	143	54	0	2	144	4	432	9e-64	  197
cds.comp121401_c1_seq1|m.11932	FP001990.p.cg.6	61.97	213	76	2	216	427	4	630	4e-83	  259
cds.comp121406_c0_seq1|m.11937	AM858113.p.cg.6	94.07	405	24	0	25	429	50	1264	0.0	  769
cds.comp121427_c0_seq2|m.11948	CU998085.p.cg.6	47.74	243	109	7	1	230	101	814	6e-61	  199
cds.comp121435_c0_seq2|m.11956	AM856028.p.cg.6	60.63	221	84	1	3	223	80	733	2e-86	  260
cds.comp121458_c0_seq1|m.11963	AM863557.p.cg.6	64.14	145	52	0	17	161	22	456	3e-64	  206
cds.comp121616_c0_seq3|m.12028	CU986664.p.cg.6	64.38	233	83	0	97	329	2	700	3e-115	  337
cds.comp121626_c0_seq2|m.12037	AM860268.p.cg.6	90.61	181	16	1	1	181	43	582	2e-107	  309
cds.comp121662_c0_seq1|m.12054	AM858952.p.cg.6	64.71	136	48	0	28	163	371	778	2e-62	  200
cds.comp121728_c0_seq1|m.12084	AJ563484.p.cg.6	89.17	120	13	0	7	126	3	362	5e-74	  222
cds.comp121743_c0_seq2|m.12096	AM862138.p.cg.6	64.13	184	62	2	1	180	69	620	5e-80	  240
cds.comp121787_c0_seq3|m.12124	AM868038.p.cg.6	45.89	316	161	3	157	472	190	1107	4e-91	  288
cds.comp121820_c0_seq1|m.12137	AM862671.p.cg.6	77.24	268	61	0	36	303	11	814	6e-155	  445
cds.comp121852_c1_seq2|m.12162	AM857161.p.cg.6	54.17	168	77	0	9	176	318	821	5e-66	  206
cds.comp121908_c0_seq2|m.12190	AM857903.p.cg.6	44.33	300	150	6	4	298	105	968	2e-68	  218
cds.comp121934_c0_seq1|m.12200	BQ426603.p.cg.6	73.22	239	59	1	1	239	1	702	2e-100	  303
cds.comp122080_c0_seq1|m.12255	AB262084.p.cg.6	76.04	626	148	2	174	797	474	2351	0.0	  913
cds.comp122083_c0_seq1|m.12257	AM854428.p.cg.6	85.12	121	18	0	20	140	1	363	2e-66	  204
cds.comp122295_c0_seq1|m.12347	EE677730.p.cg.6	74.77	321	77	3	11	329	16	972	4e-170	  481
cds.comp122325_c0_seq1|m.12356	AM866821.p.cg.6	75.12	209	52	0	4	212	59	685	9e-117	  336
cds.comp122358_c1_seq1|m.12364	AM858455.p.cg.6	71.33	143	39	1	1	141	2	430	2e-69	  212
cds.comp122384_c0_seq1|m.12374	AM868352.p.cg.6	67.39	184	57	1	14	197	31	573	1e-73	  228
cds.comp122406_c0_seq1|m.12382	CU996187.p.cg.6	61.57	242	87	3	3	242	88	801	1e-96	  292
cds.comp122488_c0_seq1|m.12418	AM857665.p.cg.6	48.47	295	151	1	2	296	108	989	5e-87	  273
cds.comp122508_c0_seq1|m.12430	CU996655.p.cg.6	76.35	241	57	0	1	241	68	790	3e-106	  317
cds.comp122548_c0_seq1|m.12446	AM855045.p.cg.6	86.23	167	23	0	1	167	13	513	4e-104	  301
