comp100108_c1_seq1	ruditapes_c24094	71.38	318	86	4	786	1103	6	318	7e-36	  150
comp100174_c1_seq1	ruditapes_c15835	84.87	238	35	1	8	244	654	417	9e-71	  264
comp101296_c1_seq2	ruditapes_c22482	74.74	285	69	3	1	284	284	2	8e-45	  179
comp101356_c0_seq1	ruditapes_c26999	77.51	409	87	5	930	1338	12	415	3e-82	  306
comp101949_c0_seq1	ruditapes_c9781	73.19	235	63	0	70	304	736	502	5e-33	  140
comp10223_c0_seq1	ruditapes_c20414	82.35	136	24	0	3	138	1	136	7e-33	  138
comp102288_c0_seq1	ruditapes2_lrc3505	77.66	367	76	2	1	364	50	413	3e-78	  289
comp102288_c1_seq1	ruditapes_c6496	79.27	439	88	2	2	437	609	1047	3e-104	  376
comp102288_c2_seq1	ruditapes2_c4168	75.05	509	127	0	7	515	117	625	2e-96	  351
comp102523_c0_seq1	ruditapes_c12962	79.78	366	73	1	48	413	73	437	4e-88	  324
comp102745_c0_seq1	ruditapes_c11694	69.25	504	147	5	8	509	512	15	8e-50	  196
comp104149_c0_seq1	ruditapes_c10657	73.28	247	66	0	2	248	42	288	5e-36	  149
comp106478_c0_seq2	ruditapes_c9996	69.57	368	82	8	261	607	22	380	6e-36	  150
comp108470_c0_seq2	ruditapes_c9449	75.38	329	81	0	1	329	59	387	8e-60	  228
comp108487_c0_seq1	ruditapes_c16869	76.76	641	144	5	224	861	208	846	7e-132	  470
comp109259_c0_seq1	ruditapes_c7529	72.32	383	97	4	207	582	455	75	1e-51	  203
comp109436_c0_seq1	ruditapes_c20825	78.61	201	40	3	1071	1269	309	508	5e-38	  158
comp109478_c0_seq1	ruditapes2_c3888	73.30	633	112	20	526	1117	626	10	2e-93	  342
comp109511_c0_seq1	ruditapes_lrc34108	86.51	126	16	1	705	830	177	53	6e-35	  147
comp109532_c0_seq1	ruditapes_c4025	73.47	950	222	10	574	1509	935	2	5e-159	  560
comp109543_c0_seq1	ruditapes2_c203	83.54	407	66	1	129	535	66	471	8e-120	  428
comp109549_c0_seq1	ruditapes2_c142	83.44	453	74	1	65	516	6	458	6e-134	  475
comp109550_c0_seq1	ruditapes_lrc33732	82.75	516	84	3	456	969	526	14	3e-147	  520
comp109558_c0_seq1	ruditapes2_c1	80.02	891	171	5	584	1471	262	1148	0.0	  789
comp109560_c0_seq1	ruditapes2_c1360	77.37	411	82	6	45	450	431	27	5e-83	  306
comp109561_c0_seq1	ruditapes2_c4099	78.08	438	83	6	59	487	25	458	9e-94	  342
comp109562_c0_seq1	ruditapes_lrc33777	81.82	473	82	3	26	496	472	2	5e-128	  455
comp109565_c0_seq1	ruditapes2_c4755	83.70	822	131	2	149	970	820	2	0.0	  874
comp109566_c0_seq1	ruditapes_lrc32108	78.90	602	114	3	60	650	1	600	1e-144	  511
comp109568_c0_seq1	ruditapes2_c468	82.75	284	49	0	64	347	312	29	1e-78	  291
comp109569_c0_seq1	ruditapes_lrc33878	81.85	496	83	4	13	503	33	526	2e-134	  477
comp109571_c0_seq1	ruditapes_lrc33912	80.00	450	90	0	86	535	478	29	3e-113	  407
comp109572_c0_seq1	ruditapes2_c255	80.62	356	67	2	43	398	2	355	2e-88	  324
comp109573_c0_seq1	ruditapes_lrc34645	75.46	493	108	4	434	925	494	14	2e-92	  338
comp109718_c0_seq3	ruditapes2_c3113	75.83	302	72	1	1012	1313	301	1	1e-54	  214
comp109797_c0_seq2	ruditapes_c8761	76.29	194	46	0	1088	1281	1	194	2e-33	  143
comp110084_c0_seq1	ruditapes_c14476	77.98	504	108	3	104	604	572	69	4e-112	  403
comp110722_c0_seq1	ruditapes_c8565	71.12	277	76	1	3	275	499	223	1e-32	  138
comp110984_c0_seq1	ruditapes_c408	70.34	327	97	0	2	328	4	330	5e-37	  152
comp111265_c0_seq1	ruditapes_c12093	76.95	282	61	2	1079	1358	370	91	1e-53	  210
comp111552_c0_seq2	ruditapes_c10964	71.16	586	156	6	363	938	583	1	6e-75	  280
comp111661_c0_seq1	ruditapes_c16788	77.29	502	109	5	1	500	19	517	2e-103	  374
comp111825_c0_seq1	ruditapes_c10305	78.75	527	111	1	517	1043	146	671	7e-124	  443
comp112038_c0_seq1	ruditapes_c19537	76.73	404	94	0	168	571	3	406	1e-82	  306
comp112183_c1_seq1	ruditapes_c20997	70.03	327	98	0	125	451	11	337	1e-35	  149
comp112503_c1_seq1	ruditapes_c29078	77.19	228	50	2	5	232	385	160	8e-42	  170
comp112918_c0_seq1	ruditapes_c8300	79.07	258	54	0	147	404	358	101	5e-58	  223
comp112966_c1_seq1	ruditapes_c25365	76.75	271	61	2	1	269	395	125	1e-50	  197
comp112966_c2_seq1	ruditapes2_lrc3145	80.00	400	77	3	1	398	407	9	1e-97	  354
comp113955_c1_seq2	ruditapes_c24046	72.20	259	51	5	399	645	46	295	7e-33	  140
comp113957_c0_seq1	ruditapes_c13658	81.18	170	30	1	112	281	168	1	7e-39	  159
comp114412_c0_seq2	ruditapes2_c2560	68.25	756	232	4	14	765	100	851	2e-72	  271
comp115396_c0_seq1	ruditapes_c13486	75.09	281	64	2	28	305	306	29	7e-48	  188
comp115518_c0_seq5	ruditapes_c19765	77.46	244	55	0	502	745	456	213	2e-48	  192
comp115614_c1_seq1	ruditapes2_lrc3145	77.89	407	88	2	5	411	245	649	6e-88	  322
comp115614_c1_seq2	ruditapes_lrc33808	78.48	158	34	0	68	225	1	158	3e-31	  132
comp116351_c0_seq1	ruditapes_c11694	68.97	593	178	5	298	889	602	15	1e-57	  223
comp116360_c0_seq1	ruditapes_c14954	80.22	273	44	7	49	319	100	364	8e-59	  226
comp116458_c0_seq1	ruditapes_c27968	88.73	204	21	2	139	341	55	257	2e-68	  257
comp116459_c0_seq1	ruditapes2_c281	82.99	482	76	3	91	572	1040	565	2e-138	  491
comp116567_c0_seq1	ruditapes_c180	79.58	191	17	9	1912	2090	597	777	4e-35	  149
comp116574_c0_seq1	ruditapes_c1117	71.40	1007	235	19	458	1439	1020	42	1e-135	  482
comp116598_c0_seq2	ruditapes2_c2672	70.98	348	98	1	198	545	367	23	4e-42	  170
comp116611_c0_seq1	ruditapes2_lrc4103	83.59	262	43	0	265	526	218	479	2e-74	  279
comp116612_c0_seq1	ruditapes_lrc32341	79.84	853	160	8	32	875	913	64	0.0	  738
comp116618_c0_seq1	ruditapes2_c46	76.74	602	138	2	462	1062	601	1	5e-125	  448
comp116621_c0_seq1	ruditapes_c3824	78.48	488	105	0	236	723	167	654	4e-113	  407
comp116623_c0_seq1	ruditapes2_lrc5088	73.42	726	182	7	14	732	30	751	2e-116	  417
comp116626_c0_seq1	ruditapes_c14	75.33	754	174	5	803	1546	791	40	9e-144	  509
comp116629_c0_seq1	ruditapes_c7060	78.92	427	76	6	55	480	38	451	2e-96	  351
comp116630_c0_seq1	ruditapes2_c1008	80.44	946	155	13	490	1422	930	2	0.0	  841
comp116632_c1_seq1	ruditapes2_c1885	74.85	501	123	3	1010	1509	31	529	2e-88	  325
comp116635_c0_seq1	ruditapes2_lrc3391	84.09	773	121	2	290	1061	772	1	0.0	  834
comp116636_c0_seq1	ruditapes_lrc15447	74.59	543	127	5	304	840	558	21	1e-94	  345
comp116638_c0_seq1	ruditapes_lrc32855	85.05	475	67	2	667	1138	480	7	2e-150	  531
comp116654_c0_seq1	ruditapes_lrc32418	81.25	464	82	4	53	513	27	488	6e-121	  432
comp116685_c0_seq1	ruditapes_c10134	77.09	323	68	2	1481	1797	331	9	5e-65	  248
comp116727_c0_seq1	ruditapes_c2730	78.09	502	109	1	501	1002	525	25	9e-113	  407
comp116804_c0_seq1	ruditapes_c2032	73.19	470	105	9	261	714	684	220	2e-68	  259
comp116869_c0_seq1	ruditapes_c16308	68.06	576	136	16	78	629	85	636	2e-49	  196
comp116874_c0_seq1	ruditapes_c25682	78.70	216	45	1	144	358	148	363	3e-45	  181
comp116920_c0_seq1	ruditapes_lrc13723	78.38	333	72	0	69	401	21	353	5e-74	  277
comp117018_c0_seq1	ruditapes_c3292	77.56	205	46	0	274	478	344	140	7e-40	  163
comp117230_c0_seq2	ruditapes_c26815	73.58	458	108	8	269	720	187	637	2e-68	  259
comp117390_c0_seq2	ruditapes_c16007	71.02	283	78	2	1	281	141	421	6e-32	  136
comp117617_c1_seq1	ruditapes_lrc32824	71.65	261	74	0	59	319	123	383	1e-32	  138
comp117649_c0_seq1	ruditapes2_c230	72.89	653	165	6	315	960	766	119	6e-100	  363
comp117922_c0_seq1	ruditapes_c28256	77.03	627	135	8	367	990	662	42	2e-127	  455
comp118022_c0_seq1	ruditapes2_c567	69.91	442	120	6	315	749	560	125	8e-46	  183
comp118249_c0_seq1	ruditapes_lrc32392	74.23	357	89	1	225	581	514	161	2e-59	  228
comp118739_c0_seq1	ruditapes_c12661	87.92	240	23	4	3	242	217	450	4e-78	  289
comp118779_c1_seq1	ruditapes_c16567	75.06	413	103	0	1	413	6	418	2e-75	  280
comp118843_c0_seq1	ruditapes_c10674	69.94	326	82	4	107	432	1	310	8e-34	  143
comp119033_c0_seq1	ruditapes2_c826	68.86	668	183	10	197	855	990	339	3e-64	  244
comp119038_c0_seq1	ruditapes_c15646	71.49	498	142	0	217	714	35	532	1e-68	  259
comp119120_c0_seq3	ruditapes2_c1443	79.81	530	98	4	45	573	700	179	1e-130	  464
comp119220_c0_seq1	ruditapes_c28165	82.57	413	72	0	200	612	419	7	3e-117	  421
comp119226_c0_seq1	ruditapes_c30755	76.05	309	68	2	793	1098	522	217	4e-57	  221
comp119325_c0_seq2	ruditapes_c10327	76.24	202	47	1	5	206	325	125	8e-35	  145
comp119573_c0_seq1	ruditapes_c7226	72.70	337	84	3	599	931	333	1	1e-46	  187
comp119780_c0_seq1	ruditapes_c22901	76.56	209	46	2	519	727	1	206	5e-36	  150
comp119803_c0_seq1	ruditapes_c6968	71.63	423	120	0	45	467	85	507	1e-57	  223
comp119878_c0_seq1	ruditapes2_c1811	81.74	334	59	1	688	1021	337	6	1e-88	  325
comp119903_c0_seq1	ruditapes2_c1736	72.81	320	86	1	35	354	101	419	1e-45	  181
comp119925_c1_seq1	ruditapes_c12859	73.89	337	83	4	30	365	16	348	3e-50	  197
comp119983_c1_seq1	ruditapes2_c1	78.10	525	115	0	1	525	1042	518	8e-120	  428
comp119983_c2_seq1	ruditapes_lrc15460	75.72	276	65	2	211	485	31	305	1e-47	  188
comp120210_c0_seq1	ruditapes2_c5648	73.47	475	124	2	135	608	128	601	9e-76	  282
comp120395_c4_seq1	ruditapes_c14118	67.34	444	143	2	504	946	448	6	1e-32	  140
comp120416_c0_seq1	ruditapes_c16007	76.35	592	138	2	709	1299	5	595	5e-121	  434
comp120500_c0_seq2	ruditapes_c16942	73.52	657	172	2	11	666	657	2	3e-109	  394
comp120579_c0_seq2	ruditapes_c10026	71.49	449	124	2	483	929	1	447	3e-59	  228
comp120583_c0_seq1	ruditapes_c10187	82.32	164	29	0	143	306	382	545	3e-40	  165
comp121136_c0_seq1	ruditapes_c11956	71.77	457	123	4	174	629	454	3	5e-60	  230
comp121206_c0_seq1	ruditapes_c23410	74.61	386	87	9	103	488	110	484	2e-58	  224
comp121458_c0_seq1	ruditapes_c7765	70.63	412	109	9	63	469	420	16	2e-41	  168
comp121669_c0_seq1	ruditapes_c31695	84.19	215	25	5	1	212	38	246	1e-57	  223
comp121728_c0_seq1	ruditapes_c9483	77.69	381	84	1	1	381	86	465	8e-82	  302
comp121774_c0_seq1	ruditapes_c21735	76.44	208	45	4	2	208	346	142	3e-33	  140
comp121929_c1_seq3	ruditapes_c20522	71.66	427	118	3	32	457	1	425	7e-55	  214
comp121934_c0_seq1	ruditapes2_c1124	78.25	446	93	4	1	445	13	455	1e-96	  352
comp122013_c0_seq1	ruditapes_c16274	72.49	429	115	3	157	584	160	586	5e-60	  232
comp122080_c0_seq1	ruditapes2_c2642	73.24	497	115	9	2051	2541	27	511	3e-72	  273
comp122176_c0_seq1	ruditapes_c242	82.22	270	48	0	109	378	108	377	4e-72	  271
comp122211_c0_seq1	ruditapes_c5052	74.40	414	104	2	53	465	39	451	1e-69	  262
comp122280_c0_seq1	ruditapes2_c2788	81.89	530	91	5	1020	1548	554	29	9e-144	  509
comp122295_c0_seq1	ruditapes_c32371	78.53	1006	215	1	36	1041	10	1014	0.0	  852
comp122358_c1_seq1	ruditapes2_c1615	75.06	449	108	4	198	645	491	46	2e-78	  291
comp122548_c0_seq1	ruditapes_lrc15185	81.87	651	113	2	8	653	651	1	0.0	  637
comp122572_c0_seq1	ruditapes_lrc32602	77.06	571	110	6	32	593	627	69	8e-121	  432
comp122575_c0_seq1	ruditapes_c2074	76.77	254	41	4	83	333	388	150	3e-48	  190
comp122575_c0_seq2	ruditapes2_c5138	80.59	577	109	1	83	656	596	20	1e-151	  535
comp122622_c1_seq2	ruditapes_c24798	75.60	414	96	4	134	543	117	529	2e-78	  291
comp122633_c0_seq1	ruditapes2_c2333	79.46	516	102	2	665	1179	585	73	2e-125	  448
comp122635_c0_seq1	ruditapes_lrc12381	77.49	573	123	2	68	637	48	617	1e-125	  448
comp122637_c0_seq1	ruditapes_c16402	75.50	502	111	8	905	1397	528	30	1e-90	  333
comp122710_c0_seq2	ruditapes_c12308	70.35	398	112	2	454	848	430	36	9e-46	  183
comp122721_c0_seq1	ruditapes_c17439	70.61	313	92	0	670	982	265	577	6e-36	  150
comp122865_c1_seq1	ruditapes2_lrc3246	81.40	602	104	6	237	832	621	22	8e-160	  562
comp122865_c2_seq1	ruditapes_c24684	78.48	446	89	4	123	567	11	450	5e-99	  360
comp122982_c0_seq1	ruditapes_c2013	79.20	327	66	2	68	394	104	428	1e-73	  277
comp123000_c0_seq1	ruditapes2_lrc6044	69.35	398	122	0	105	502	78	475	3e-41	  168
comp123000_c0_seq2	ruditapes2_c3343	71.24	386	108	1	381	766	93	475	8e-49	  194
comp123124_c0_seq1	ruditapes_c5293	79.81	411	81	2	578	987	470	879	9e-99	  360
comp123187_c0_seq1	ruditapes_c15865	74.76	527	110	9	994	1510	532	19	5e-90	  331
comp123302_c1_seq1	ruditapes_c25919	78.85	227	48	0	684	910	231	5	9e-49	  194
comp123302_c1_seq3	ruditapes_c17152	73.48	230	61	0	330	559	331	102	9e-33	  140
comp123351_c0_seq1	ruditapes_c7628	72.42	417	107	3	107	519	538	126	2e-59	  228
comp123358_c0_seq1	ruditapes_c23493	74.89	458	92	10	1	444	23	471	6e-76	  284
comp123468_c0_seq1	ruditapes_c28069	75.93	457	104	4	383	835	83	537	3e-90	  331
comp123602_c0_seq1	ruditapes_c8200	70.77	414	115	2	33	443	89	499	2e-50	  197
comp123614_c0_seq4	ruditapes_c19437	77.62	429	82	5	501	922	3	424	4e-90	  331
comp123636_c0_seq1	ruditapes_c140	77.44	328	73	1	353	680	429	103	1e-67	  255
comp123681_c0_seq2	ruditapes_c17363	77.52	694	151	4	265	957	187	876	2e-151	  535
comp123698_c3_seq1	ruditapes_c16249	86.11	216	30	0	337	552	1	216	1e-67	  255
comp123769_c0_seq1	ruditapes_lrc33899	87.03	185	24	0	167	351	74	258	3e-59	  226
comp123769_c1_seq1	ruditapes_lrc30594	76.80	487	109	4	271	755	66	550	2e-98	  358
comp123770_c0_seq1	ruditapes_lrc34182	79.37	882	164	4	29	904	883	14	0.0	  769
comp123774_c0_seq1	ruditapes2_c97	74.33	1313	335	2	120	1431	1396	85	0.0	  857
comp123780_c1_seq1	ruditapes_lrc32261	77.14	700	147	3	5	695	3	698	8e-153	  540
comp123785_c0_seq1	ruditapes_lrc34654	79.93	299	60	0	5	303	399	101	3e-72	  269
comp123801_c0_seq1	ruditapes_c3824	81.32	514	96	0	179	692	154	667	9e-140	  495
comp123805_c0_seq1	ruditapes_c1609	79.52	1079	221	0	315	1393	1127	49	0.0	  955
comp123809_c0_seq2	ruditapes_c19197	79.13	206	40	1	754	956	656	451	4e-44	  178
comp123809_c0_seq4	ruditapes_c25855	81.01	611	103	12	1	600	54	662	2e-156	  551
comp123811_c0_seq1	ruditapes2_c3518	78.92	721	136	10	52	765	65	776	7e-167	  585
comp123835_c0_seq1	ruditapes_c19318	77.55	245	52	1	120	361	95	339	1e-48	  192
comp123846_c0_seq1	ruditapes_c8084	70.35	462	130	5	36	493	1	459	9e-51	  199
comp124032_c0_seq1	ruditapes_c19102	77.09	419	88	7	450	865	47	460	1e-81	  302
comp124055_c0_seq1	ruditapes_c23012	85.47	172	24	1	1537	1707	597	426	1e-48	  196
comp124055_c0_seq2	ruditapes2_c3813	76.27	632	133	7	5500	6121	36	660	1e-124	  448
comp124055_c0_seq3	ruditapes_c29187	74.68	699	173	4	2195	2891	1	697	3e-125	  450
comp124056_c0_seq1	ruditapes_c15479	74.54	377	96	0	556	932	1	377	3e-65	  248
comp124078_c0_seq2	ruditapes_c15609	80.89	157	30	0	740	896	157	1	2e-35	  149
comp124140_c0_seq1	ruditapes_c23562	76.32	418	92	5	70	486	8	419	2e-78	  291
comp124153_c0_seq1	ruditapes2_c1370	69.89	362	106	1	341	699	765	1126	3e-39	  161
comp124268_c0_seq1	ruditapes2_c1058	75.48	828	200	1	34	861	25	849	2e-169	  594
comp124284_c0_seq4	ruditapes_lrc33451	69.74	304	92	0	139	442	383	80	4e-31	  134
comp124337_c0_seq1	ruditapes_c16926	70.72	362	106	0	194	555	64	425	1e-43	  176
comp124340_c0_seq1	ruditapes_c29881	72.61	533	136	7	163	691	139	665	5e-75	  280
comp124472_c0_seq1	ruditapes_c24188	68.23	661	178	17	2	652	640	2	1e-50	  199
comp124733_c0_seq1	ruditapes_c1161	72.08	308	78	4	874	1175	786	1091	5e-38	  158
comp124775_c3_seq1	ruditapes_c15227	70.35	570	151	9	99	657	77	639	3e-64	  244
comp124944_c0_seq2	ruditapes_c15457	78.66	164	34	1	259	421	164	1	4e-31	  134
comp124997_c1_seq1	ruditapes2_c477	76.82	509	102	5	908	1407	31	532	4e-104	  378
comp125019_c0_seq1	ruditapes2_c420	76.40	356	84	0	156	511	356	1	3e-70	  264
comp125036_c0_seq1	ruditapes_c24556	72.27	339	91	3	270	607	337	1	5e-44	  178
comp125160_c0_seq1	ruditapes_c18123	67.26	446	146	0	21	466	644	199	2e-38	  158
comp125177_c0_seq1	ruditapes_c15605	75.50	200	48	1	623	822	380	182	1e-31	  136
comp125215_c1_seq1	ruditapes_c10140	74.89	223	55	1	290	512	339	560	5e-35	  147
comp125314_c0_seq1	ruditapes_c18456	76.10	431	93	10	45	472	21	444	7e-74	  277
comp125347_c0_seq1	ruditapes_c10955	72.13	305	85	0	12	316	45	349	5e-41	  167
comp125354_c0_seq1	ruditapes_c1836	76.86	389	90	0	569	957	426	38	1e-79	  297
comp125386_c0_seq1	ruditapes2_c39	74.07	513	131	2	982	1493	513	2	5e-86	  318
comp125404_c0_seq1	ruditapes2_c2251	80.75	374	72	0	324	697	433	60	3e-96	  351
comp125539_c0_seq1	ruditapes_c25759	84.74	380	55	3	581	960	379	3	4e-115	  414
comp125595_c0_seq1	ruditapes_c1355	76.85	527	122	0	201	727	726	200	2e-111	  401
comp125620_c1_seq1	ruditapes_c15409	79.15	211	43	1	118	327	84	294	8e-45	  179
comp125622_c0_seq1	ruditapes_c10113	77.29	436	99	0	49	484	1	436	3e-93	  340
comp125806_c0_seq1	ruditapes_c7511	70.90	378	99	7	314	683	550	176	2e-40	  165
comp125911_c0_seq1	ruditapes_c1980	78.52	554	116	1	286	839	770	220	3e-129	  461
comp125913_c0_seq1	ruditapes_c6411	82.54	252	43	1	76	326	65	316	5e-67	  253
comp125945_c0_seq2	ruditapes_c11316	74.08	463	104	4	75	534	63	512	4e-78	  291
comp125989_c0_seq1	ruditapes_c60	67.48	489	147	7	5	487	1779	1297	2e-34	  145
comp126044_c1_seq1	ruditapes2_c71	65.45	686	229	6	102	782	299	981	2e-35	  149
comp126129_c0_seq1	ruditapes_c29798	74.01	454	115	3	69	521	644	193	7e-74	  277
comp126137_c0_seq1	ruditapes_c13063	77.43	412	89	2	2291	2700	412	3	7e-86	  318
comp126138_c0_seq1	ruditapes_c15021	73.40	624	153	7	66	683	664	48	2e-98	  358
comp126199_c0_seq1	ruditapes_c7097	77.85	781	173	0	167	947	113	893	1e-179	  628
comp126243_c0_seq1	ruditapes2_c1692	74.53	369	90	2	406	774	814	450	6e-62	  237
comp126265_c0_seq1	ruditapes2_c645	75.51	792	192	2	108	898	97	887	2e-155	  547
comp126425_c2_seq1	ruditapes_c16356	82.44	558	92	4	1	558	7	558	7e-157	  553
comp126452_c0_seq2	ruditapes_c17359	74.02	689	166	12	985	1671	758	81	6e-109	  394
comp126503_c0_seq1	ruditapes2_c789	77.61	335	73	2	581	914	553	886	2e-68	  259
comp126722_c1_seq1	ruditapes_c13715	75.64	390	95	0	4	393	410	21	1e-73	  275
comp126777_c0_seq1	ruditapes_c15407	74.80	734	181	3	72	802	33	765	3e-135	  480
comp126801_c1_seq1	ruditapes_c10806	73.66	429	112	1	326	754	596	169	4e-69	  260
comp126828_c0_seq1	ruditapes2_c1323	76.43	297	67	1	2119	2415	296	3	5e-56	  219
comp126925_c0_seq2	ruditapes_c29612	73.79	351	92	0	918	1268	355	5	2e-56	  219
comp126953_c0_seq1	ruditapes_c19690	74.36	468	98	16	78	535	6	461	5e-66	  251
comp126958_c0_seq1	ruditapes_c24468	78.50	521	112	0	633	1153	3	523	1e-121	  435
comp126996_c0_seq2	ruditapes_c7765	74.67	304	77	0	503	806	740	437	3e-51	  201
comp127023_c0_seq1	ruditapes_lrc32677	78.10	516	108	4	175	687	529	16	1e-113	  408
comp127108_c0_seq1	ruditapes_lrc34105	84.72	445	60	5	53	495	8	446	1e-135	  480
comp127174_c0_seq1	ruditapes_lrc33063	81.77	620	110	1	446	1062	654	35	3e-173	  607
comp127187_c0_seq1	ruditapes_c14777	75.64	312	73	3	150	460	148	457	8e-54	  210
comp127203_c1_seq2	ruditapes_c7168	73.37	383	100	1	120	502	144	524	4e-59	  228
comp127261_c0_seq2	ruditapes2_c2572	71.99	332	79	5	1524	1851	430	109	1e-41	  170
comp127327_c0_seq1	ruditapes_c30427	76.16	302	72	0	49	350	101	402	2e-57	  221
comp127368_c1_seq1	ruditapes_c10509	75.57	221	54	0	808	1028	535	315	2e-37	  156
comp127392_c0_seq2	ruditapes_lrc33479	69.92	492	118	9	251	720	683	200	1e-52	  206
comp127392_c0_seq3	ruditapes2_c170	70.79	517	131	5	164	663	131	644	3e-65	  248
comp127464_c2_seq1	ruditapes_c29368	79.05	315	56	8	1	314	157	462	2e-64	  244
comp127494_c1_seq1	ruditapes_c7749	82.27	141	25	0	2806	2946	2	142	1e-32	  141
comp127520_c0_seq1	ruditapes2_c4591	83.94	218	35	0	361	578	261	44	1e-61	  235
comp127569_c0_seq2	ruditapes_c6936	71.43	490	111	10	53	519	88	571	2e-60	  233
comp127576_c0_seq1	ruditapes2_c1611	79.17	432	86	4	80	511	125	552	9e-99	  360
comp127584_c0_seq1	ruditapes2_c3369	76.98	995	228	1	253	1246	1168	174	0.0	  762
comp127584_c0_seq2	ruditapes_lrc35732	80.22	359	67	1	253	611	538	184	5e-89	  327
comp127636_c0_seq1	ruditapes_c20657	76.68	386	88	1	463	848	421	38	3e-77	  288
comp127641_c0_seq1	ruditapes2_c554	77.27	176	40	0	1140	1315	192	17	5e-32	  138
comp127688_c0_seq1	ruditapes_c3243	83.88	459	74	0	224	682	610	152	3e-139	  495
comp127710_c1_seq2	ruditapes_c1574	76.13	532	119	4	205	732	742	215	6e-104	  376
comp127716_c0_seq1	ruditapes2_c101	71.19	531	137	9	115	637	88	610	3e-63	  242
comp127801_c0_seq1	ruditapes_lrc35446	70.54	370	97	4	316	684	502	144	2e-41	  168
comp127806_c0_seq3	ruditapes_c10304	77.63	380	85	0	1164	1543	1	380	3e-81	  302
comp128055_c0_seq1	ruditapes_c9464	72.61	387	59	20	1	370	421	65	2e-42	  172
comp128085_c0_seq2	ruditapes2_c2308	74.03	643	149	6	283	917	5	637	9e-110	  396
comp128089_c0_seq1	ruditapes_c8263	73.70	460	116	3	6	463	235	691	1e-73	  275
comp128089_c0_seq2	ruditapes_c209	76.60	188	44	0	300	487	1004	817	2e-33	  141
comp128095_c0_seq1	ruditapes_c22931	74.80	246	28	6	645	857	617	373	2e-41	  170
comp128130_c0_seq1	ruditapes_c9559	70.00	340	98	3	1550	1887	68	405	2e-33	  143
comp128138_c0_seq2	ruditapes2_c446	75.89	224	54	0	339	562	743	966	2e-39	  161
comp128158_c0_seq1	ruditapes_c27363	75.85	207	46	3	614	818	397	193	4e-32	  138
comp128176_c0_seq1	ruditapes_c24995	74.15	530	125	10	223	747	1	523	1e-82	  306
comp128196_c0_seq1	ruditapes2_c609	71.92	317	89	0	70	386	851	535	6e-42	  170
comp128327_c0_seq2	ruditapes2_c71	69.42	726	210	7	160	878	983	263	3e-78	  291
comp128371_c0_seq1	ruditapes_lrc35032	69.02	468	141	2	19	484	20	485	2e-46	  185
comp128371_c0_seq2	ruditapes_c2214	75.00	232	58	0	262	493	339	570	3e-38	  158
comp128490_c0_seq1	ruditapes2_c2501	72.34	282	72	3	872	1150	192	470	3e-35	  149
comp128528_c0_seq2	ruditapes_c5883	73.27	333	71	9	168	491	240	563	1e-43	  176
comp128545_c0_seq1	ruditapes_c30802	69.41	474	135	7	191	659	338	806	6e-47	  187
comp128597_c0_seq1	ruditapes_c29829	73.22	295	78	1	980	1274	357	650	3e-42	  172
comp128642_c0_seq1	ruditapes2_c4071	79.56	181	37	0	210	390	194	14	9e-39	  159
comp128642_c0_seq2	ruditapes2_c47	74.40	332	85	0	210	541	279	610	1e-55	  215
comp128687_c0_seq2	ruditapes_c16036	77.99	677	145	3	245	918	2	677	3e-153	  540
comp128724_c0_seq1	ruditapes_lrc32326	73.54	446	110	4	456	897	449	8	1e-69	  262
comp128736_c0_seq1	ruditapes2_lrc2615	79.67	428	84	1	103	527	430	3	6e-104	  378
comp128765_c0_seq1	ruditapes_c14905	81.93	841	152	0	1855	2695	1058	218	0.0	  834
comp128783_c0_seq1	ruditapes_c26405	82.04	167	25	4	102	266	167	4	6e-37	  152
comp128788_c0_seq2	ruditapes_c12660	80.26	304	58	2	213	516	153	454	2e-72	  271
comp128811_c0_seq2	ruditapes_c6924	75.55	274	67	0	697	970	438	165	2e-48	  192
comp128815_c0_seq1	ruditapes_c3359	69.72	720	209	6	48	763	69	783	6e-80	  297
comp128874_c0_seq2	ruditapes_c7437	72.53	324	85	2	200	521	595	274	2e-44	  178
comp128898_c0_seq1	ruditapes_c9908	73.70	441	110	2	561	998	6	443	1e-71	  269
comp128902_c0_seq1	ruditapes_c14573	80.53	226	44	0	1	226	279	54	3e-54	  210
comp128921_c0_seq1	ruditapes_c632	82.74	197	33	1	31	227	9	204	1e-50	  199
comp128938_c0_seq1	ruditapes_c51	73.16	272	73	0	27	298	88	359	4e-39	  161
comp128943_c2_seq1	ruditapes_c22068	80.31	254	46	3	1	254	32	281	5e-58	  223
comp128957_c0_seq1	ruditapes_c14221	80.34	417	80	2	754	1169	478	63	1e-103	  376
comp129056_c0_seq2	ruditapes_c10377	80.15	267	52	1	1289	1555	1	266	3e-62	  239
comp129064_c0_seq1	ruditapes2_c589	78.07	985	193	10	917	1900	1023	61	0.0	  778
comp129093_c0_seq1	ruditapes2_lrc2999	85.45	213	31	0	1	213	283	71	2e-65	  246
comp129116_c1_seq4	ruditapes2_c3057	77.81	302	67	0	206	507	751	450	4e-64	  244
comp129131_c0_seq1	ruditapes_c15108	70.85	446	118	6	72	509	67	508	9e-52	  203
comp129133_c0_seq1	ruditapes_c7399	72.28	606	128	11	601	1188	1	584	7e-89	  327
comp129140_c0_seq1	ruditapes_c26614	73.58	246	63	1	548	791	302	57	2e-35	  149
comp129164_c0_seq1	ruditapes_c3439	66.71	754	246	3	719	1471	763	14	5e-58	  224
comp129206_c0_seq1	ruditapes2_c2779	68.50	381	118	2	108	487	415	36	1e-32	  140
comp129221_c0_seq1	ruditapes_c11694	75.18	278	67	1	273	550	33	308	3e-47	  188
comp129258_c0_seq1	ruditapes_c31240	70.54	336	97	2	803	1137	86	420	2e-36	  152
comp129265_c0_seq1	ruditapes_c5346	72.94	388	102	1	361	748	449	65	3e-58	  224
comp129267_c0_seq1	ruditapes2_lrc3157	77.11	865	197	1	518	1382	1	864	0.0	  668
comp129272_c0_seq2	ruditapes2_c3066	76.97	304	70	0	22	325	24	327	5e-61	  233
comp129323_c0_seq1	ruditapes_c18768	76.61	744	159	9	416	1153	6	740	3e-156	  551
comp129328_c0_seq1	ruditapes2_c504	68.82	542	156	7	112	645	35	571	1e-49	  196
comp129345_c0_seq1	ruditapes2_c2079	79.06	831	168	2	1	828	6	833	0.0	  711
comp129354_c0_seq1	ruditapes2_c224	78.45	362	75	1	80	441	83	441	3e-81	  300
comp129397_c0_seq1	ruditapes2_c2107	68.09	705	213	8	15	716	1151	456	2e-60	  232
comp129495_c3_seq1	ruditapes_c7207	81.44	167	31	0	1	167	369	535	2e-39	  161
comp129537_c0_seq1	ruditapes_c25615	78.91	256	54	0	488	743	530	785	1e-56	  219
comp129562_c0_seq1	ruditapes2_c2978	78.08	406	87	2	56	461	411	8	3e-88	  324
comp129589_c0_seq1	ruditapes_c24537	72.43	370	101	1	679	1048	380	12	5e-52	  205
comp129592_c0_seq1	ruditapes_c13475	78.34	457	95	2	806	1262	667	215	2e-102	  372
comp129676_c0_seq2	ruditapes_c27124	73.42	380	95	6	243	622	71	444	2e-53	  208
comp129721_c0_seq2	ruditapes_c23951	72.56	532	141	4	342	869	550	20	9e-78	  289
comp129765_c0_seq1	ruditapes_c16257	79.75	158	32	0	655	812	556	399	3e-33	  141
comp129785_c0_seq2	ruditapes_c29297	76.11	293	67	2	207	496	698	406	2e-53	  208
comp129846_c1_seq2	ruditapes_c12555	75.16	306	76	0	48	353	24	329	7e-54	  210
comp129897_c0_seq1	ruditapes2_c2914	70.52	329	92	5	445	772	355	679	4e-32	  138
comp129898_c0_seq1	ruditapes_c23666	67.40	549	172	5	723	1269	587	44	3e-41	  168
comp129951_c1_seq2	ruditapes2_c1712	72.29	480	119	7	462	936	161	631	3e-65	  248
comp130019_c0_seq4	ruditapes2_c3002	70.54	706	190	10	750	1447	37	732	6e-83	  307
comp130037_c0_seq1	ruditapes_c24367	83.69	141	23	0	688	828	1	141	6e-36	  150
comp130067_c0_seq6	ruditapes_c769	73.12	372	95	3	112	479	53	423	3e-54	  212
comp130070_c0_seq9	ruditapes_c23837	76.50	217	41	7	1	209	172	386	2e-32	  140
comp130119_c0_seq3	ruditapes_c7987	67.93	580	169	9	96	667	76	646	8e-46	  183
comp130136_c0_seq1	ruditapes2_c281	68.74	435	122	8	65	493	1033	607	2e-35	  149
comp130138_c0_seq1	ruditapes_c28872	70.20	614	175	7	99	709	54	662	1e-68	  259
comp130168_c0_seq1	ruditapes2_c380	73.59	462	120	2	365	826	768	309	6e-74	  277
comp130201_c0_seq1	ruditapes_c12533	82.80	186	32	0	106	291	187	2	9e-49	  192
comp130245_c0_seq1	ruditapes2_c1561	74.11	448	114	2	756	1202	528	82	2e-74	  279
comp130371_c1_seq1	ruditapes_c12803	79.48	814	162	4	1	812	36	846	0.0	  704
comp130371_c2_seq1	ruditapes_c25365	78.29	304	62	4	127	427	61	363	2e-62	  237
comp130372_c0_seq1	ruditapes_c10828	77.00	661	144	6	491	1150	735	82	2e-137	  488
comp130401_c0_seq2	ruditapes_c23704	66.56	610	199	3	329	935	64	671	1e-46	  187
comp130412_c0_seq2	ruditapes_c22271	79.06	191	37	1	1104	1291	228	38	1e-39	  163
comp130414_c0_seq1	ruditapes_c11533	80.15	519	97	6	717	1233	584	70	6e-126	  450
comp130421_c0_seq1	ruditapes_c13509	77.27	176	40	0	1411	1586	4	179	8e-32	  138
comp130423_c0_seq1	ruditapes_c3897	69.42	327	100	0	250	576	329	3	1e-32	  140
comp130433_c1_seq2	ruditapes_c11231	72.41	424	117	0	133	556	2	425	5e-62	  237
comp130463_c0_seq1	ruditapes_c10878	79.31	203	42	0	1381	1583	1	203	8e-44	  178
comp130485_c0_seq2	ruditapes_c25511	72.83	357	87	7	135	489	435	87	3e-46	  185
comp130517_c0_seq1	ruditapes_c29808	70.62	480	134	5	34	511	146	620	1e-55	  215
comp130527_c0_seq2	ruditapes_c6496	78.43	459	99	0	1	459	511	53	5e-115	  412
comp130529_c0_seq1	ruditapes_c4044	76.55	772	170	4	400	1166	1014	249	3e-162	  571
comp130529_c0_seq2	ruditapes_lrc33876	70.28	434	122	5	39	469	623	194	2e-46	  185
comp130607_c4_seq1	ruditapes_c17550	77.33	375	85	0	42	416	5	379	2e-81	  300
comp130646_c0_seq3	ruditapes_c1431	67.26	614	188	7	180	787	1	607	4e-45	  181
comp130656_c0_seq1	ruditapes2_c1785	75.86	203	49	0	177	379	204	406	1e-34	  145
comp130662_c2_seq2	ruditapes_c9858	76.63	398	80	9	238	634	369	754	2e-71	  269
comp130679_c0_seq1	ruditapes_c8398	80.42	332	65	0	1043	1374	333	2	2e-82	  306
comp130735_c1_seq2	ruditapes_c17896	74.71	431	107	2	177	607	466	38	2e-74	  279
comp130737_c0_seq1	ruditapes_c24494	73.28	393	104	1	1009	1401	1	392	4e-60	  232
comp130747_c0_seq2	ruditapes_c27470	77.30	185	35	3	186	370	529	352	2e-32	  138
comp130760_c0_seq1	ruditapes2_c3333	83.14	439	74	0	761	1199	452	14	1e-128	  459
comp130764_c0_seq1	ruditapes_c23836	73.24	340	87	4	500	839	425	90	3e-47	  188
comp130800_c0_seq1	ruditapes_c20627	72.41	261	72	0	374	634	423	163	6e-35	  147
comp130803_c0_seq1	ruditapes2_lrc2999	86.36	264	36	0	1	264	65	328	6e-86	  315
comp130803_c0_seq4	ruditapes2_c1404	91.45	117	10	0	1	117	250	366	1e-41	  167
comp130811_c0_seq1	ruditapes2_c2816	74.27	855	209	4	702	1552	973	126	2e-153	  542
comp130846_c0_seq1	ruditapes_c13005	68.28	621	176	13	13	622	1	611	1e-48	  194
comp130854_c0_seq1	ruditapes_c12653	72.80	353	88	8	214	564	640	294	3e-44	  178
comp130910_c0_seq1	ruditapes2_lrc3101	80.49	1025	198	2	100	1124	30	1052	0.0	  940
comp130923_c0_seq1	ruditapes2_c3508	81.99	622	110	2	716	1337	14	633	4e-174	  610
comp130958_c0_seq1	ruditapes2_lrc4700	83.11	219	37	0	420	638	1	219	4e-59	  228
comp130965_c0_seq1	ruditapes2_c474	81.16	292	53	1	52	341	36	327	8e-74	  277
comp130972_c0_seq1	ruditapes_c399	72.45	294	73	5	282	571	404	115	4e-36	  150
comp130992_c0_seq1	ruditapes_lrc29067	81.86	452	82	0	38	489	61	512	7e-125	  446
comp130992_c0_seq2	ruditapes_lrc37613	81.28	422	79	0	38	459	62	483	2e-112	  405
comp131030_c0_seq3	ruditapes_c13312	71.51	337	74	6	284	599	508	173	4e-41	  168
comp131052_c1_seq1	ruditapes_c8987	80.51	544	102	4	298	841	1	540	7e-138	  489
comp131053_c0_seq2	ruditapes_c20573	72.42	359	99	0	935	1293	387	29	5e-51	  201
comp131059_c0_seq1	ruditapes_c22498	71.47	389	107	4	26	414	62	446	2e-47	  188
comp131087_c0_seq1	ruditapes_c14704	78.49	279	59	1	118	395	113	391	5e-60	  230
comp131113_c4_seq1	ruditapes_c4169	73.99	542	129	4	607	1142	619	84	3e-91	  334
comp131116_c0_seq1	ruditapes_c2098	82.84	437	75	0	121	557	135	571	8e-126	  450
comp131167_c0_seq4	ruditapes2_c697	84.20	367	56	2	23	389	31	395	4e-109	  394
comp131223_c0_seq1	ruditapes_c1595	75.59	254	62	0	79	332	854	601	1e-44	  179
comp131256_c0_seq1	ruditapes_c12256	79.85	268	54	0	477	744	268	1	5e-63	  241
comp131312_c0_seq1	ruditapes2_c1414	67.13	1211	351	23	195	1385	1194	11	2e-89	  329
comp131385_c0_seq3	ruditapes_c12385	74.85	330	83	0	66	395	391	62	2e-57	  221
comp131415_c0_seq1	ruditapes_c27542	75.07	345	85	1	71	415	629	286	2e-60	  232
comp131492_c0_seq3	ruditapes_c17348	74.89	685	168	4	201	884	146	827	6e-127	  453
comp131542_c0_seq1	ruditapes_c9838	73.71	563	142	3	326	884	584	24	5e-93	  340
comp131570_c2_seq1	ruditapes2_c97	76.01	596	143	0	3	598	626	1221	7e-121	  432
comp131570_c3_seq1	ruditapes_c25365	73.97	242	62	1	1	241	116	357	5e-36	  149
comp131608_c0_seq2	ruditapes_c10494	73.02	504	128	4	313	812	791	292	2e-76	  286
comp131646_c0_seq1	ruditapes2_c2041	79.32	266	48	4	1	266	589	847	4e-57	  221
comp131651_c2_seq1	ruditapes_c10834	75.79	442	104	3	230	670	1	440	3e-82	  304
comp131660_c0_seq1	ruditapes_c21602	78.07	561	121	2	746	1304	589	29	1e-127	  455
comp131669_c0_seq1	ruditapes_c26359	77.18	241	53	2	134	373	216	455	3e-45	  181
comp131671_c0_seq6	ruditapes_c922	70.19	463	130	5	543	1004	456	1	6e-50	  197
comp131708_c0_seq2	ruditapes_c8626	70.37	432	126	2	250	680	990	560	2e-52	  205
comp131711_c0_seq1	ruditapes_c5910	82.74	423	71	1	715	1135	485	63	1e-120	  432
comp131711_c0_seq2	ruditapes_c3243	84.05	464	73	1	459	922	148	610	3e-141	  500
comp131711_c0_seq3	ruditapes_c2436	85.30	449	66	0	27	475	547	99	2e-145	  513
comp131726_c0_seq1	ruditapes2_c4295	76.84	898	207	1	1016	1913	945	49	0.0	  679
comp131808_c0_seq1	ruditapes2_c2247	77.15	582	132	1	259	839	8	589	2e-126	  452
comp131954_c0_seq1	ruditapes2_c3334	77.70	982	211	5	39	1019	1	975	0.0	  769
comp131955_c0_seq1	ruditapes_c15383	76.89	264	61	0	668	931	6	269	5e-51	  201
comp132010_c0_seq1	ruditapes_c10612	73.66	486	107	7	80	558	472	1	4e-77	  288
comp132045_c0_seq1	ruditapes_c1110	71.03	611	169	4	295	901	169	775	1e-78	  293
comp132077_c0_seq1	ruditapes_c18713	71.90	427	113	3	908	1334	442	23	2e-57	  223
comp132079_c1_seq1	ruditapes2_lrc5037	83.33	282	47	0	448	729	368	649	6e-80	  297
comp132079_c1_seq3	ruditapes2_c439	88.24	289	33	1	235	522	310	22	9e-101	  365
comp132079_c1_seq4	ruditapes_lrc23687	81.14	281	53	0	448	728	324	44	3e-71	  268
comp132079_c1_seq5	ruditapes2_c918	81.20	266	48	2	234	499	208	471	2e-65	  248
comp132079_c1_seq6	ruditapes_c6356	80.36	275	54	0	310	584	356	82	5e-67	  253
comp132079_c1_seq8	ruditapes2_lrc5786	80.53	262	44	7	136	397	387	133	3e-56	  217
comp132079_c1_seq9	ruditapes_c2562	81.45	275	51	0	135	409	347	73	5e-71	  266
comp132141_c1_seq1	ruditapes_c24746	70.18	389	115	1	105	493	12	399	1e-43	  176
comp132147_c1_seq2	ruditapes_c7508	78.84	189	40	0	304	492	666	478	2e-39	  161
comp132161_c0_seq1	ruditapes2_c959	81.88	160	23	4	8	161	945	786	2e-34	  145
comp132185_c0_seq2	ruditapes_lrc32425	69.21	432	129	2	166	595	170	599	4e-43	  174
comp132203_c1_seq2	ruditapes_c9940	81.15	191	36	0	185	375	78	268	8e-46	  183
comp132209_c0_seq2	ruditapes_c846	79.90	1045	204	2	1605	2649	1105	67	0.0	  935
comp132248_c0_seq1	ruditapes2_c2161	80.28	720	142	0	348	1067	552	1271	0.0	  668
comp132285_c0_seq1	ruditapes_c16191	76.38	470	86	7	156	616	345	798	4e-92	  338
comp132299_c0_seq2	ruditapes_c20921	80.00	190	36	2	953	1142	467	280	4e-40	  165
comp132305_c0_seq1	ruditapes_c20719	86.01	193	27	0	600	792	200	8	1e-58	  226
comp132305_c0_seq2	ruditapes2_c482	80.84	454	83	4	466	918	562	112	1e-114	  412
comp132314_c0_seq1	ruditapes_c452	72.42	707	192	3	74	778	81	786	7e-107	  387
comp132317_c0_seq1	ruditapes2_c18	77.14	245	29	12	1741	1967	155	390	3e-38	  159
comp132338_c0_seq1	ruditapes_c767	76.72	597	131	3	64	653	55	650	2e-124	  444
comp132366_c0_seq1	ruditapes_c24293	74.81	516	129	1	151	665	113	628	4e-97	  354
comp132389_c0_seq1	ruditapes_c18906	71.94	449	120	4	440	886	445	1	9e-60	  230
comp132428_c0_seq2	ruditapes_c16832	80.63	315	61	0	314	628	368	54	1e-79	  295
comp132461_c0_seq1	ruditapes_c17998	73.62	436	113	2	536	971	33	466	8e-69	  260
comp132473_c0_seq2	ruditapes_c26461	76.80	319	64	7	89	404	349	38	3e-56	  219
comp132541_c0_seq1	ruditapes_c7367	72.44	624	170	2	161	783	27	649	5e-94	  343
comp132558_c3_seq1	ruditapes_lrc36926	73.93	257	67	0	1	257	420	164	3e-39	  161
comp132565_c0_seq1	ruditapes2_c186	70.23	477	123	11	120	585	3	471	2e-47	  188
comp132566_c0_seq1	ruditapes2_c3942	81.11	360	60	3	154	506	636	278	7e-92	  336
comp132567_c0_seq1	ruditapes_c19330	73.04	497	124	5	742	1235	544	55	2e-74	  279
comp132584_c0_seq3	ruditapes2_c1356	77.03	1049	213	22	1327	2367	1029	1	0.0	  733
comp132584_c0_seq4	ruditapes2_c24	78.77	1088	214	13	1327	2408	1078	2	0.0	  877
comp132584_c0_seq5	ruditapes2_lrc4150	78.84	293	57	4	1327	1619	493	780	4e-61	  235
comp132584_c0_seq6	ruditapes_c6739	73.46	358	61	20	2201	2530	353	2	1e-37	  158
comp132624_c0_seq2	ruditapes2_c1627	70.35	489	141	4	638	1126	623	139	7e-55	  214
comp132731_c0_seq1	ruditapes2_lrc3671	76.36	571	133	2	75	645	734	166	4e-115	  414
comp132759_c0_seq1	ruditapes_c9001	79.54	567	116	0	833	1399	692	126	8e-144	  509
comp132777_c0_seq9	ruditapes2_c1920	79.23	568	105	11	170	736	6	561	2e-127	  455
comp132778_c0_seq1	ruditapes_c10561	87.60	121	5	3	5	116	575	456	4e-35	  147
comp132798_c0_seq1	ruditapes2_c1824	71.96	624	159	10	50	669	3	614	8e-83	  306
comp132831_c0_seq1	ruditapes_c14899	82.68	687	102	14	1231	1908	5	683	0.0	  655
comp132889_c0_seq2	ruditapes_c17103	75.18	564	126	4	446	1009	556	7	3e-105	  381
comp132921_c0_seq1	ruditapes2_c272	85.37	164	24	0	50	213	340	503	1e-47	  188
comp132922_c0_seq2	ruditapes_c11809	73.70	346	91	0	215	560	346	1	7e-55	  214
comp132936_c0_seq1	ruditapes_lrc35703	72.57	412	109	4	24	433	6	415	1e-56	  219
comp132997_c0_seq2	ruditapes_c26657	77.43	421	80	10	805	1216	486	72	2e-81	  302
comp133021_c0_seq3	ruditapes_c15181	72.70	304	83	0	694	997	1	304	1e-42	  174
comp133030_c1_seq1	ruditapes_c25138	79.75	405	81	1	335	739	709	306	2e-98	  358
comp133032_c0_seq2	ruditapes_c8716	76.52	328	71	2	69	393	370	46	2e-63	  241
comp133033_c0_seq1	ruditapes_c8101	76.46	841	186	9	417	1250	887	52	2e-170	  598
comp133082_c0_seq1	ruditapes_c11052	75.18	419	87	8	1940	2352	1	408	3e-70	  266
comp133088_c0_seq2	ruditapes_c7738	76.71	249	56	1	68	316	264	18	4e-46	  185
comp133090_c0_seq2	ruditapes_c8217	67.65	779	242	7	437	1210	802	29	1e-64	  246
comp133111_c0_seq1	ruditapes2_c379	78.54	466	99	1	164	629	136	600	7e-107	  387
comp133146_c0_seq1	ruditapes_c22183	76.34	372	80	3	93	458	113	482	3e-71	  268
comp133150_c0_seq1	ruditapes_c23902	66.91	544	167	10	239	776	684	148	2e-33	  143
comp133157_c0_seq1	ruditapes_c7895	70.83	336	98	0	991	1326	443	108	4e-40	  165
comp133192_c0_seq1	ruditapes_c16497	69.80	490	137	5	605	1085	604	117	6e-55	  214
comp133232_c0_seq1	ruditapes_c30224	74.36	589	124	10	411	989	576	5	2e-99	  361
comp133257_c0_seq1	ruditapes_lrc35529	70.21	809	214	14	87	887	826	37	2e-91	  334
comp133257_c0_seq2	ruditapes2_c1190	78.96	347	70	1	87	433	721	378	2e-79	  295
comp133269_c0_seq2	ruditapes_c10844	73.04	497	116	7	2395	2885	657	173	4e-75	  282
comp133336_c0_seq1	ruditapes_lrc32168	77.96	490	104	3	461	948	525	38	5e-107	  387
comp133336_c0_seq2	ruditapes_lrc25599	78.70	493	97	2	746	1234	550	62	4e-115	  414
comp133336_c0_seq3	ruditapes2_lrc3825	76.97	495	114	0	725	1219	592	98	7e-106	  383
comp133339_c0_seq1	ruditapes2_c1101	75.81	277	65	2	107	383	362	88	5e-48	  190
comp133347_c0_seq1	ruditapes_c3838	79.62	211	43	0	122	332	58	268	6e-47	  187
comp133351_c0_seq1	ruditapes_lrc28735	69.88	800	230	9	384	1178	880	87	1e-89	  329
comp133396_c1_seq1	ruditapes2_c969	95.60	91	1	2	2	90	384	295	1e-32	  140
comp133397_c0_seq5	ruditapes_c28732	72.41	540	129	7	1343	1881	741	221	2e-77	  289
comp133410_c0_seq1	ruditapes2_c693	76.73	361	84	0	477	837	511	151	6e-73	  273
comp133421_c0_seq1	ruditapes2_c1310	71.18	347	100	0	236	582	333	679	2e-43	  176
comp133426_c0_seq3	ruditapes_c3894	76.70	412	91	3	666	1074	438	29	2e-81	  302
comp133443_c0_seq2	ruditapes_c16063	70.55	506	135	6	62	565	500	7	1e-58	  226
comp133443_c0_seq3	ruditapes_c93	67.97	665	181	9	528	1173	675	24	3e-59	  228
comp133452_c0_seq1	ruditapes2_c1446	73.96	457	116	3	277	732	638	184	5e-74	  277
comp133529_c0_seq1	ruditapes2_c813	78.95	171	34	2	57	226	4	173	7e-33	  140
comp133552_c0_seq1	ruditapes2_c427	76.65	865	187	4	2224	3085	1	853	0.0	  652
comp133570_c0_seq1	ruditapes_c17940	74.52	361	90	2	19	379	54	412	2e-59	  230
comp133573_c1_seq4	ruditapes_c26285	75.63	279	67	1	95	372	283	5	1e-48	  194
comp133595_c0_seq1	ruditapes_c21770	73.24	370	95	2	1052	1421	10	375	3e-55	  215
comp133621_c0_seq1	ruditapes_c11967	77.80	473	102	2	140	612	472	3	6e-103	  374
comp133634_c0_seq1	ruditapes_c22651	80.43	281	50	3	1451	1730	351	75	2e-65	  250
comp133635_c0_seq1	ruditapes2_c1060	81.01	337	45	6	71	389	378	713	3e-84	  311
comp133636_c0_seq1	ruditapes_c25303	78.57	196	42	0	352	547	17	212	4e-40	  165
comp133655_c2_seq1	ruditapes_c703	93.37	890	39	4	20	908	871	1	0.0	 1339
comp133683_c0_seq2	ruditapes_c21963	78.90	218	43	3	1696	1912	346	131	3e-43	  176
comp133687_c0_seq1	ruditapes_c13481	82.93	416	69	1	101	514	426	11	5e-119	  428
comp133709_c0_seq1	ruditapes2_c2226	80.69	492	94	1	942	1432	3	494	2e-127	  455
comp133719_c0_seq1	ruditapes_c19557	74.74	289	69	4	223	510	286	1	3e-44	  178
comp133765_c0_seq1	ruditapes_c29908	81.48	270	48	2	2	269	282	551	2e-67	  255
comp133830_c2_seq2	ruditapes_c23317	79.03	434	89	2	355	788	434	3	6e-101	  367
comp133831_c0_seq1	ruditapes_c9955	69.49	413	117	9	167	576	480	74	3e-34	  145
comp133866_c0_seq3	ruditapes_c14081	84.32	185	29	0	689	873	251	67	1e-51	  203
comp133896_c0_seq1	ruditapes_lrc35922	72.58	383	88	6	126	501	78	450	8e-53	  206
comp133896_c0_seq2	ruditapes_lrc33975	71.35	384	86	12	126	501	63	430	2e-40	  165
comp133904_c2_seq1	ruditapes_c14820	85.04	127	18	1	153	279	406	281	3e-33	  140
comp133912_c0_seq1	ruditapes_c25507	75.94	212	46	4	166	374	169	378	1e-32	  140
comp133916_c0_seq1	ruditapes2_c1843	72.62	409	103	7	237	640	282	686	9e-54	  210
comp133926_c0_seq1	ruditapes_c10223	82.99	294	50	0	221	514	294	1	1e-82	  306
comp133944_c0_seq1	ruditapes_c18013	73.67	562	124	11	752	1297	648	95	3e-86	  318
comp133947_c0_seq1	ruditapes2_c1677	74.81	528	126	3	659	1182	525	1	3e-94	  345
comp133957_c0_seq1	ruditapes_c919	80.26	770	149	1	100	866	68	837	0.0	  702
comp134011_c0_seq1	ruditapes2_c2896	65.34	730	228	10	55	771	45	762	3e-38	  159
comp134037_c0_seq2	ruditapes_c7257	80.27	375	73	1	48	422	81	454	9e-93	  340
comp134038_c0_seq1	ruditapes_c27275	77.61	402	89	1	962	1362	483	82	2e-85	  316
comp134048_c5_seq6	ruditapes_c9861	78.99	457	91	3	5	460	25	477	1e-105	  383
comp134105_c0_seq1	ruditapes_c16476	73.31	266	63	3	242	500	288	24	1e-36	  154
comp134114_c0_seq1	ruditapes_c14217	70.79	534	153	3	559	1092	537	7	1e-65	  250
comp134123_c0_seq1	ruditapes_c25021	73.10	316	85	0	1	316	54	369	4e-47	  187
comp134184_c0_seq1	ruditapes_c28538	68.11	530	129	14	442	949	823	312	1e-40	  167
comp134185_c0_seq2	ruditapes_c19402	70.93	344	87	10	578	912	356	17	5e-32	  138
comp134193_c0_seq1	ruditapes2_c791	69.21	445	127	8	66	505	206	645	5e-38	  158
comp134215_c0_seq2	ruditapes2_c1747	74.16	658	150	12	119	771	39	681	1e-106	  385
comp134276_c0_seq1	ruditapes_c4090	80.88	659	120	6	235	890	5	660	6e-171	  600
comp134317_c0_seq1	ruditapes_c25769	70.72	362	96	4	1043	1399	854	498	1e-40	  167
comp134318_c0_seq4	ruditapes_c24061	76.55	371	83	3	1721	2091	427	61	8e-71	  268
comp134333_c0_seq1	ruditapes_c8003	75.86	319	75	2	313	630	441	124	2e-58	  224
comp134387_c0_seq1	ruditapes_c3399	82.36	567	100	0	24	590	20	586	5e-163	  572
comp134400_c0_seq4	ruditapes_c27296	81.82	275	50	0	292	566	3	277	4e-72	  271
comp134432_c0_seq1	ruditapes_c7970	73.85	455	119	0	882	1336	8	462	6e-76	  284
comp134483_c0_seq1	ruditapes_c2436	82.74	452	78	0	76	527	96	547	2e-130	  464
comp134489_c1_seq2	ruditapes_lrc32388	67.13	867	262	12	93	948	1068	214	2e-66	  251
comp134566_c0_seq1	ruditapes_c17189	74.19	465	114	6	88	552	634	176	4e-74	  277
comp134566_c1_seq1	ruditapes_c8743	76.21	248	58	1	4	250	162	409	2e-44	  178
comp134593_c0_seq1	ruditapes_c11694	78.80	585	120	4	372	956	594	14	2e-135	  482
comp134611_c0_seq3	ruditapes_c27351	74.44	356	77	10	419	770	1	346	2e-50	  199
comp134625_c0_seq2	ruditapes2_c1362	79.62	476	89	5	903	1370	2	477	2e-115	  416
comp134670_c0_seq1	ruditapes_c8475	69.08	346	102	2	676	1019	74	416	4e-32	  138
comp134683_c0_seq1	ruditapes_c9946	70.24	457	116	8	371	812	2	453	8e-49	  194
comp134706_c0_seq1	ruditapes_c12546	77.81	311	66	3	25	334	314	6	6e-63	  241
comp134717_c0_seq1	ruditapes_c14289	76.82	673	135	10	53	717	42	701	4e-136	  484
comp134722_c0_seq2	ruditapes_c7332	79.01	567	118	1	682	1247	599	33	3e-136	  484
comp134749_c0_seq1	ruditapes2_c1800	80.45	793	146	6	27	819	1240	457	0.0	  713
comp134772_c0_seq2	ruditapes_c5996	76.71	687	159	1	566	1252	811	126	2e-145	  515
comp134776_c0_seq1	ruditapes2_c3331	82.07	764	136	1	829	1592	772	10	0.0	  758
comp134807_c0_seq2	ruditapes_c9446	77.91	335	74	0	581	915	1	335	6e-72	  271
comp134819_c0_seq1	ruditapes_c10790	75.70	428	104	0	1149	1576	516	89	8e-82	  304
comp134820_c0_seq2	ruditapes_c25450	72.17	460	102	8	464	916	441	1	1e-62	  241
comp134870_c0_seq10	ruditapes2_c1814	80.32	315	61	1	108	422	314	1	1e-76	  286
comp134898_c0_seq1	ruditapes_c1797	77.14	420	88	2	1582	1997	444	29	1e-87	  324
comp134910_c1_seq1	ruditapes_c2743	86.54	691	87	4	293	980	688	1	0.0	  814
comp134910_c1_seq2	ruditapes2_c4168	85.65	669	96	0	320	988	1386	718	0.0	  776
comp134910_c1_seq4	ruditapes_lrc35676	89.45	417	44	0	197	613	417	1	9e-158	  554
comp134910_c1_seq5	ruditapes2_lrc3255	88.27	682	80	0	225	906	880	199	0.0	  870
comp134910_c1_seq6	ruditapes_lrc27733	88.18	296	32	3	409	704	295	3	1e-100	  365
comp134910_c1_seq7	ruditapes_lrc16569	90.98	122	10	1	360	480	338	217	6e-41	  167
comp134951_c0_seq1	ruditapes2_c1190	68.86	729	208	10	156	875	3	721	6e-70	  264
comp135019_c0_seq1	ruditapes_c12273	76.26	358	80	4	842	1197	435	81	1e-65	  250
comp135023_c1_seq1	ruditapes2_c3397	80.97	620	117	1	512	1131	8	626	2e-166	  585
comp135036_c0_seq1	ruditapes2_c703	69.09	508	156	1	824	1330	509	2	6e-52	  205
comp135036_c1_seq1	ruditapes2_c200	80.78	489	94	0	256	744	511	23	7e-129	  459
comp135072_c0_seq4	ruditapes_c16356	72.42	504	131	5	535	1035	1	499	4e-71	  268
comp135078_c0_seq1	ruditapes_c29727	73.92	372	93	4	765	1133	198	568	3e-56	  219
comp135100_c2_seq1	ruditapes_c13810	70.80	339	94	4	165	499	341	4	2e-36	  152
comp135112_c0_seq1	ruditapes_c8999	68.93	354	102	3	557	909	487	833	3e-31	  136
comp135114_c0_seq1	ruditapes2_c1553	67.33	955	275	16	647	1583	6	941	1e-73	  277
comp135132_c0_seq1	ruditapes_c10269	73.01	452	111	5	335	779	3	450	1e-66	  253
comp135186_c0_seq1	ruditapes_c18745	78.77	358	74	2	22	379	33	388	9e-80	  297
comp135196_c1_seq2	ruditapes_c18175	76.34	355	77	5	25	377	124	473	5e-65	  246
comp135205_c0_seq1	ruditapes_c15631	80.61	624	112	6	8	626	6	625	7e-160	  562
comp135206_c0_seq1	ruditapes_lrc17467	83.59	323	53	0	2050	2372	432	110	1e-93	  343
comp135217_c0_seq1	ruditapes_c23934	77.45	306	69	0	1077	1382	7	312	6e-63	  241
comp135234_c0_seq1	ruditapes_c30992	73.68	551	135	8	433	977	652	106	7e-86	  316
comp135234_c0_seq2	ruditapes2_c212	72.41	482	133	0	1	482	110	591	8e-72	  269
comp135235_c1_seq7	ruditapes_c18624	71.91	808	215	7	87	888	1	802	1e-115	  416
comp135248_c0_seq3	ruditapes_c26884	77.72	377	80	3	300	676	3	375	2e-78	  291
comp135262_c0_seq2	ruditapes_c29823	80.28	218	30	7	610	822	486	277	2e-44	  179
comp135264_c0_seq1	ruditapes_c27564	71.81	337	87	6	682	1016	97	427	2e-38	  159
comp135317_c0_seq1	ruditapes_c16800	75.43	293	69	3	2246	2536	337	46	2e-48	  194
comp135330_c0_seq1	ruditapes2_c3923	74.51	306	76	2	1131	1435	320	16	8e-49	  194
comp135381_c0_seq1	ruditapes2_c577	79.09	942	192	5	252	1191	962	24	0.0	  792
comp135385_c0_seq1	ruditapes_c11970	79.43	423	87	0	553	975	1	423	5e-102	  370
comp135394_c2_seq3	ruditapes_c20565	75.64	275	62	3	635	909	469	200	3e-46	  185
comp135464_c0_seq2	ruditapes_c24366	79.44	214	43	1	472	684	229	16	8e-46	  185
comp135471_c0_seq2	ruditapes_c36522	81.25	176	33	0	481	656	176	1	7e-41	  168
comp135512_c0_seq7	ruditapes_c31443	68.27	583	167	12	66	638	56	630	5e-46	  185
comp135523_c0_seq2	ruditapes_c9410	73.38	601	157	3	512	1111	395	993	1e-96	  352
comp135581_c0_seq1	ruditapes_c12763	70.57	350	97	5	821	1168	43	388	7e-36	  150
comp135611_c1_seq1	ruditapes_c14976	72.19	453	124	2	180	631	501	50	8e-64	  242
comp135617_c0_seq1	ruditapes_c13481	71.27	275	77	1	150	422	288	14	8e-32	  138
comp135655_c0_seq1	ruditapes_c28391	74.13	460	107	6	816	1272	5	455	9e-74	  277
comp135662_c0_seq1	ruditapes2_c1590	80.75	374	72	0	779	1152	555	182	4e-96	  351
comp135669_c0_seq1	ruditapes_c21779	73.57	227	59	1	357	583	430	655	1e-31	  136
comp135825_c0_seq5	ruditapes_c20217	72.21	349	92	5	84	430	107	452	7e-43	  174
comp135847_c0_seq6	ruditapes2_c426	72.36	416	105	3	811	1226	648	243	3e-59	  228
comp135849_c0_seq1	ruditapes_c5351	72.87	258	60	5	887	1137	12	266	3e-31	  136
comp135870_c1_seq1	ruditapes_c22270	78.93	318	64	3	1	318	189	503	6e-69	  260
