comp100108_c1_seq1	ruditapes_c24094	71.38	318	86	4	786	1103	6	318	7e-36	  150
comp100174_c1_seq1	ruditapes_c15835	84.87	238	35	1	8	244	654	417	9e-71	  264
comp100298_c0_seq1	ruditapes_c23704	64.50	507	153	11	16	505	228	724	9e-19	93.3
comp100523_c0_seq1	ruditapes_c11402	65.75	400	120	7	17	413	40	425	3e-17	87.8
comp100599_c0_seq1	ruditapes_c9154	85.71	77	11	0	1	77	391	315	5e-18	89.7
comp100759_c1_seq1	ruditapes_c25669	67.84	370	97	11	96	457	471	116	1e-21	  102
comp101114_c0_seq1	ruditapes_c30186	71.21	198	56	1	50	247	619	423	4e-20	96.9
comp101242_c0_seq1	ruditapes_c21092	65.20	342	114	3	49	387	407	68	2e-12	71.6
comp101296_c1_seq2	ruditapes_c22482	74.74	285	69	3	1	284	284	2	8e-45	  179
comp101356_c0_seq1	ruditapes_c26999	77.51	409	87	5	930	1338	12	415	3e-82	  306
comp101949_c0_seq1	ruditapes_c9781	73.19	235	63	0	70	304	736	502	5e-33	  140
comp102098_c0_seq1	ruditapes2_c2444	76.42	106	20	3	35	137	85	188	3e-12	69.8
comp10223_c0_seq1	ruditapes_c20414	82.35	136	24	0	3	138	1	136	7e-33	  138
comp102288_c0_seq1	ruditapes2_lrc3505	77.66	367	76	2	1	364	50	413	3e-78	  289
comp102288_c1_seq1	ruditapes_c6496	79.27	439	88	2	2	437	609	1047	3e-104	  376
comp102288_c2_seq1	ruditapes2_c4168	75.05	509	127	0	7	515	117	625	2e-96	  351
comp102414_c0_seq1	ruditapes_c1358	73.60	125	33	0	28	152	312	436	5e-14	77.0
comp102523_c0_seq1	ruditapes_c12962	79.78	366	73	1	48	413	73	437	4e-88	  324
comp102745_c0_seq1	ruditapes_c11694	69.25	504	147	5	8	509	512	15	8e-50	  196
comp102835_c1_seq1	ruditapes_c35938	79.22	77	16	0	5	81	391	315	1e-11	68.0
comp102886_c0_seq1	ruditapes_c6336	78.10	137	20	4	147	278	473	342	4e-22	  104
comp103285_c1_seq1	ruditapes_c28959	75.42	118	22	4	13	125	404	519	2e-12	71.6
comp103469_c1_seq2	ruditapes_c12325	75.00	140	35	0	118	257	247	108	2e-19	95.1
comp104149_c0_seq1	ruditapes_c10657	73.28	247	66	0	2	248	42	288	5e-36	  149
comp104174_c0_seq1	ruditapes_lrc28875	71.84	245	65	2	174	416	383	141	9e-29	  125
comp104574_c0_seq1	ruditapes_c24074	86.36	66	8	1	233	298	256	320	1e-13	75.2
comp104574_c0_seq2	ruditapes_c27792	79.01	81	17	0	70	150	200	280	3e-12	69.8
comp104604_c0_seq1	ruditapes_lrc32388	69.82	222	66	1	61	282	83	303	3e-20	96.9
comp104973_c1_seq1	ruditapes_lrc32913	81.65	109	16	2	42	149	1	106	2e-21	  102
comp105705_c2_seq1	ruditapes2_c1318	73.85	130	28	2	1	127	268	394	1e-14	78.8
comp105812_c1_seq1	ruditapes_c16576	73.64	129	34	0	43	171	129	1	5e-15	80.6
comp106352_c0_seq1	ruditapes_c12960	68.71	326	96	4	2	326	304	624	6e-26	  116
comp106478_c0_seq2	ruditapes_c9996	69.57	368	82	8	261	607	22	380	6e-36	  150
comp106609_c0_seq4	ruditapes_c15086	73.45	177	47	0	31	207	80	256	2e-23	  107
comp106658_c0_seq1	ruditapes_c15192	73.64	110	29	0	127	236	75	184	1e-11	68.0
comp106668_c1_seq1	ruditapes_c13221	70.26	195	52	4	9	198	382	189	1e-14	78.8
comp106732_c0_seq1	ruditapes_c29520	73.03	241	45	10	1	225	331	567	9e-26	  114
comp106827_c1_seq1	ruditapes_c8881	76.60	141	30	1	172	309	398	538	3e-23	  107
comp107017_c0_seq1	ruditapes_c11660	74.38	160	41	0	42	201	285	126	3e-22	  104
comp107161_c0_seq1	ruditapes_c376	71.24	153	42	2	65	216	384	535	1e-12	71.6
comp107392_c0_seq1	ruditapes_c4462	73.87	111	28	1	94	204	501	392	6e-11	66.2
comp107676_c0_seq1	ruditapes_c21640	79.55	88	17	1	277	364	237	323	2e-13	75.2
comp107728_c2_seq1	ruditapes_c25355	83.33	120	20	0	3	122	139	20	3e-29	  127
comp107988_c0_seq1	ruditapes_c4565	71.35	185	53	0	11	195	223	39	7e-20	95.1
comp108117_c0_seq2	ruditapes2_c2711	68.61	223	48	9	320	523	122	341	1e-10	66.2
comp108263_c0_seq2	ruditapes_c4549	85.71	56	8	0	11	66	478	423	7e-11	66.2
comp108416_c0_seq2	ruditapes_c9625	81.94	72	13	0	199	270	151	80	1e-12	71.6
comp108470_c0_seq2	ruditapes_c9449	75.38	329	81	0	1	329	59	387	8e-60	  228
comp108487_c0_seq1	ruditapes_c16869	76.76	641	144	5	224	861	208	846	7e-132	  470
comp108605_c1_seq1	ruditapes_c11453	81.31	107	20	0	77	183	89	195	2e-22	  104
comp108941_c0_seq1	ruditapes2_c3783	80.88	136	23	2	377	512	1454	1322	2e-27	  122
comp109129_c1_seq1	ruditapes_c648	77.50	160	36	0	181	340	444	285	2e-29	  127
comp109255_c0_seq1	ruditapes_c19189	68.75	208	54	3	53	251	284	79	1e-14	78.8
comp109259_c0_seq1	ruditapes_c7529	72.32	383	97	4	207	582	455	75	1e-51	  203
comp109278_c0_seq1	ruditapes_c8858	78.82	85	11	3	154	236	134	55	5e-11	66.2
comp109298_c0_seq1	ruditapes_c9243	84.06	69	11	0	250	318	69	1	1e-13	75.2
comp109309_c0_seq1	ruditapes_c5648	90.74	54	5	0	1	54	198	251	8e-14	75.2
comp109436_c0_seq1	ruditapes_c20825	78.61	201	40	3	1071	1269	309	508	5e-38	  158
comp109478_c0_seq1	ruditapes2_c3888	73.30	633	112	20	526	1117	626	10	2e-93	  342
comp109505_c0_seq1	ruditapes_c11833	68.73	323	95	3	1456	1776	816	498	3e-26	  120
comp109511_c0_seq1	ruditapes_lrc34108	86.51	126	16	1	705	830	177	53	6e-35	  147
comp109532_c0_seq1	ruditapes_c4025	73.47	950	222	10	574	1509	935	2	5e-159	  560
comp109543_c0_seq1	ruditapes2_c203	83.54	407	66	1	129	535	66	471	8e-120	  428
comp109547_c0_seq1	ruditapes_lrc32974	77.24	123	25	2	675	794	29	151	3e-17	89.7
comp109547_c0_seq2	ruditapes_lrc33717	69.59	171	34	5	1006	1170	1	159	1e-10	68.0
comp109549_c0_seq1	ruditapes2_c142	83.44	453	74	1	65	516	6	458	6e-134	  475
comp109550_c0_seq1	ruditapes_lrc33732	82.75	516	84	3	456	969	526	14	3e-147	  520
comp109558_c0_seq1	ruditapes2_c1	80.02	891	171	5	584	1471	262	1148	0.0	  789
comp109560_c0_seq1	ruditapes2_c1360	77.37	411	82	6	45	450	431	27	5e-83	  306
comp109561_c0_seq1	ruditapes2_c4099	78.08	438	83	6	59	487	25	458	9e-94	  342
comp109562_c0_seq1	ruditapes_lrc33777	81.82	473	82	3	26	496	472	2	5e-128	  455
comp109565_c0_seq1	ruditapes2_c4755	83.70	822	131	2	149	970	820	2	0.0	  874
comp109566_c0_seq1	ruditapes_lrc32108	78.90	602	114	3	60	650	1	600	1e-144	  511
comp109568_c0_seq1	ruditapes2_c468	82.75	284	49	0	64	347	312	29	1e-78	  291
comp109569_c0_seq1	ruditapes_lrc33878	81.85	496	83	4	13	503	33	526	2e-134	  477
comp109571_c0_seq1	ruditapes_lrc33912	80.00	450	90	0	86	535	478	29	3e-113	  407
comp109572_c0_seq1	ruditapes2_c255	80.62	356	67	2	43	398	2	355	2e-88	  324
comp109573_c0_seq1	ruditapes_lrc34645	75.46	493	108	4	434	925	494	14	2e-92	  338
comp109602_c0_seq1	ruditapes2_c1606	68.76	509	147	5	317	822	528	29	6e-48	  190
comp109604_c0_seq1	ruditapes_lrc32605	73.82	191	46	2	1230	1418	343	531	7e-25	  114
comp109637_c0_seq1	ruditapes_c24962	75.48	155	37	1	153	307	159	312	1e-22	  105
comp109647_c0_seq1	ruditapes_lrc9554	72.49	429	92	11	55	461	26	450	1e-55	  215
comp109718_c0_seq1	ruditapes2_c4234	73.68	171	23	10	1	167	484	332	1e-14	80.6
comp109718_c0_seq3	ruditapes2_c3113	75.83	302	72	1	1012	1313	301	1	1e-54	  214
comp109736_c0_seq1	ruditapes_c10345	71.26	174	49	1	313	486	199	27	1e-16	86.0
comp109797_c0_seq2	ruditapes_c8761	76.29	194	46	0	1088	1281	1	194	2e-33	  143
comp109931_c1_seq1	ruditapes_c8065	78.23	124	27	0	1	124	475	352	2e-21	  102
comp110040_c0_seq1	ruditapes_c9860	71.32	129	31	1	53	181	408	286	5e-11	68.0
comp110063_c0_seq2	ruditapes_c10937	73.49	215	51	4	376	587	280	69	2e-26	  118
comp110084_c0_seq1	ruditapes_c14476	77.98	504	108	3	104	604	572	69	4e-112	  403
comp110143_c0_seq1	ruditapes2_c127	67.87	305	85	7	127	423	131	430	2e-17	89.7
comp110339_c0_seq1	ruditapes_c12888	85.29	68	10	0	132	199	112	45	9e-15	78.8
comp110351_c0_seq1	ruditapes_c7836	75.00	100	25	0	139	238	257	158	1e-11	68.0
comp110469_c0_seq1	ruditapes_lrc35701	69.47	321	95	2	12	332	51	368	5e-30	  131
comp110675_c0_seq5	ruditapes_c28582	77.66	94	19	2	168	259	58	151	7e-11	68.0
comp110722_c0_seq1	ruditapes_c8565	71.12	277	76	1	3	275	499	223	1e-32	  138
comp110810_c0_seq1	ruditapes_c8663	82.00	100	18	0	293	392	333	234	1e-20	  100
comp110890_c0_seq1	ruditapes_c17260	74.56	114	27	2	126	238	189	77	1e-11	68.0
comp110892_c0_seq1	ruditapes_c11122	79.78	89	18	0	313	401	4	92	8e-15	80.6
comp110906_c0_seq1	ruditapes_c9051	68.22	236	63	6	382	607	573	340	3e-12	71.6
comp110921_c0_seq1	ruditapes_c15855	75.00	144	28	4	103	244	520	383	1e-17	87.8
comp110984_c0_seq1	ruditapes_c408	70.34	327	97	0	2	328	4	330	5e-37	  152
comp110988_c0_seq3	ruditapes2_c912	75.18	141	35	0	214	354	284	144	5e-20	96.9
comp111066_c0_seq1	ruditapes2_c2729	72.46	207	57	0	235	441	430	224	1e-25	  116
comp111230_c1_seq1	ruditapes_c6995	79.55	88	17	1	147	234	263	349	3e-13	75.2
comp111265_c0_seq1	ruditapes_c12093	76.95	282	61	2	1079	1358	370	91	1e-53	  210
comp111403_c0_seq2	ruditapes_c9835	69.21	354	95	10	12	357	13	360	2e-25	  114
comp111427_c2_seq1	ruditapes_c30239	80.17	116	23	0	2	117	116	1	2e-22	  105
comp111552_c0_seq2	ruditapes_c10964	71.16	586	156	6	363	938	583	1	6e-75	  280
comp111618_c0_seq1	ruditapes_c27792	81.32	91	16	1	39	128	291	201	2e-16	84.2
comp111661_c0_seq1	ruditapes_c16788	77.29	502	109	5	1	500	19	517	2e-103	  374
comp111675_c0_seq1	ruditapes2_c2095	76.69	163	38	0	203	365	324	486	5e-28	  123
comp111749_c0_seq1	ruditapes_c19336	81.63	98	18	0	1	98	92	189	3e-20	96.9
comp111825_c0_seq1	ruditapes_c10305	78.75	527	111	1	517	1043	146	671	7e-124	  443
comp111889_c0_seq1	ruditapes_c17691	73.86	176	41	3	302	473	44	218	2e-21	  102
comp111973_c0_seq1	ruditapes_c20754	74.10	139	33	1	52	187	326	464	2e-17	87.8
comp112038_c0_seq1	ruditapes_c19537	76.73	404	94	0	168	571	3	406	1e-82	  306
comp112092_c0_seq1	ruditapes_c35062	79.38	97	20	0	1	97	97	1	1e-16	86.0
comp112181_c0_seq1	ruditapes_c13541	72.36	123	34	0	294	416	130	252	7e-12	69.8
comp112183_c1_seq1	ruditapes_c20997	70.03	327	98	0	125	451	11	337	1e-35	  149
comp112218_c1_seq1	ruditapes_c25723	70.48	166	37	5	250	404	636	472	3e-11	68.0
comp112276_c3_seq1	ruditapes_c1831	74.38	121	28	3	80	200	286	403	1e-11	68.0
comp112422_c0_seq2	ruditapes_c31126	73.17	123	33	0	82	204	775	897	2e-13	75.2
comp112503_c1_seq1	ruditapes_c29078	77.19	228	50	2	5	232	385	160	8e-42	  170
comp112549_c1_seq1	ruditapes_c20326	71.15	156	44	1	335	490	144	298	3e-13	75.2
comp112669_c1_seq1	ruditapes_c27062	76.65	167	33	5	182	346	1	163	7e-24	  109
comp112712_c0_seq1	ruditapes_c9483	80.27	147	25	4	1	145	151	7	5e-27	  120
comp112918_c0_seq1	ruditapes_c8300	79.07	258	54	0	147	404	358	101	5e-58	  223
comp112966_c1_seq1	ruditapes_c25365	76.75	271	61	2	1	269	395	125	1e-50	  197
comp112966_c2_seq1	ruditapes2_lrc3145	80.00	400	77	3	1	398	407	9	1e-97	  354
comp113036_c0_seq1	ruditapes_c7830	72.20	205	49	3	29	226	220	17	3e-23	  107
comp113050_c0_seq1	ruditapes_c4344	83.10	71	12	0	169	239	578	508	2e-13	75.2
comp113099_c1_seq1	ruditapes_c10211	67.45	255	81	2	281	534	289	36	2e-14	78.8
comp113157_c1_seq1	ruditapes_c15910	78.05	82	18	0	13	94	279	360	1e-11	68.0
comp113230_c1_seq1	ruditapes_c21135	82.35	68	12	0	262	329	344	411	5e-12	69.8
comp113357_c0_seq1	ruditapes_c24604	72.22	144	39	1	77	220	203	345	2e-14	77.0
comp113737_c0_seq2	ruditapes_lrc16378	74.29	140	36	0	234	373	22	161	4e-18	91.5
comp113871_c0_seq4	ruditapes_c11147	83.82	68	11	0	427	494	478	411	7e-13	73.4
comp113955_c1_seq2	ruditapes_c24046	72.20	259	51	5	399	645	46	295	7e-33	  140
comp113957_c0_seq1	ruditapes_c13658	81.18	170	30	1	112	281	168	1	7e-39	  159
comp114412_c0_seq2	ruditapes2_c2560	68.25	756	232	4	14	765	100	851	2e-72	  271
comp114552_c2_seq1	ruditapes_c30936	73.48	132	35	0	303	434	234	365	4e-15	80.6
comp114565_c0_seq1	ruditapes_c13976	74.12	170	44	0	194	363	172	3	2e-23	  109
comp114635_c0_seq2	ruditapes_c14666	71.43	147	40	2	309	454	384	239	8e-12	69.8
comp114713_c0_seq1	ruditapes_lrc6827	70.00	180	52	2	14	192	298	476	3e-13	75.2
comp114731_c0_seq1	ruditapes_c27760	72.29	166	42	3	463	627	438	276	2e-15	82.4
comp114837_c0_seq1	ruditapes_c26452	75.00	144	36	0	247	390	150	293	1e-20	98.7
comp114904_c0_seq1	ruditapes2_c2224	78.15	151	25	3	380	528	483	339	2e-26	  118
comp114919_c0_seq1	ruditapes_c18116	70.59	170	35	6	9	178	184	30	2e-11	68.0
comp114969_c2_seq1	ruditapes_c28049	74.42	129	33	0	186	314	129	1	4e-16	84.2
comp115064_c0_seq1	ruditapes_c29520	69.72	218	43	9	99	296	365	579	3e-14	77.0
comp115067_c0_seq1	ruditapes_c7023	69.15	201	51	4	1	194	181	377	9e-14	75.2
comp115284_c0_seq1	ruditapes_c20090	86.15	65	9	0	351	415	243	307	5e-14	77.0
comp115381_c0_seq1	ruditapes_c21684	75.53	188	45	1	3	190	131	317	1e-29	  129
comp115396_c0_seq1	ruditapes_c13486	75.09	281	64	2	28	305	306	29	7e-48	  188
comp115415_c0_seq1	ruditapes_c28309	80.00	90	16	2	41	130	205	118	3e-13	75.2
comp11545_c0_seq1	ruditapes_c19922	75.86	116	28	0	28	143	230	345	1e-16	84.2
comp115518_c0_seq5	ruditapes_c19765	77.46	244	55	0	502	745	456	213	2e-48	  192
comp115554_c0_seq1	ruditapes_c4109	73.23	127	33	1	162	287	289	415	4e-13	73.4
comp115614_c1_seq1	ruditapes2_lrc3145	77.89	407	88	2	5	411	245	649	6e-88	  322
comp115614_c1_seq2	ruditapes_lrc33808	78.48	158	34	0	68	225	1	158	3e-31	  132
comp115997_c0_seq1	ruditapes_c7529	70.04	227	68	0	225	451	108	334	1e-21	  104
comp116097_c1_seq1	ruditapes_c20030	86.87	99	11	2	19	117	310	214	3e-25	  113
comp116351_c0_seq1	ruditapes_c11694	68.97	593	178	5	298	889	602	15	1e-57	  223
comp116360_c0_seq1	ruditapes_c14954	80.22	273	44	7	49	319	100	364	8e-59	  226
comp116458_c0_seq1	ruditapes_c27968	88.73	204	21	2	139	341	55	257	2e-68	  257
comp116459_c0_seq1	ruditapes2_c281	82.99	482	76	3	91	572	1040	565	2e-138	  491
comp116521_c0_seq1	ruditapes2_c2597	70.00	270	81	0	296	565	308	39	3e-27	  122
comp116525_c0_seq1	ruditapes_c13775	64.75	610	210	5	348	955	19	625	1e-24	  113
comp116567_c0_seq1	ruditapes_c180	79.58	191	17	9	1912	2090	597	777	4e-35	  149
comp116574_c0_seq1	ruditapes_c1117	71.40	1007	235	19	458	1439	1020	42	1e-135	  482
comp116598_c0_seq2	ruditapes2_c2672	70.98	348	98	1	198	545	367	23	4e-42	  170
comp116601_c0_seq1	ruditapes_lrc33777	64.72	377	127	2	3	376	69	442	4e-14	77.0
comp116611_c0_seq1	ruditapes2_lrc4103	83.59	262	43	0	265	526	218	479	2e-74	  279
comp116612_c0_seq1	ruditapes_lrc32341	79.84	853	160	8	32	875	913	64	0.0	  738
comp116618_c0_seq1	ruditapes2_c46	76.74	602	138	2	462	1062	601	1	5e-125	  448
comp116621_c0_seq1	ruditapes_c3824	78.48	488	105	0	236	723	167	654	4e-113	  407
comp116623_c0_seq1	ruditapes2_lrc5088	73.42	726	182	7	14	732	30	751	2e-116	  417
comp116626_c0_seq1	ruditapes_c14	75.33	754	174	5	803	1546	791	40	9e-144	  509
comp116629_c0_seq1	ruditapes_c7060	78.92	427	76	6	55	480	38	451	2e-96	  351
comp116630_c0_seq1	ruditapes2_c1008	80.44	946	155	13	490	1422	930	2	0.0	  841
comp116632_c1_seq1	ruditapes2_c1885	74.85	501	123	3	1010	1509	31	529	2e-88	  325
comp116635_c0_seq1	ruditapes2_lrc3391	84.09	773	121	2	290	1061	772	1	0.0	  834
comp116636_c0_seq1	ruditapes_lrc15447	74.59	543	127	5	304	840	558	21	1e-94	  345
comp116638_c0_seq1	ruditapes_lrc32855	85.05	475	67	2	667	1138	480	7	2e-150	  531
comp116639_c0_seq2	ruditapes2_lrc4331	70.52	251	63	7	381	625	426	181	3e-20	98.7
comp116654_c0_seq1	ruditapes_lrc32418	81.25	464	82	4	53	513	27	488	6e-121	  432
comp116684_c0_seq1	ruditapes2_c575	76.10	159	38	0	736	894	461	619	1e-25	  116
comp116685_c0_seq1	ruditapes_c10134	77.09	323	68	2	1481	1797	331	9	5e-65	  248
comp116716_c0_seq1	ruditapes_lrc32741	67.28	379	118	4	168	543	79	454	1e-24	  113
comp116727_c0_seq1	ruditapes_c2730	78.09	502	109	1	501	1002	525	25	9e-113	  407
comp116804_c0_seq1	ruditapes_c2032	73.19	470	105	9	261	714	684	220	2e-68	  259
comp116823_c0_seq1	ruditapes_c20623	69.05	210	64	1	357	565	293	84	2e-15	82.4
comp116841_c1_seq1	ruditapes_c13390	71.43	182	51	1	103	283	294	113	1e-18	91.5
comp116869_c0_seq1	ruditapes_c16308	68.06	576	136	16	78	629	85	636	2e-49	  196
comp116874_c0_seq1	ruditapes_c25682	78.70	216	45	1	144	358	148	363	3e-45	  181
comp116920_c0_seq1	ruditapes_lrc13723	78.38	333	72	0	69	401	21	353	5e-74	  277
comp116977_c0_seq1	ruditapes_c7585	77.58	165	37	0	532	696	1	165	5e-30	  131
comp117018_c0_seq1	ruditapes_c3292	77.56	205	46	0	274	478	344	140	7e-40	  163
comp117053_c0_seq2	ruditapes_c5291	67.52	311	86	10	295	597	11	314	2e-13	75.2
comp117208_c0_seq4	ruditapes_c3092	72.73	187	38	10	3	186	216	40	8e-14	75.2
comp117230_c0_seq2	ruditapes_c26815	73.58	458	108	8	269	720	187	637	2e-68	  259
comp117305_c0_seq1	ruditapes_c7392	73.83	214	54	2	288	500	316	104	4e-29	  127
comp117390_c0_seq2	ruditapes_c16007	71.02	283	78	2	1	281	141	421	6e-32	  136
comp117536_c0_seq1	ruditapes2_lrc4297	80.25	81	14	2	201	281	692	614	2e-11	68.0
comp117617_c1_seq1	ruditapes_lrc32824	71.65	261	74	0	59	319	123	383	1e-32	  138
comp117622_c0_seq1	ruditapes_c7656	67.87	249	72	4	110	351	240	487	2e-14	78.8
comp117649_c0_seq1	ruditapes2_c230	72.89	653	165	6	315	960	766	119	6e-100	  363
comp117656_c0_seq1	ruditapes2_c1679	69.70	198	60	0	193	390	3	200	2e-17	87.8
comp117922_c0_seq1	ruditapes_c28256	77.03	627	135	8	367	990	662	42	2e-127	  455
comp117975_c0_seq2	ruditapes_c2998	75.21	117	21	4	1	110	248	133	1e-12	71.6
comp118022_c0_seq1	ruditapes2_c567	69.91	442	120	6	315	749	560	125	8e-46	  183
comp118132_c0_seq1	ruditapes_c34357	80.36	112	22	0	95	206	268	379	3e-22	  104
comp118132_c0_seq2	ruditapes2_c6763	80.18	111	22	0	549	659	226	116	2e-21	  102
comp118231_c0_seq1	ruditapes_c27972	71.36	213	41	10	2	202	228	24	5e-16	82.4
comp118249_c0_seq1	ruditapes_lrc32392	74.23	357	89	1	225	581	514	161	2e-59	  228
comp118468_c0_seq1	ruditapes_c31033	74.21	159	37	2	62	218	157	1	3e-20	96.9
comp118482_c0_seq2	ruditapes_c15844	69.71	274	81	2	2	275	338	67	6e-25	  113
comp118639_c0_seq1	ruditapes_c9179	69.54	174	53	0	30	203	114	287	1e-13	75.2
comp118739_c0_seq1	ruditapes_c12661	87.92	240	23	4	3	242	217	450	4e-78	  289
comp118739_c0_seq2	ruditapes_c21670	85.71	91	12	1	94	184	489	578	5e-22	  102
comp118759_c1_seq1	ruditapes_c24074	86.67	60	7	1	55	114	314	256	3e-12	69.8
comp118759_c1_seq2	ruditapes2_c1783	75.27	93	17	1	61	147	334	242	4e-11	66.2
comp118779_c1_seq1	ruditapes_c16567	75.06	413	103	0	1	413	6	418	2e-75	  280
comp118821_c0_seq1	ruditapes_c16928	70.16	258	73	4	151	406	11	266	1e-21	  104
comp118843_c0_seq1	ruditapes_c10674	69.94	326	82	4	107	432	1	310	8e-34	  143
comp119033_c0_seq1	ruditapes2_c826	68.86	668	183	10	197	855	990	339	3e-64	  244
comp119038_c0_seq1	ruditapes_c15646	71.49	498	142	0	217	714	35	532	1e-68	  259
comp119120_c0_seq3	ruditapes2_c1443	79.81	530	98	4	45	573	700	179	1e-130	  464
comp119177_c0_seq1	ruditapes2_c2681	72.81	114	31	0	137	250	75	188	4e-11	66.2
comp119220_c0_seq1	ruditapes_c28165	82.57	413	72	0	200	612	419	7	3e-117	  421
comp119223_c0_seq2	ruditapes_c11474	79.49	78	16	0	122	199	228	305	4e-13	73.4
comp119226_c0_seq1	ruditapes_c30755	76.05	309	68	2	793	1098	522	217	4e-57	  221
comp119325_c0_seq2	ruditapes_c10327	76.24	202	47	1	5	206	325	125	8e-35	  145
comp119471_c0_seq1	ruditapes_c11575	64.94	462	143	9	408	859	708	256	2e-17	89.7
comp119503_c1_seq1	ruditapes_c17260	75.23	109	22	2	153	258	256	150	2e-12	71.6
comp119573_c0_seq1	ruditapes_c7226	72.70	337	84	3	599	931	333	1	1e-46	  187
comp119626_c0_seq1	ruditapes2_c1697	70.20	255	75	1	153	407	533	280	3e-25	  114
comp119674_c0_seq1	ruditapes_c11138	79.35	92	19	0	254	345	182	273	1e-14	80.6
comp119780_c0_seq1	ruditapes_c22901	76.56	209	46	2	519	727	1	206	5e-36	  150
comp119803_c0_seq1	ruditapes_c6968	71.63	423	120	0	45	467	85	507	1e-57	  223
comp119878_c0_seq1	ruditapes2_c1811	81.74	334	59	1	688	1021	337	6	1e-88	  325
comp119903_c0_seq1	ruditapes2_c1736	72.81	320	86	1	35	354	101	419	1e-45	  181
comp119925_c1_seq1	ruditapes_c12859	73.89	337	83	4	30	365	16	348	3e-50	  197
comp119983_c0_seq1	ruditapes_lrc30921	76.38	127	27	1	3	129	501	624	6e-19	93.3
comp119983_c1_seq1	ruditapes2_c1	78.10	525	115	0	1	525	1042	518	8e-120	  428
comp119983_c2_seq1	ruditapes_lrc15460	75.72	276	65	2	211	485	31	305	1e-47	  188
comp120021_c0_seq1	ruditapes_c18710	84.13	63	8	1	188	250	260	320	5e-11	66.2
comp120031_c0_seq1	ruditapes_c27963	68.91	193	29	5	32	215	639	809	8e-16	84.2
comp120031_c1_seq1	ruditapes_c10022	68.29	432	135	2	560	990	14	444	7e-37	  154
comp120095_c1_seq1	ruditapes_c14896	66.99	615	149	19	298	890	803	221	4e-38	  158
comp120210_c0_seq1	ruditapes2_c5648	73.47	475	124	2	135	608	128	601	9e-76	  282
comp120230_c0_seq1	ruditapes_c13634	73.57	140	36	1	179	318	146	284	1e-15	82.4
comp120298_c0_seq2	ruditapes_c611	64.79	426	146	2	58	481	580	1003	7e-19	93.3
comp120344_c1_seq1	ruditapes_c21684	80.92	131	25	0	1057	1187	17	147	1e-27	  123
comp120395_c4_seq1	ruditapes_c14118	67.34	444	143	2	504	946	448	6	1e-32	  140
comp120399_c0_seq2	ruditapes_lrc6950	80.00	75	15	0	113	187	1033	959	1e-11	68.0
comp120416_c0_seq1	ruditapes_c16007	76.35	592	138	2	709	1299	5	595	5e-121	  434
comp120500_c0_seq2	ruditapes_c16942	73.52	657	172	2	11	666	657	2	3e-109	  394
comp120568_c0_seq1	ruditapes_c27471	84.09	88	14	0	611	698	45	132	1e-19	96.9
comp120579_c0_seq2	ruditapes_c10026	71.49	449	124	2	483	929	1	447	3e-59	  228
comp120579_c0_seq5	ruditapes2_c619	72.60	208	54	2	11	216	43	249	5e-25	  113
comp120583_c0_seq1	ruditapes_c10187	82.32	164	29	0	143	306	382	545	3e-40	  165
comp120585_c0_seq1	ruditapes_c7073	69.20	237	73	0	1276	1512	2	238	5e-20	98.7
comp120634_c0_seq2	ruditapes_c17458	80.92	131	25	0	680	810	1	131	9e-28	  123
comp120780_c2_seq1	ruditapes_c29874	71.01	276	63	10	9	276	169	435	1e-23	  109
comp120885_c0_seq1	ruditapes_c9162	73.30	176	47	0	130	305	177	2	2e-22	  105
comp121136_c0_seq1	ruditapes_c11956	71.77	457	123	4	174	629	454	3	5e-60	  230
comp121206_c0_seq1	ruditapes_c23410	74.61	386	87	9	103	488	110	484	2e-58	  224
comp121326_c2_seq1	ruditapes_c15307	71.04	221	61	3	49	267	9	228	6e-21	  100
comp121349_c0_seq1	ruditapes_c10345	75.00	132	33	0	443	574	52	183	1e-17	89.7
comp121458_c0_seq1	ruditapes_c7765	70.63	412	109	9	63	469	420	16	2e-41	  168
comp121619_c1_seq1	ruditapes_c10755	86.36	66	9	0	103	168	17	82	1e-14	78.8
comp121639_c1_seq2	ruditapes_c11609	76.15	130	25	2	44	170	6	132	3e-18	91.5
comp121669_c0_seq1	ruditapes_c31695	84.19	215	25	5	1	212	38	246	1e-57	  223
comp121728_c0_seq1	ruditapes_c9483	77.69	381	84	1	1	381	86	465	8e-82	  302
comp121774_c0_seq1	ruditapes_c21735	76.44	208	45	4	2	208	346	142	3e-33	  140
comp121786_c0_seq1	ruditapes_c4529	76.32	114	21	4	754	865	626	735	5e-12	71.6
comp121827_c0_seq2	ruditapes2_c983	77.27	88	20	0	773	860	599	686	3e-11	69.8
comp121856_c0_seq1	ruditapes2_c251	77.58	165	33	4	132	294	395	233	8e-26	  116
comp121901_c0_seq2	ruditapes_s40373	79.80	99	14	1	1	99	174	266	5e-18	89.7
comp121916_c0_seq1	ruditapes2_c100	82.18	101	16	2	641	740	471	372	3e-19	95.1
comp121929_c1_seq3	ruditapes_c20522	71.66	427	118	3	32	457	1	425	7e-55	  214
comp121934_c0_seq1	ruditapes2_c1124	78.25	446	93	4	1	445	13	455	1e-96	  352
comp121956_c0_seq1	ruditapes2_c287	66.51	427	121	7	27	441	588	172	4e-25	  114
comp122013_c0_seq1	ruditapes_c16274	72.49	429	115	3	157	584	160	586	5e-60	  232
comp122080_c0_seq1	ruditapes2_c2642	73.24	497	115	9	2051	2541	27	511	3e-72	  273
comp122162_c0_seq1	ruditapes_c6456	96.55	58	2	0	1	58	292	235	2e-20	96.9
comp122176_c0_seq1	ruditapes_c242	82.22	270	48	0	109	378	108	377	4e-72	  271
comp122211_c0_seq1	ruditapes_c5052	74.40	414	104	2	53	465	39	451	1e-69	  262
comp122280_c0_seq1	ruditapes2_c2788	81.89	530	91	5	1020	1548	554	29	9e-144	  509
comp122295_c0_seq1	ruditapes_c32371	78.53	1006	215	1	36	1041	10	1014	0.0	  852
comp122304_c0_seq2	ruditapes_c21958	75.42	118	29	0	290	407	135	18	3e-15	82.4
comp122304_c0_seq3	ruditapes_c7659	76.07	117	28	0	56	172	131	247	4e-17	86.0
comp122304_c1_seq1	ruditapes_c22890	79.37	126	23	3	153	278	385	263	3e-21	  100
comp122304_c2_seq1	ruditapes2_c987	70.89	213	57	5	9	218	227	17	1e-17	87.8
comp122358_c1_seq1	ruditapes2_c1615	75.06	449	108	4	198	645	491	46	2e-78	  291
comp122406_c0_seq1	ruditapes_c29829	71.01	207	60	0	984	1190	372	578	1e-21	  104
comp122462_c0_seq1	ruditapes_c17805	80.90	89	15	2	22	109	45	132	2e-14	77.0
comp122480_c1_seq1	ruditapes_c27756	74.68	154	29	5	1	153	296	440	3e-18	89.7
comp122481_c1_seq1	ruditapes_c29520	69.88	259	60	9	8	252	356	610	5e-19	93.3
comp122548_c0_seq1	ruditapes_lrc15185	81.87	651	113	2	8	653	651	1	0.0	  637
comp122572_c0_seq1	ruditapes_lrc32602	77.06	571	110	6	32	593	627	69	8e-121	  432
comp122575_c0_seq1	ruditapes_c2074	76.77	254	41	4	83	333	388	150	3e-48	  190
comp122575_c0_seq2	ruditapes2_c5138	80.59	577	109	1	83	656	596	20	1e-151	  535
comp122621_c0_seq1	ruditapes_c20047	72.84	162	43	1	325	486	316	156	5e-18	91.5
comp122622_c1_seq2	ruditapes_c24798	75.60	414	96	4	134	543	117	529	2e-78	  291
comp122633_c0_seq1	ruditapes2_c2333	79.46	516	102	2	665	1179	585	73	2e-125	  448
comp122635_c0_seq1	ruditapes_lrc12381	77.49	573	123	2	68	637	48	617	1e-125	  448
comp122637_c0_seq1	ruditapes_c16402	75.50	502	111	8	905	1397	528	30	1e-90	  333
comp122686_c1_seq2	ruditapes_c21958	75.82	91	22	0	1	91	108	18	4e-11	66.2
comp122710_c0_seq2	ruditapes_c12308	70.35	398	112	2	454	848	430	36	9e-46	  183
comp122710_c2_seq1	ruditapes_c11432	69.35	199	58	1	3	201	17	212	8e-16	82.4
comp122721_c0_seq1	ruditapes_c17439	70.61	313	92	0	670	982	265	577	6e-36	  150
comp122759_c0_seq1	ruditapes_c18123	70.14	221	66	0	588	808	662	442	5e-23	  107
comp122764_c0_seq1	ruditapes_c875	76.02	196	44	3	102	296	90	283	4e-30	  131
comp122807_c0_seq2	ruditapes_c18369	78.99	119	23	2	226	342	366	484	1e-19	95.1
comp122865_c1_seq1	ruditapes2_lrc3246	81.40	602	104	6	237	832	621	22	8e-160	  562
comp122865_c2_seq1	ruditapes_c24684	78.48	446	89	4	123	567	11	450	5e-99	  360
comp122918_c0_seq1	ruditapes2_c1354	85.29	102	13	2	6	107	4	103	3e-23	  109
comp122950_c0_seq1	ruditapes_c1509	69.25	348	99	6	123	466	370	27	3e-28	  125
comp122982_c0_seq1	ruditapes_c2013	79.20	327	66	2	68	394	104	428	1e-73	  277
comp123000_c0_seq1	ruditapes2_lrc6044	69.35	398	122	0	105	502	78	475	3e-41	  168
comp123000_c0_seq2	ruditapes2_c3343	71.24	386	108	1	381	766	93	475	8e-49	  194
comp123086_c1_seq1	ruditapes_c22994	72.57	175	48	0	852	1026	333	159	1e-20	  100
comp123100_c0_seq1	ruditapes_c27272	77.69	130	23	6	38	163	318	191	5e-16	82.4
comp123104_c1_seq1	ruditapes_c30227	81.94	72	11	1	282	351	814	885	5e-12	69.8
comp123124_c0_seq1	ruditapes_c5293	79.81	411	81	2	578	987	470	879	9e-99	  360
comp123142_c0_seq2	ruditapes_c26218	71.65	127	33	1	339	462	6	132	1e-10	66.2
comp123160_c0_seq1	ruditapes2_c2711	80.37	107	17	4	34	138	137	241	3e-16	84.2
comp123160_c0_seq6	ruditapes_c29520	70.89	213	38	12	34	225	621	412	3e-13	73.4
comp123176_c0_seq1	ruditapes_c24373	79.75	79	16	0	512	590	91	13	4e-12	71.6
comp123187_c0_seq1	ruditapes_c15865	74.76	527	110	9	994	1510	532	19	5e-90	  331
comp123236_c0_seq1	ruditapes2_c3202	67.84	398	117	6	121	513	486	95	6e-28	  123
comp123292_c0_seq1	ruditapes_c18564	78.74	127	27	0	966	1092	306	180	8e-23	  107
comp123302_c1_seq1	ruditapes_c25919	78.85	227	48	0	684	910	231	5	9e-49	  194
comp123302_c1_seq3	ruditapes_c17152	73.48	230	61	0	330	559	331	102	9e-33	  140
comp123351_c0_seq1	ruditapes_c7628	72.42	417	107	3	107	519	538	126	2e-59	  228
comp123358_c0_seq1	ruditapes_c23493	74.89	458	92	10	1	444	23	471	6e-76	  284
comp123375_c1_seq2	ruditapes_c30616	72.80	125	31	1	597	718	340	216	3e-12	71.6
comp123422_c0_seq3	ruditapes_c14600	72.97	185	50	0	88	272	1	185	8e-24	  109
comp123447_c0_seq2	ruditapes_c12050	85.48	62	9	0	542	603	140	201	3e-12	71.6
comp123454_c1_seq1	ruditapes_c27792	79.17	96	18	2	124	218	197	291	8e-14	77.0
comp123468_c0_seq1	ruditapes_c28069	75.93	457	104	4	383	835	83	537	3e-90	  331
comp123498_c0_seq4	ruditapes_c20565	78.49	93	18	2	321	413	436	346	3e-12	71.6
comp123534_c0_seq1	ruditapes_c28944	79.00	100	21	0	319	418	519	420	3e-16	86.0
comp123548_c0_seq1	ruditapes2_c2182	74.80	123	30	1	389	511	128	249	3e-14	78.8
comp123580_c0_seq1	ruditapes2_c2772	71.33	143	40	1	658	800	427	286	2e-11	69.8
comp123602_c0_seq1	ruditapes_c8200	70.77	414	115	2	33	443	89	499	2e-50	  197
comp123614_c0_seq4	ruditapes_c19437	77.62	429	82	5	501	922	3	424	4e-90	  331
comp123636_c0_seq1	ruditapes_c140	77.44	328	73	1	353	680	429	103	1e-67	  255
comp123649_c0_seq1	ruditapes_lrc37438	70.94	234	65	3	403	635	327	558	2e-22	  105
comp123650_c0_seq1	ruditapes2_c2690	76.26	139	33	0	286	424	214	352	2e-21	  102
comp123681_c0_seq2	ruditapes_c17363	77.52	694	151	4	265	957	187	876	2e-151	  535
comp123698_c0_seq2	ruditapes2_c2864	74.25	167	37	1	153	319	686	526	5e-24	  109
comp123698_c3_seq1	ruditapes_c16249	86.11	216	30	0	337	552	1	216	1e-67	  255
comp123757_c0_seq1	ruditapes_lrc24204	87.10	62	3	3	282	339	220	280	2e-11	68.0
comp123769_c0_seq1	ruditapes_lrc33899	87.03	185	24	0	167	351	74	258	3e-59	  226
comp123769_c1_seq1	ruditapes_lrc30594	76.80	487	109	4	271	755	66	550	2e-98	  358
comp123770_c0_seq1	ruditapes_lrc34182	79.37	882	164	4	29	904	883	14	0.0	  769
comp123774_c0_seq1	ruditapes2_c97	74.33	1313	335	2	120	1431	1396	85	0.0	  857
comp123780_c1_seq1	ruditapes_lrc32261	77.14	700	147	3	5	695	3	698	8e-153	  540
comp123785_c0_seq1	ruditapes_lrc34654	79.93	299	60	0	5	303	399	101	3e-72	  269
comp123801_c0_seq1	ruditapes_c3824	81.32	514	96	0	179	692	154	667	9e-140	  495
comp123805_c0_seq1	ruditapes_c1609	79.52	1079	221	0	315	1393	1127	49	0.0	  955
comp123809_c0_seq2	ruditapes_c19197	79.13	206	40	1	754	956	656	451	4e-44	  178
comp123809_c0_seq4	ruditapes_c25855	81.01	611	103	12	1	600	54	662	2e-156	  551
comp123811_c0_seq1	ruditapes2_c3518	78.92	721	136	10	52	765	65	776	7e-167	  585
comp123835_c0_seq1	ruditapes_c19318	77.55	245	52	1	120	361	95	339	1e-48	  192
comp123846_c0_seq1	ruditapes_c8084	70.35	462	130	5	36	493	1	459	9e-51	  199
comp124032_c0_seq1	ruditapes_c19102	77.09	419	88	7	450	865	47	460	1e-81	  302
comp124036_c0_seq1	ruditapes_c1405	66.11	478	156	4	425	899	557	83	1e-26	  120
comp124055_c0_seq1	ruditapes2_c322	74.47	376	95	1	5486	5861	16	390	8e-63	  242
comp124055_c0_seq2	ruditapes2_c3813	76.27	632	133	7	5500	6121	36	660	1e-124	  448
comp124055_c0_seq3	ruditapes_c29187	74.68	699	173	4	2195	2891	1	697	3e-125	  450
comp124056_c0_seq1	ruditapes_c15479	74.54	377	96	0	556	932	1	377	3e-65	  248
comp124057_c0_seq1	ruditapes_c15382	76.99	113	26	0	293	405	302	414	6e-17	87.8
comp124078_c0_seq2	ruditapes_c15609	80.89	157	30	0	740	896	157	1	2e-35	  149
comp124140_c0_seq1	ruditapes_c23562	76.32	418	92	5	70	486	8	419	2e-78	  291
comp124153_c0_seq1	ruditapes2_c1370	69.89	362	106	1	341	699	765	1126	3e-39	  161
comp124268_c0_seq1	ruditapes2_c1058	75.48	828	200	1	34	861	25	849	2e-169	  594
comp124274_c2_seq1	ruditapes_c9791	73.91	115	23	3	134	243	1	113	9e-11	66.2
comp124279_c0_seq1	ruditapes_c7176	74.06	212	51	2	14	223	384	175	4e-30	  129
comp124284_c0_seq4	ruditapes_lrc33451	69.74	304	92	0	139	442	383	80	4e-31	  134
comp124337_c0_seq1	ruditapes_c16926	70.72	362	106	0	194	555	64	425	1e-43	  176
comp124340_c0_seq1	ruditapes_c29881	72.61	533	136	7	163	691	139	665	5e-75	  280
comp124371_c0_seq3	ruditapes_c19911	71.49	242	65	3	274	515	871	634	7e-26	  116
comp124413_c1_seq1	ruditapes_c18889	74.82	139	29	2	121	256	197	62	2e-17	89.7
comp124472_c0_seq1	ruditapes_c24188	68.23	661	178	17	2	652	640	2	1e-50	  199
comp124491_c0_seq1	ruditapes_c30755	84.68	111	17	0	742	852	103	213	7e-28	  123
comp124511_c0_seq1	ruditapes_c21198	77.99	159	35	0	598	756	279	121	2e-29	  129
comp124648_c0_seq1	ruditapes_c3797	71.35	171	49	0	14	184	551	381	3e-17	87.8
comp124648_c0_seq2	ruditapes_c4044	73.05	141	38	0	40	180	275	415	6e-16	84.2
comp124669_c0_seq1	ruditapes_lrc7057	69.19	198	56	3	396	589	443	247	1e-12	73.4
comp124669_c0_seq2	ruditapes2_c3343	69.93	296	83	2	1043	1335	391	99	3e-29	  129
comp124684_c0_seq5	ruditapes_c10477	71.30	230	65	1	564	792	330	101	4e-25	  114
comp124687_c0_seq2	ruditapes2_c1164	77.01	87	20	0	331	417	137	51	4e-11	68.0
comp124728_c0_seq1	ruditapes2_c2116	73.60	125	33	0	315	439	336	460	7e-14	77.0
comp124733_c0_seq1	ruditapes_c1161	72.08	308	78	4	874	1175	786	1091	5e-38	  158
comp124744_c0_seq3	ruditapes2_c2219	70.45	247	49	2	496	721	260	17	3e-29	  129
comp124745_c0_seq1	ruditapes_c23654	76.28	156	36	1	386	540	380	225	3e-25	  114
comp124775_c3_seq1	ruditapes_c15227	70.35	570	151	9	99	657	77	639	3e-64	  244
comp124827_c0_seq1	ruditapes_c20632	69.41	255	70	7	68	320	243	491	2e-16	84.2
comp124864_c0_seq3	ruditapes_c10390	69.54	302	84	3	387	687	427	133	3e-28	  125
comp124918_c0_seq1	ruditapes_c15932	70.24	252	74	1	603	854	268	518	2e-24	  113
comp124944_c0_seq2	ruditapes_c15457	78.66	164	34	1	259	421	164	1	4e-31	  134
comp124952_c0_seq1	ruditapes_c4017	80.68	88	17	0	134	221	384	471	2e-15	82.4
comp124952_c0_seq2	ruditapes_lrc33307	81.08	74	14	0	177	250	76	3	3e-12	71.6
comp124975_c0_seq1	ruditapes_c9647	73.06	219	59	0	103	321	279	497	9e-30	  129
comp124997_c1_seq1	ruditapes2_c477	76.82	509	102	5	908	1407	31	532	4e-104	  378
comp125019_c0_seq1	ruditapes2_c420	76.40	356	84	0	156	511	356	1	3e-70	  264
comp125036_c0_seq1	ruditapes_c24556	72.27	339	91	3	270	607	337	1	5e-44	  178
comp125160_c0_seq1	ruditapes_c18123	67.26	446	146	0	21	466	644	199	2e-38	  158
comp125168_c1_seq2	ruditapes2_c2959	74.53	161	23	6	13	155	721	561	4e-19	95.1
comp125171_c0_seq2	ruditapes2_c1900	74.48	192	49	0	158	349	522	331	8e-29	  125
comp125177_c0_seq1	ruditapes_c15605	75.50	200	48	1	623	822	380	182	1e-31	  136
comp125215_c1_seq1	ruditapes_c10140	74.89	223	55	1	290	512	339	560	5e-35	  147
comp125238_c0_seq1	ruditapes2_c208	67.34	199	29	7	782	965	716	893	6e-11	68.0
comp125278_c0_seq2	ruditapes_c19911	70.62	177	50	2	251	426	621	446	2e-14	78.8
comp125314_c0_seq1	ruditapes_c18456	76.10	431	93	10	45	472	21	444	7e-74	  277
comp125347_c0_seq1	ruditapes_c10955	72.13	305	85	0	12	316	45	349	5e-41	  167
comp125354_c0_seq1	ruditapes_c1836	76.86	389	90	0	569	957	426	38	1e-79	  297
comp125386_c0_seq1	ruditapes2_c39	74.07	513	131	2	982	1493	513	2	5e-86	  318
comp125404_c0_seq1	ruditapes2_c2251	80.75	374	72	0	324	697	433	60	3e-96	  351
comp125408_c1_seq1	ruditapes_c4549	80.23	86	17	0	274	359	522	437	1e-14	78.8
comp125453_c1_seq1	ruditapes_c8722	78.89	90	19	0	1	90	235	324	3e-14	77.0
comp125472_c1_seq2	ruditapes_lrc23864	74.45	137	31	3	139	274	238	105	3e-15	80.6
comp125539_c0_seq1	ruditapes_c25759	84.74	380	55	3	581	960	379	3	4e-115	  414
comp125584_c0_seq1	ruditapes2_lrc3516	67.55	265	72	5	371	630	211	466	8e-15	80.6
comp125595_c0_seq1	ruditapes_c1355	76.85	527	122	0	201	727	726	200	2e-111	  401
comp125608_c0_seq10	ruditapes_c29520	72.77	202	35	9	12	199	350	545	1e-19	95.1
comp125614_c0_seq1	ruditapes2_c1288	73.77	122	31	1	132	252	617	738	4e-13	73.4
comp125620_c1_seq1	ruditapes_c15409	79.15	211	43	1	118	327	84	294	8e-45	  179
comp125622_c0_seq1	ruditapes_c10113	77.29	436	99	0	49	484	1	436	3e-93	  340
comp125632_c0_seq1	ruditapes_c221	70.68	191	56	0	72	262	50	240	9e-19	93.3
comp125788_c0_seq1	ruditapes_c7765	68.88	241	71	4	455	693	316	554	5e-16	84.2
comp125796_c0_seq1	ruditapes_lrc35564	75.00	112	28	0	402	513	174	63	8e-14	77.0
comp125806_c0_seq1	ruditapes_c7511	70.90	378	99	7	314	683	550	176	2e-40	  165
comp125843_c2_seq1	ruditapes_c29564	80.92	131	25	0	2	132	151	21	2e-28	  123
comp125856_c0_seq1	ruditapes_lrc33589	83.56	73	10	2	1	71	603	675	1e-12	71.6
comp125856_c0_seq2	ruditapes2_lrc4170	87.88	66	8	0	1	66	411	476	2e-16	84.2
comp125868_c2_seq1	ruditapes_c21491	76.47	119	27	1	119	237	82	199	1e-16	86.0
comp125873_c0_seq1	ruditapes_c28557	70.05	187	55	1	125	310	11	197	2e-15	82.4
comp125873_c0_seq2	ruditapes_c28496	73.66	186	49	0	3	188	186	1	1e-25	  114
comp125911_c0_seq1	ruditapes_c1980	78.52	554	116	1	286	839	770	220	3e-129	  461
comp125913_c0_seq1	ruditapes_c6411	82.54	252	43	1	76	326	65	316	5e-67	  253
comp125945_c0_seq2	ruditapes_c11316	74.08	463	104	4	75	534	63	512	4e-78	  291
comp125989_c0_seq1	ruditapes_c60	67.48	489	147	7	5	487	1779	1297	2e-34	  145
comp126032_c0_seq1	ruditapes_c26495	68.47	295	87	4	15	307	352	642	5e-21	  100
comp126044_c1_seq1	ruditapes2_c71	65.45	686	229	6	102	782	299	981	2e-35	  149
comp126066_c0_seq2	ruditapes_c15353	81.48	81	15	0	474	554	180	260	3e-14	78.8
comp126087_c0_seq1	ruditapes_c27000	80.73	109	21	0	24	132	567	675	6e-22	  102
comp126109_c0_seq1	ruditapes_c25975	72.46	167	39	6	226	389	258	420	1e-12	73.4
comp126122_c0_seq1	ruditapes_c26815	68.64	287	82	4	277	560	211	492	3e-21	  102
comp126129_c0_seq1	ruditapes_c29798	74.01	454	115	3	69	521	644	193	7e-74	  277
comp126137_c0_seq1	ruditapes_c13063	77.43	412	89	2	2291	2700	412	3	7e-86	  318
comp126138_c0_seq1	ruditapes_c15021	73.40	624	153	7	66	683	664	48	2e-98	  358
comp126154_c0_seq1	ruditapes_lrc23864	78.16	87	18	1	730	815	275	189	4e-11	68.0
comp126199_c0_seq1	ruditapes_c7097	77.85	781	173	0	167	947	113	893	1e-179	  628
comp126203_c1_seq1	ruditapes2_c2698	73.37	169	44	1	114	282	306	139	9e-21	98.7
comp126221_c0_seq1	ruditapes_c5350	76.60	94	21	1	351	443	263	170	2e-11	68.0
comp126243_c0_seq1	ruditapes2_c1692	74.53	369	90	2	406	774	814	450	6e-62	  237
comp126265_c0_seq1	ruditapes2_c645	75.51	792	192	2	108	898	97	887	2e-155	  547
comp126399_c0_seq1	ruditapes_c21092	67.61	213	65	2	35	247	253	461	3e-11	68.0
comp126425_c2_seq1	ruditapes_c16356	82.44	558	92	4	1	558	7	558	7e-157	  553
comp126452_c0_seq2	ruditapes_c17359	74.02	689	166	12	985	1671	758	81	6e-109	  394
comp126452_c0_seq3	ruditapes_c26857	67.69	325	88	8	2038	2354	413	98	3e-19	96.9
comp126452_c0_seq4	ruditapes_c7268	78.43	102	19	2	214	314	457	358	1e-14	78.8
comp126484_c1_seq1	ruditapes2_c439	79.86	144	29	0	1	144	167	310	8e-30	  129
comp126503_c0_seq1	ruditapes2_c789	77.61	335	73	2	581	914	553	886	2e-68	  259
comp126652_c0_seq1	ruditapes_c27568	87.95	83	8	2	66	148	238	158	2e-20	98.7
comp126652_c0_seq4	ruditapes_c20648	85.54	83	12	0	66	148	48	130	7e-20	96.9
comp126722_c1_seq1	ruditapes_c13715	75.64	390	95	0	4	393	410	21	1e-73	  275
comp126777_c0_seq1	ruditapes_c15407	74.80	734	181	3	72	802	33	765	3e-135	  480
comp126800_c0_seq1	ruditapes_c12650	95.52	67	3	0	103	169	25	91	2e-23	  107
comp126801_c1_seq1	ruditapes_c10806	73.66	429	112	1	326	754	596	169	4e-69	  260
comp126828_c0_seq1	ruditapes2_c1323	76.43	297	67	1	2119	2415	296	3	5e-56	  219
comp126837_c0_seq1	ruditapes_c14730	79.81	104	8	5	1	92	703	601	1e-15	82.4
comp126863_c1_seq1	ruditapes_c24785	69.95	193	53	3	15	205	9	198	6e-15	78.8
comp126870_c0_seq1	ruditapes_c7166	77.14	175	38	2	110	283	135	308	1e-29	  129
comp126889_c2_seq4	ruditapes_c17805	82.22	90	14	2	131	219	45	133	2e-16	84.2
comp126923_c0_seq1	ruditapes2_c4557	65.82	433	144	4	246	676	461	891	7e-21	  100
comp126925_c0_seq2	ruditapes_c29612	73.79	351	92	0	918	1268	355	5	2e-56	  219
comp126953_c0_seq1	ruditapes_c19690	74.36	468	98	16	78	535	6	461	5e-66	  251
comp126958_c0_seq1	ruditapes_c24468	78.50	521	112	0	633	1153	3	523	1e-121	  435
comp126996_c0_seq2	ruditapes_c7765	74.67	304	77	0	503	806	740	437	3e-51	  201
comp127023_c0_seq1	ruditapes_lrc32677	78.10	516	108	4	175	687	529	16	1e-113	  408
comp127048_c0_seq1	ruditapes_c27344	76.92	143	31	2	284	426	372	512	1e-21	  102
comp127108_c0_seq1	ruditapes_lrc34105	84.72	445	60	5	53	495	8	446	1e-135	  480
comp127116_c0_seq2	ruditapes2_c791	65.43	593	191	8	242	828	661	77	3e-27	  122
comp127174_c0_seq1	ruditapes_lrc33063	81.77	620	110	1	446	1062	654	35	3e-173	  607
comp127187_c0_seq1	ruditapes_c14777	75.64	312	73	3	150	460	148	457	8e-54	  210
comp127203_c1_seq2	ruditapes_c7168	73.37	383	100	1	120	502	144	524	4e-59	  228
comp127204_c0_seq1	ruditapes_c15750	92.31	52	4	0	164	215	188	137	2e-13	77.0
comp127213_c1_seq8	ruditapes_c3409	90.00	50	5	0	623	672	31	80	8e-11	68.0
comp127261_c0_seq2	ruditapes2_c2572	71.99	332	79	5	1524	1851	430	109	1e-41	  170
comp127327_c0_seq1	ruditapes_c30427	76.16	302	72	0	49	350	101	402	2e-57	  221
comp127368_c1_seq1	ruditapes_c10509	75.57	221	54	0	808	1028	535	315	2e-37	  156
comp127374_c0_seq1	ruditapes_c14942	70.36	280	83	0	302	581	366	87	6e-30	  131
comp127377_c0_seq1	ruditapes_c29520	83.54	79	13	0	247	325	350	428	2e-16	84.2
comp127392_c0_seq2	ruditapes_lrc33479	69.92	492	118	9	251	720	683	200	1e-52	  206
comp127392_c0_seq3	ruditapes2_c170	70.79	517	131	5	164	663	131	644	3e-65	  248
comp127414_c0_seq1	ruditapes_c21757	72.14	140	37	2	148	286	145	7	8e-12	69.8
comp127433_c0_seq1	ruditapes_c30010	75.00	116	29	0	372	487	1	116	2e-14	78.8
comp127464_c2_seq1	ruditapes_c29368	79.05	315	56	8	1	314	157	462	2e-64	  244
comp127494_c1_seq1	ruditapes_c7749	82.27	141	25	0	2806	2946	2	142	1e-32	  141
comp127520_c0_seq1	ruditapes2_c4591	83.94	218	35	0	361	578	261	44	1e-61	  235
comp127528_c1_seq2	ruditapes_c21222	72.02	193	48	1	813	1005	52	238	3e-22	  105
comp127569_c0_seq2	ruditapes_c6936	71.43	490	111	10	53	519	88	571	2e-60	  233
comp127576_c0_seq1	ruditapes2_c1611	79.17	432	86	4	80	511	125	552	9e-99	  360
comp127584_c0_seq1	ruditapes2_c3369	76.98	995	228	1	253	1246	1168	174	0.0	  762
comp127584_c0_seq2	ruditapes_lrc35732	80.22	359	67	1	253	611	538	184	5e-89	  327
comp127619_c0_seq1	ruditapes_c14289	80.53	113	19	3	18	130	632	741	3e-19	95.1
comp127622_c0_seq2	ruditapes2_c3967	77.53	89	20	0	303	391	702	614	4e-12	71.6
comp127622_c0_seq3	ruditapes2_c6512	77.53	89	20	0	303	391	279	367	5e-12	71.6
comp127634_c0_seq1	ruditapes_c985	66.35	318	95	7	1324	1635	396	85	8e-12	71.6
comp127636_c0_seq1	ruditapes_c20657	76.68	386	88	1	463	848	421	38	3e-77	  288
comp127641_c0_seq1	ruditapes2_c554	77.27	176	40	0	1140	1315	192	17	5e-32	  138
comp127683_c0_seq1	ruditapes_c8059	83.33	72	8	1	167	238	370	303	1e-13	75.2
comp127688_c0_seq1	ruditapes_c3243	83.88	459	74	0	224	682	610	152	3e-139	  495
comp127710_c1_seq2	ruditapes_c1574	76.13	532	119	4	205	732	742	215	6e-104	  376
comp127713_c0_seq1	ruditapes_c19865	70.37	162	48	0	172	333	166	5	9e-14	77.0
comp127716_c0_seq1	ruditapes2_c101	71.19	531	137	9	115	637	88	610	3e-63	  242
comp127744_c0_seq1	ruditapes_c23056	76.30	173	36	3	155	324	187	357	4e-26	  118
comp127801_c0_seq1	ruditapes_lrc35446	70.54	370	97	4	316	684	502	144	2e-41	  168
comp127806_c0_seq3	ruditapes_c10304	77.63	380	85	0	1164	1543	1	380	3e-81	  302
comp127812_c0_seq1	ruditapes_c7539	72.87	188	51	0	104	291	466	279	1e-23	  109
comp127916_c0_seq1	ruditapes_c12778	72.60	219	58	2	8	225	100	317	9e-27	  118
comp127917_c0_seq1	ruditapes_c13333	73.30	206	18	11	106	280	272	471	2e-23	  107
comp127932_c0_seq4	ruditapes2_c5995	75.16	153	36	2	545	696	220	69	2e-20	98.7
comp127974_c0_seq1	ruditapes_c8023	72.46	138	36	2	633	769	276	140	4e-12	71.6
comp127977_c0_seq1	ruditapes_c11516	73.17	123	33	0	930	1052	412	290	2e-12	73.4
comp128055_c0_seq1	ruditapes_c9464	72.61	387	59	20	1	370	421	65	2e-42	  172
comp128061_c0_seq2	ruditapes2_c958	68.60	242	63	5	81	315	62	297	9e-16	84.2
comp128074_c1_seq1	ruditapes_c3563	79.63	108	22	0	540	647	583	690	1e-19	96.9
comp128085_c0_seq2	ruditapes2_c2308	74.03	643	149	6	283	917	5	637	9e-110	  396
comp128089_c0_seq1	ruditapes_c8263	73.70	460	116	3	6	463	235	691	1e-73	  275
comp128089_c0_seq2	ruditapes_c209	76.60	188	44	0	300	487	1004	817	2e-33	  141
comp128095_c0_seq1	ruditapes_c22931	74.80	246	28	6	645	857	617	373	2e-41	  170
comp128130_c0_seq1	ruditapes_c9559	70.00	340	98	3	1550	1887	68	405	2e-33	  143
comp128136_c0_seq1	ruditapes_c7042	78.91	128	21	2	161	282	42	169	7e-23	  105
comp128138_c0_seq2	ruditapes2_c446	75.89	224	54	0	339	562	743	966	2e-39	  161
comp128158_c0_seq1	ruditapes_c27363	75.85	207	46	3	614	818	397	193	4e-32	  138
comp128176_c0_seq1	ruditapes_c24995	74.15	530	125	10	223	747	1	523	1e-82	  306
comp128176_c0_seq2	ruditapes2_c2376	70.28	286	69	9	340	623	308	37	5e-23	  107
comp128185_c0_seq2	ruditapes2_c630	66.82	434	124	6	116	542	49	469	2e-28	  125
comp128196_c0_seq1	ruditapes2_c609	71.92	317	89	0	70	386	851	535	6e-42	  170
comp128197_c0_seq2	ruditapes_c20395	78.57	140	30	0	700	839	8	147	6e-26	  118
comp128227_c0_seq1	ruditapes2_c424	68.34	259	78	2	143	399	83	339	2e-18	93.3
comp128239_c0_seq2	ruditapes_c10969	77.48	151	31	2	1097	1245	418	269	2e-25	  116
comp128240_c0_seq3	ruditapes_c10755	85.94	64	9	0	171	234	20	83	2e-13	75.2
comp128270_c0_seq1	ruditapes_c19539	66.78	578	170	12	36	606	26	588	4e-36	  150
comp128271_c0_seq1	ruditapes_c27048	81.40	86	12	2	5	89	52	134	6e-15	78.8
comp128305_c0_seq2	ruditapes_c15855	68.42	228	53	5	139	366	328	536	2e-15	82.4
comp128327_c0_seq2	ruditapes2_c71	69.42	726	210	7	160	878	983	263	3e-78	  291
comp128328_c0_seq1	ruditapes_c20263	74.55	110	26	2	357	465	109	1	9e-11	66.2
comp128339_c0_seq1	ruditapes_c17178	79.26	135	25	1	49	183	209	78	2e-25	  116
comp128349_c0_seq1	ruditapes_c8411	71.20	316	82	8	3	318	394	700	1e-30	  132
comp128357_c0_seq1	ruditapes_c19336	75.21	121	28	2	112	231	70	189	3e-14	77.0
comp128371_c0_seq1	ruditapes_lrc35032	69.02	468	141	2	19	484	20	485	2e-46	  185
comp128371_c0_seq2	ruditapes_c2214	75.00	232	58	0	262	493	339	570	3e-38	  158
comp128416_c1_seq1	ruditapes_c19911	79.46	112	23	0	29	140	752	863	6e-21	98.7
comp128490_c0_seq1	ruditapes2_c2501	72.34	282	72	3	872	1150	192	470	3e-35	  149
comp128493_c0_seq1	ruditapes2_c516	67.17	661	188	17	138	787	643	1	8e-40	  163
comp128522_c0_seq2	ruditapes_c7557	71.64	335	89	5	240	571	214	545	4e-39	  161
comp128528_c0_seq2	ruditapes_c5883	73.27	333	71	9	168	491	240	563	1e-43	  176
comp128530_c1_seq2	ruditapes_c20807	89.13	92	10	0	750	841	239	148	3e-27	  122
comp128545_c0_seq1	ruditapes_c30802	69.41	474	135	7	191	659	338	806	6e-47	  187
comp128566_c0_seq1	ruditapes_c10365	75.00	128	32	0	146	273	249	122	5e-17	87.8
comp128597_c0_seq1	ruditapes_c29829	73.22	295	78	1	980	1274	357	650	3e-42	  172
comp128642_c0_seq1	ruditapes2_c4071	79.56	181	37	0	210	390	194	14	9e-39	  159
comp128642_c0_seq2	ruditapes2_c47	74.40	332	85	0	210	541	279	610	1e-55	  215
comp128687_c0_seq2	ruditapes_c16036	77.99	677	145	3	245	918	2	677	3e-153	  540
comp128720_c2_seq2	ruditapes_c34409	75.56	135	33	0	648	782	18	152	7e-19	95.1
comp128724_c0_seq1	ruditapes_lrc32326	73.54	446	110	4	456	897	449	8	1e-69	  262
comp128736_c0_seq1	ruditapes2_lrc2615	79.67	428	84	1	103	527	430	3	6e-104	  378
comp128740_c0_seq1	ruditapes_c28131	80.69	145	27	1	1448	1591	145	1	3e-30	  132
comp128741_c0_seq1	ruditapes2_c29	66.08	858	257	16	3442	4283	927	88	3e-48	  194
comp128748_c0_seq2	ruditapes2_c2218	69.89	352	93	8	389	735	539	196	1e-30	  132
comp128759_c0_seq1	ruditapes_c21135	81.11	90	14	3	638	725	429	341	3e-13	75.2
comp128765_c0_seq1	ruditapes_c14905	81.93	841	152	0	1855	2695	1058	218	0.0	  834
comp128773_c1_seq3	ruditapes_c14002	73.08	130	18	6	38	167	132	244	4e-11	66.2
comp128782_c0_seq1	ruditapes_c10345	73.11	119	32	0	835	953	68	186	6e-12	71.6
comp128783_c0_seq1	ruditapes_c26405	82.04	167	25	4	102	266	167	4	6e-37	  152
comp128786_c0_seq2	ruditapes_c12158	66.37	452	152	0	181	632	11	462	4e-30	  131
comp128788_c0_seq2	ruditapes_c12660	80.26	304	58	2	213	516	153	454	2e-72	  271
comp128803_c0_seq1	ruditapes_c31683	81.43	70	13	0	157	226	382	313	2e-11	68.0
comp128811_c0_seq2	ruditapes_c6924	75.55	274	67	0	697	970	438	165	2e-48	  192
comp128813_c0_seq1	ruditapes2_c2139	70.86	175	39	5	354	523	68	235	3e-13	75.2
comp128815_c0_seq1	ruditapes_c3359	69.72	720	209	6	48	763	69	783	6e-80	  297
comp128874_c0_seq2	ruditapes_c7437	72.53	324	85	2	200	521	595	274	2e-44	  178
comp128898_c0_seq1	ruditapes_c9908	73.70	441	110	2	561	998	6	443	1e-71	  269
comp128902_c0_seq1	ruditapes_c14573	80.53	226	44	0	1	226	279	54	3e-54	  210
comp128904_c0_seq1	ruditapes_lrc23729	70.55	146	43	0	273	418	445	300	1e-11	69.8
comp128921_c0_seq1	ruditapes_c632	82.74	197	33	1	31	227	9	204	1e-50	  199
comp128938_c0_seq1	ruditapes_c51	73.16	272	73	0	27	298	88	359	4e-39	  161
comp128943_c2_seq1	ruditapes_c22068	80.31	254	46	3	1	254	32	281	5e-58	  223
comp128957_c0_seq1	ruditapes_c14221	80.34	417	80	2	754	1169	478	63	1e-103	  376
comp128977_c0_seq1	ruditapes_c53	67.69	229	74	0	120	348	128	356	1e-14	80.6
comp128985_c0_seq1	ruditapes2_c152	67.45	341	106	5	325	663	242	579	9e-20	96.9
comp129056_c0_seq2	ruditapes_c10377	80.15	267	52	1	1289	1555	1	266	3e-62	  239
comp129064_c0_seq1	ruditapes2_c589	78.07	985	193	10	917	1900	1023	61	0.0	  778
comp129068_c1_seq1	ruditapes_c18162	77.92	154	34	0	244	397	163	10	7e-28	  125
comp129092_c0_seq2	ruditapes_c10501	86.42	81	9	2	331	410	369	290	7e-18	89.7
comp129093_c0_seq1	ruditapes2_lrc2999	85.45	213	31	0	1	213	283	71	2e-65	  246
comp129110_c0_seq1	ruditapes_c7379	71.00	200	58	0	289	488	300	499	1e-20	  100
comp129116_c1_seq2	ruditapes_c11080	75.17	149	30	2	580	728	1035	1176	1e-20	  100
comp129116_c1_seq4	ruditapes2_c3057	77.81	302	67	0	206	507	751	450	4e-64	  244
comp129131_c0_seq1	ruditapes_c15108	70.85	446	118	6	72	509	67	508	9e-52	  203
comp129133_c0_seq1	ruditapes_c7399	72.28	606	128	11	601	1188	1	584	7e-89	  327
comp129140_c0_seq1	ruditapes_c26614	73.58	246	63	1	548	791	302	57	2e-35	  149
comp129164_c0_seq1	ruditapes_c3439	66.71	754	246	3	719	1471	763	14	5e-58	  224
comp129170_c0_seq1	ruditapes_c18123	69.81	159	45	1	813	971	585	430	6e-14	78.8
comp129196_c0_seq1	ruditapes_lrc35190	71.20	191	55	0	692	882	212	22	1e-19	96.9
comp129206_c0_seq1	ruditapes2_c2779	68.50	381	118	2	108	487	415	36	1e-32	  140
comp129214_c0_seq1	ruditapes2_c1444	72.12	226	58	4	258	480	169	392	5e-24	  111
comp129221_c0_seq1	ruditapes_c11694	75.18	278	67	1	273	550	33	308	3e-47	  188
comp129250_c0_seq1	ruditapes_c23250	73.55	155	41	0	584	738	280	126	4e-19	95.1
comp129258_c0_seq1	ruditapes_c31240	70.54	336	97	2	803	1137	86	420	2e-36	  152
comp129265_c0_seq1	ruditapes_c5346	72.94	388	102	1	361	748	449	65	3e-58	  224
comp129267_c0_seq1	ruditapes2_lrc3157	77.11	865	197	1	518	1382	1	864	0.0	  668
comp129269_c0_seq1	ruditapes2_c261	70.36	253	73	1	159	411	432	182	7e-26	  116
comp129272_c0_seq2	ruditapes2_c3066	76.97	304	70	0	22	325	24	327	5e-61	  233
comp129301_c1_seq1	ruditapes_c19850	66.01	353	114	4	158	508	164	512	1e-17	89.7
comp129317_c0_seq1	ruditapes_c20166	88.52	61	5	2	32	91	326	267	1e-12	71.6
comp129323_c0_seq1	ruditapes_c18768	76.61	744	159	9	416	1153	6	740	3e-156	  551
comp129328_c0_seq1	ruditapes2_c504	68.82	542	156	7	112	645	35	571	1e-49	  196
comp129345_c0_seq1	ruditapes2_c2079	79.06	831	168	2	1	828	6	833	0.0	  711
comp129354_c0_seq1	ruditapes2_c224	78.45	362	75	1	80	441	83	441	3e-81	  300
comp129397_c0_seq1	ruditapes2_c2107	68.09	705	213	8	15	716	1151	456	2e-60	  232
comp129416_c2_seq1	ruditapes_c8960	80.00	85	17	0	358	442	482	566	1e-13	77.0
comp129429_c1_seq2	ruditapes2_c2246	71.96	189	49	2	693	878	267	80	1e-19	96.9
comp129495_c3_seq1	ruditapes_c7207	81.44	167	31	0	1	167	369	535	2e-39	  161
comp129522_c0_seq1	ruditapes_c9634	85.48	62	8	1	137	197	427	366	4e-11	68.0
comp129537_c0_seq1	ruditapes_c25615	78.91	256	54	0	488	743	530	785	1e-56	  219
comp129553_c0_seq1	ruditapes_c26765	69.67	211	58	5	322	530	10	216	3e-13	75.2
comp129562_c0_seq1	ruditapes2_c2978	78.08	406	87	2	56	461	411	8	3e-88	  324
comp129580_c0_seq1	ruditapes2_c2269	67.29	266	87	0	416	681	106	371	7e-17	87.8
comp129589_c0_seq1	ruditapes_c24537	72.43	370	101	1	679	1048	380	12	5e-52	  205
comp129592_c0_seq1	ruditapes_c13475	78.34	457	95	2	806	1262	667	215	2e-102	  372
comp129600_c0_seq1	ruditapes_c24056	69.48	213	59	5	750	959	16	225	4e-13	75.2
comp129638_c0_seq1	ruditapes_c15126	74.16	209	54	0	1	209	246	38	3e-31	  134
comp129676_c0_seq2	ruditapes_c27124	73.42	380	95	6	243	622	71	444	2e-53	  208
comp129687_c0_seq2	ruditapes2_c2130	66.56	308	95	3	293	597	152	454	1e-16	86.0
comp129688_c0_seq1	ruditapes_c1969	68.75	176	55	0	294	469	294	469	1e-11	69.8
comp129721_c0_seq2	ruditapes_c23951	72.56	532	141	4	342	869	550	20	9e-78	  289
comp129748_c0_seq1	ruditapes_c2097	68.80	375	106	4	472	839	50	420	5e-33	  141
comp129765_c0_seq1	ruditapes_c16257	79.75	158	32	0	655	812	556	399	3e-33	  141
comp129784_c0_seq1	ruditapes2_c1567	80.00	85	14	2	692	774	459	376	6e-12	71.6
comp129785_c0_seq2	ruditapes_c29297	76.11	293	67	2	207	496	698	406	2e-53	  208
comp129798_c1_seq1	ruditapes_c27413	75.63	119	27	2	181	299	156	272	1e-13	77.0
comp129812_c2_seq1	ruditapes_c3364	90.57	53	5	0	209	261	58	6	3e-13	73.4
