comp100029_c1_seq1	CHOYP_LOC412155.1.2	69.17	266	74	5	3	267	1134	876	6e-19	95.1
comp100097_c1_seq1	CHOYP_IPO11.1.1	70.50	200	59	0	17	216	1364	1165	6e-19	95.1
comp100104_c2_seq1	CHOYP_SACS.9.17	77.63	152	32	2	20	170	6756	6606	9e-25	  114
comp100105_c1_seq1	CHOYP_BRAFLDRAFT_125635.1.1	77.05	366	84	0	12	377	1841	1476	6e-75	  282
comp100108_c1_seq1	CHOYP_APLP.2.2	65.79	991	301	16	43	1011	14584	13610	3e-56	  221
comp100136_c0_seq1	CHOYP_TRIADDRAFT_57945.2.3	68.22	214	64	2	61	272	1985	2196	5e-13	75.2
comp100141_c0_seq1	CHOYP_LOC580090.1.1	66.91	408	128	5	52	457	720	1122	2e-23	  111
comp100187_c0_seq1	CHOYP_BRAFLDRAFT_206907.7.11	69.69	254	77	0	79	332	1951	2204	1e-23	  111
comp100239_c1_seq1	CHOYP_ZPR_4288.1.1	71.90	153	41	2	44	195	1244	1395	1e-12	75.2
comp100287_c0_seq1	CHOYP_BRAFLDRAFT_67316.1.1	72.54	142	39	0	1	142	1477	1618	2e-14	80.6
comp100297_c0_seq1	CHOYP_BRAFLDRAFT_273832.1.1	73.72	137	36	0	64	200	468	604	2e-16	86.0
comp100305_c0_seq1	CHOYP_LOC663249.1.1	70.67	208	59	2	1	207	414	620	2e-18	93.3
comp100366_c1_seq1	CHOYP_LOC100636568.1.1	69.58	424	125	4	143	564	3474	3895	7e-41	  168
comp100414_c1_seq1	CHOYP_GZF1.2.2	74.23	163	40	2	129	290	1883	1722	6e-20	98.7
comp100439_c0_seq1	CHOYP_SC6A8.1.1	71.78	241	68	0	1	241	1050	1290	2e-29	  129
comp100440_c0_seq1	CHOYP_BRAFLDRAFT_214694.1.1	71.60	574	159	3	11	582	930	359	1e-77	  291
comp100442_c0_seq1	CHOYP_LOC101175691.1.1	73.98	123	30	2	33	154	1373	1494	2e-11	71.6
comp100480_c0_seq1	CHOYP_VKR.1.1	77.10	214	49	0	6	219	1317	1104	3e-40	  165
comp100517_c1_seq1	CHOYP_LOC100569275.1.1	71.64	617	144	13	682	1284	3541	2942	5e-78	  293
comp100564_c0_seq1	CHOYP_OTU5B.1.1	69.14	969	259	12	191	1142	4362	3417	1e-104	  381
comp100581_c0_seq1	CHOYP_ASK1.1.2	73.46	373	85	8	1	366	2308	1943	2e-51	  203
comp100629_c0_seq1	CHOYP_DYH2.1.1	75.00	168	36	2	82	246	9702	9866	6e-24	  111
comp10062_c0_seq1	CHOYP_MVP.1.1	70.87	254	70	2	10	261	2058	2309	2e-26	  120
comp100661_c1_seq1	CHOYP_MOB1.1.1	80.89	586	110	1	132	717	209	792	2e-155	  549
comp100707_c0_seq1	CHOYP_LOC101078318.1.1	75.97	283	68	0	1	283	1162	1444	4e-52	  205
comp100709_c3_seq1	CHOYP_LOC659713.1.1	69.39	343	95	6	202	539	15152	14815	2e-28	  127
comp100741_c0_seq1	CHOYP_CTL2.1.2	71.19	767	217	4	16	780	616	1380	4e-102	  372
comp100759_c1_seq1	CHOYP_MGC154819.1.1	69.34	274	76	5	110	379	1509	1240	2e-20	  100
comp100839_c1_seq1	CHOYP_KPBB.2.2	74.06	320	83	0	59	378	1507	1826	2e-51	  203
comp100874_c0_seq1	CHOYP_GLT13.2.2	66.58	368	99	8	17	363	753	389	1e-18	95.1
comp100903_c0_seq2	CHOYP_PLCL2.1.1	74.26	544	127	8	118	656	767	232	5e-88	  325
comp100921_c0_seq1	CHOYP_KCNC4.2.5	69.60	227	67	1	101	325	836	610	3e-19	96.9
comp100926_c0_seq1	CHOYP_KPCD3.1.1	75.31	401	91	3	209	605	2185	2581	8e-72	  271
comp100929_c0_seq1	CHOYP_BRAFLDRAFT_66489.1.1	78.65	89	19	0	1	89	858	946	6e-13	75.2
comp100965_c1_seq1	CHOYP_RTEL1.1.1	71.37	248	57	5	2	242	2387	2147	4e-26	  118
comp100966_c2_seq1	CHOYP_BRAFLDRAFT_134943.1.1	71.56	211	60	0	86	296	2070	1860	8e-24	  111
comp101055_c1_seq1	CHOYP_ABCA3.5.6	75.00	276	69	0	1	276	558	283	1e-46	  187
comp101065_c0_seq1	CHOYP_RHG07.1.1	65.08	673	193	14	5	650	1731	2388	7e-29	  129
comp101079_c0_seq1	CHOYP_LOC100344710.1.1	68.67	498	126	13	2	487	598	119	3e-39	  163
comp101091_c0_seq1	CHOYP_LOC100903889.1.1	68.33	461	138	4	89	545	4819	4363	3e-39	  163
comp101105_c0_seq1	CHOYP_TTC28.1.1	72.08	351	98	0	1	351	7419	7769	4e-48	  192
comp101111_c0_seq1	CHOYP_INVS.5.6	77.19	228	52	0	23	250	90	317	5e-44	  178
