comp100174_c1_seq1	ruditapes_c15835	84.87	238	35	1	8	244	654	417	9e-71	  264
comp101356_c0_seq1	ruditapes_c26999	77.51	409	87	5	930	1338	12	415	3e-82	  306
comp102288_c0_seq1	ruditapes2_lrc3505	77.66	367	76	2	1	364	50	413	3e-78	  289
comp102288_c1_seq1	ruditapes_c6496	79.27	439	88	2	2	437	609	1047	3e-104	  376
comp102288_c2_seq1	ruditapes2_c4168	75.05	509	127	0	7	515	117	625	2e-96	  351
comp102523_c0_seq1	ruditapes_c12962	79.78	366	73	1	48	413	73	437	4e-88	  324
comp108487_c0_seq1	ruditapes_c16869	76.76	641	144	5	224	861	208	846	7e-132	  470
comp109478_c0_seq1	ruditapes2_c3888	73.30	633	112	20	526	1117	626	10	2e-93	  342
comp109532_c0_seq1	ruditapes_c4025	73.47	950	222	10	574	1509	935	2	5e-159	  560
comp109543_c0_seq1	ruditapes2_c203	83.54	407	66	1	129	535	66	471	8e-120	  428
comp109549_c0_seq1	ruditapes2_c142	83.44	453	74	1	65	516	6	458	6e-134	  475
comp109550_c0_seq1	ruditapes_lrc33732	82.75	516	84	3	456	969	526	14	3e-147	  520
comp109558_c0_seq1	ruditapes2_c1	80.02	891	171	5	584	1471	262	1148	0.0	  789
comp109560_c0_seq1	ruditapes2_c1360	77.37	411	82	6	45	450	431	27	5e-83	  306
comp109561_c0_seq1	ruditapes2_c4099	78.08	438	83	6	59	487	25	458	9e-94	  342
comp109562_c0_seq1	ruditapes_lrc33777	81.82	473	82	3	26	496	472	2	5e-128	  455
comp109565_c0_seq1	ruditapes2_c4755	83.70	822	131	2	149	970	820	2	0.0	  874
comp109566_c0_seq1	ruditapes_lrc32108	78.90	602	114	3	60	650	1	600	1e-144	  511
comp109568_c0_seq1	ruditapes2_c468	82.75	284	49	0	64	347	312	29	1e-78	  291
comp109569_c0_seq1	ruditapes_lrc33878	81.85	496	83	4	13	503	33	526	2e-134	  477
comp109571_c0_seq1	ruditapes_lrc33912	80.00	450	90	0	86	535	478	29	3e-113	  407
comp109572_c0_seq1	ruditapes2_c255	80.62	356	67	2	43	398	2	355	2e-88	  324
comp109573_c0_seq1	ruditapes_lrc34645	75.46	493	108	4	434	925	494	14	2e-92	  338
comp110084_c0_seq1	ruditapes_c14476	77.98	504	108	3	104	604	572	69	4e-112	  403
comp111552_c0_seq2	ruditapes_c10964	71.16	586	156	6	363	938	583	1	6e-75	  280
comp111661_c0_seq1	ruditapes_c16788	77.29	502	109	5	1	500	19	517	2e-103	  374
comp111825_c0_seq1	ruditapes_c10305	78.75	527	111	1	517	1043	146	671	7e-124	  443
comp112038_c0_seq1	ruditapes_c19537	76.73	404	94	0	168	571	3	406	1e-82	  306
comp112966_c2_seq1	ruditapes2_lrc3145	80.00	400	77	3	1	398	407	9	1e-97	  354
comp114412_c0_seq2	ruditapes2_c2560	68.25	756	232	4	14	765	100	851	2e-72	  271
comp115614_c1_seq1	ruditapes2_lrc3145	77.89	407	88	2	5	411	245	649	6e-88	  322
comp116458_c0_seq1	ruditapes_c27968	88.73	204	21	2	139	341	55	257	2e-68	  257
comp116459_c0_seq1	ruditapes2_c281	82.99	482	76	3	91	572	1040	565	2e-138	  491
comp116574_c0_seq1	ruditapes_c1117	71.40	1007	235	19	458	1439	1020	42	1e-135	  482
comp116611_c0_seq1	ruditapes2_lrc4103	83.59	262	43	0	265	526	218	479	2e-74	  279
comp116612_c0_seq1	ruditapes_lrc32341	79.84	853	160	8	32	875	913	64	0.0	  738
comp116618_c0_seq1	ruditapes2_c46	76.74	602	138	2	462	1062	601	1	5e-125	  448
comp116621_c0_seq1	ruditapes_c3824	78.48	488	105	0	236	723	167	654	4e-113	  407
comp116623_c0_seq1	ruditapes2_lrc5088	73.42	726	182	7	14	732	30	751	2e-116	  417
comp116626_c0_seq1	ruditapes_c14	75.33	754	174	5	803	1546	791	40	9e-144	  509
comp116629_c0_seq1	ruditapes_c7060	78.92	427	76	6	55	480	38	451	2e-96	  351
comp116630_c0_seq1	ruditapes2_c1008	80.44	946	155	13	490	1422	930	2	0.0	  841
comp116632_c1_seq1	ruditapes2_c1885	74.85	501	123	3	1010	1509	31	529	2e-88	  325
comp116635_c0_seq1	ruditapes2_lrc3391	84.09	773	121	2	290	1061	772	1	0.0	  834
comp116636_c0_seq1	ruditapes_lrc15447	74.59	543	127	5	304	840	558	21	1e-94	  345
comp116638_c0_seq1	ruditapes_lrc32855	85.05	475	67	2	667	1138	480	7	2e-150	  531
comp116654_c0_seq1	ruditapes_lrc32418	81.25	464	82	4	53	513	27	488	6e-121	  432
comp116685_c0_seq1	ruditapes_c10134	77.09	323	68	2	1481	1797	331	9	5e-65	  248
comp116727_c0_seq1	ruditapes_c2730	78.09	502	109	1	501	1002	525	25	9e-113	  407
comp116804_c0_seq1	ruditapes_c2032	73.19	470	105	9	261	714	684	220	2e-68	  259
comp116920_c0_seq1	ruditapes_lrc13723	78.38	333	72	0	69	401	21	353	5e-74	  277
comp117230_c0_seq2	ruditapes_c26815	73.58	458	108	8	269	720	187	637	2e-68	  259
comp117649_c0_seq1	ruditapes2_c230	72.89	653	165	6	315	960	766	119	6e-100	  363
comp117922_c0_seq1	ruditapes_c28256	77.03	627	135	8	367	990	662	42	2e-127	  455
comp118739_c0_seq1	ruditapes_c12661	87.92	240	23	4	3	242	217	450	4e-78	  289
comp118779_c1_seq1	ruditapes_c16567	75.06	413	103	0	1	413	6	418	2e-75	  280
comp119038_c0_seq1	ruditapes_c15646	71.49	498	142	0	217	714	35	532	1e-68	  259
comp119120_c0_seq3	ruditapes2_c1443	79.81	530	98	4	45	573	700	179	1e-130	  464
comp119220_c0_seq1	ruditapes_c28165	82.57	413	72	0	200	612	419	7	3e-117	  421
comp119878_c0_seq1	ruditapes2_c1811	81.74	334	59	1	688	1021	337	6	1e-88	  325
comp119983_c1_seq1	ruditapes2_c1	78.10	525	115	0	1	525	1042	518	8e-120	  428
comp120210_c0_seq1	ruditapes2_c5648	73.47	475	124	2	135	608	128	601	9e-76	  282
comp120416_c0_seq1	ruditapes_c16007	76.35	592	138	2	709	1299	5	595	5e-121	  434
comp120500_c0_seq2	ruditapes_c16942	73.52	657	172	2	11	666	657	2	3e-109	  394
comp121728_c0_seq1	ruditapes_c9483	77.69	381	84	1	1	381	86	465	8e-82	  302
comp121934_c0_seq1	ruditapes2_c1124	78.25	446	93	4	1	445	13	455	1e-96	  352
comp122080_c0_seq1	ruditapes2_c2642	73.24	497	115	9	2051	2541	27	511	3e-72	  273
comp122176_c0_seq1	ruditapes_c242	82.22	270	48	0	109	378	108	377	4e-72	  271
comp122211_c0_seq1	ruditapes_c5052	74.40	414	104	2	53	465	39	451	1e-69	  262
comp122280_c0_seq1	ruditapes2_c2788	81.89	530	91	5	1020	1548	554	29	9e-144	  509
comp122295_c0_seq1	ruditapes_c32371	78.53	1006	215	1	36	1041	10	1014	0.0	  852
comp122358_c1_seq1	ruditapes2_c1615	75.06	449	108	4	198	645	491	46	2e-78	  291
comp122548_c0_seq1	ruditapes_lrc15185	81.87	651	113	2	8	653	651	1	0.0	  637
comp122572_c0_seq1	ruditapes_lrc32602	77.06	571	110	6	32	593	627	69	8e-121	  432
comp122575_c0_seq2	ruditapes2_c5138	80.59	577	109	1	83	656	596	20	1e-151	  535
comp122622_c1_seq2	ruditapes_c24798	75.60	414	96	4	134	543	117	529	2e-78	  291
comp122633_c0_seq1	ruditapes2_c2333	79.46	516	102	2	665	1179	585	73	2e-125	  448
comp122635_c0_seq1	ruditapes_lrc12381	77.49	573	123	2	68	637	48	617	1e-125	  448
comp122637_c0_seq1	ruditapes_c16402	75.50	502	111	8	905	1397	528	30	1e-90	  333
comp122865_c1_seq1	ruditapes2_lrc3246	81.40	602	104	6	237	832	621	22	8e-160	  562
comp122865_c2_seq1	ruditapes_c24684	78.48	446	89	4	123	567	11	450	5e-99	  360
comp122982_c0_seq1	ruditapes_c2013	79.20	327	66	2	68	394	104	428	1e-73	  277
comp123124_c0_seq1	ruditapes_c5293	79.81	411	81	2	578	987	470	879	9e-99	  360
comp123187_c0_seq1	ruditapes_c15865	74.76	527	110	9	994	1510	532	19	5e-90	  331
comp123358_c0_seq1	ruditapes_c23493	74.89	458	92	10	1	444	23	471	6e-76	  284
comp123468_c0_seq1	ruditapes_c28069	75.93	457	104	4	383	835	83	537	3e-90	  331
comp123614_c0_seq4	ruditapes_c19437	77.62	429	82	5	501	922	3	424	4e-90	  331
comp123636_c0_seq1	ruditapes_c140	77.44	328	73	1	353	680	429	103	1e-67	  255
comp123681_c0_seq2	ruditapes_c17363	77.52	694	151	4	265	957	187	876	2e-151	  535
comp123698_c3_seq1	ruditapes_c16249	86.11	216	30	0	337	552	1	216	1e-67	  255
comp123769_c1_seq1	ruditapes_lrc30594	76.80	487	109	4	271	755	66	550	2e-98	  358
comp123770_c0_seq1	ruditapes_lrc34182	79.37	882	164	4	29	904	883	14	0.0	  769
comp123774_c0_seq1	ruditapes2_c97	74.33	1313	335	2	120	1431	1396	85	0.0	  857
comp123780_c1_seq1	ruditapes_lrc32261	77.14	700	147	3	5	695	3	698	8e-153	  540
comp123785_c0_seq1	ruditapes_lrc34654	79.93	299	60	0	5	303	399	101	3e-72	  269
comp123801_c0_seq1	ruditapes_c3824	81.32	514	96	0	179	692	154	667	9e-140	  495
comp123805_c0_seq1	ruditapes_c1609	79.52	1079	221	0	315	1393	1127	49	0.0	  955
comp123809_c0_seq4	ruditapes_c25855	81.01	611	103	12	1	600	54	662	2e-156	  551
comp123811_c0_seq1	ruditapes2_c3518	78.92	721	136	10	52	765	65	776	7e-167	  585
comp124032_c0_seq1	ruditapes_c19102	77.09	419	88	7	450	865	47	460	1e-81	  302
comp124055_c0_seq2	ruditapes2_c3813	76.27	632	133	7	5500	6121	36	660	1e-124	  448
comp124055_c0_seq3	ruditapes_c29187	74.68	699	173	4	2195	2891	1	697	3e-125	  450
comp124056_c0_seq1	ruditapes_c15479	74.54	377	96	0	556	932	1	377	3e-65	  248
comp124140_c0_seq1	ruditapes_c23562	76.32	418	92	5	70	486	8	419	2e-78	  291
comp124268_c0_seq1	ruditapes2_c1058	75.48	828	200	1	34	861	25	849	2e-169	  594
comp124340_c0_seq1	ruditapes_c29881	72.61	533	136	7	163	691	139	665	5e-75	  280
comp124775_c3_seq1	ruditapes_c15227	70.35	570	151	9	99	657	77	639	3e-64	  244
comp124997_c1_seq1	ruditapes2_c477	76.82	509	102	5	908	1407	31	532	4e-104	  378
comp125019_c0_seq1	ruditapes2_c420	76.40	356	84	0	156	511	356	1	3e-70	  264
comp125314_c0_seq1	ruditapes_c18456	76.10	431	93	10	45	472	21	444	7e-74	  277
comp125354_c0_seq1	ruditapes_c1836	76.86	389	90	0	569	957	426	38	1e-79	  297
comp125386_c0_seq1	ruditapes2_c39	74.07	513	131	2	982	1493	513	2	5e-86	  318
comp125404_c0_seq1	ruditapes2_c2251	80.75	374	72	0	324	697	433	60	3e-96	  351
comp125539_c0_seq1	ruditapes_c25759	84.74	380	55	3	581	960	379	3	4e-115	  414
comp125595_c0_seq1	ruditapes_c1355	76.85	527	122	0	201	727	726	200	2e-111	  401
comp125622_c0_seq1	ruditapes_c10113	77.29	436	99	0	49	484	1	436	3e-93	  340
comp125911_c0_seq1	ruditapes_c1980	78.52	554	116	1	286	839	770	220	3e-129	  461
comp125913_c0_seq1	ruditapes_c6411	82.54	252	43	1	76	326	65	316	5e-67	  253
comp125945_c0_seq2	ruditapes_c11316	74.08	463	104	4	75	534	63	512	4e-78	  291
comp126129_c0_seq1	ruditapes_c29798	74.01	454	115	3	69	521	644	193	7e-74	  277
comp126137_c0_seq1	ruditapes_c13063	77.43	412	89	2	2291	2700	412	3	7e-86	  318
comp126138_c0_seq1	ruditapes_c15021	73.40	624	153	7	66	683	664	48	2e-98	  358
comp126199_c0_seq1	ruditapes_c7097	77.85	781	173	0	167	947	113	893	1e-179	  628
comp126243_c0_seq1	ruditapes2_c1692	74.53	369	90	2	406	774	814	450	6e-62	  237
comp126265_c0_seq1	ruditapes2_c645	75.51	792	192	2	108	898	97	887	2e-155	  547
comp126425_c2_seq1	ruditapes_c16356	82.44	558	92	4	1	558	7	558	7e-157	  553
comp126452_c0_seq2	ruditapes_c17359	74.02	689	166	12	985	1671	758	81	6e-109	  394
comp126503_c0_seq1	ruditapes2_c789	77.61	335	73	2	581	914	553	886	2e-68	  259
comp126722_c1_seq1	ruditapes_c13715	75.64	390	95	0	4	393	410	21	1e-73	  275
comp126777_c0_seq1	ruditapes_c15407	74.80	734	181	3	72	802	33	765	3e-135	  480
comp126801_c1_seq1	ruditapes_c10806	73.66	429	112	1	326	754	596	169	4e-69	  260
comp126953_c0_seq1	ruditapes_c19690	74.36	468	98	16	78	535	6	461	5e-66	  251
comp126958_c0_seq1	ruditapes_c24468	78.50	521	112	0	633	1153	3	523	1e-121	  435
comp127023_c0_seq1	ruditapes_lrc32677	78.10	516	108	4	175	687	529	16	1e-113	  408
comp127108_c0_seq1	ruditapes_lrc34105	84.72	445	60	5	53	495	8	446	1e-135	  480
comp127174_c0_seq1	ruditapes_lrc33063	81.77	620	110	1	446	1062	654	35	3e-173	  607
comp127464_c2_seq1	ruditapes_c29368	79.05	315	56	8	1	314	157	462	2e-64	  244
comp127520_c0_seq1	ruditapes2_c4591	83.94	218	35	0	361	578	261	44	1e-61	  235
comp127576_c0_seq1	ruditapes2_c1611	79.17	432	86	4	80	511	125	552	9e-99	  360
comp127584_c0_seq1	ruditapes2_c3369	76.98	995	228	1	253	1246	1168	174	0.0	  762
comp127584_c0_seq2	ruditapes_lrc35732	80.22	359	67	1	253	611	538	184	5e-89	  327
comp127636_c0_seq1	ruditapes_c20657	76.68	386	88	1	463	848	421	38	3e-77	  288
comp127688_c0_seq1	ruditapes_c3243	83.88	459	74	0	224	682	610	152	3e-139	  495
comp127710_c1_seq2	ruditapes_c1574	76.13	532	119	4	205	732	742	215	6e-104	  376
comp127716_c0_seq1	ruditapes2_c101	71.19	531	137	9	115	637	88	610	3e-63	  242
comp127806_c0_seq3	ruditapes_c10304	77.63	380	85	0	1164	1543	1	380	3e-81	  302
comp128085_c0_seq2	ruditapes2_c2308	74.03	643	149	6	283	917	5	637	9e-110	  396
comp128089_c0_seq1	ruditapes_c8263	73.70	460	116	3	6	463	235	691	1e-73	  275
comp128176_c0_seq1	ruditapes_c24995	74.15	530	125	10	223	747	1	523	1e-82	  306
comp128327_c0_seq2	ruditapes2_c71	69.42	726	210	7	160	878	983	263	3e-78	  291
comp128687_c0_seq2	ruditapes_c16036	77.99	677	145	3	245	918	2	677	3e-153	  540
comp128724_c0_seq1	ruditapes_lrc32326	73.54	446	110	4	456	897	449	8	1e-69	  262
comp128736_c0_seq1	ruditapes2_lrc2615	79.67	428	84	1	103	527	430	3	6e-104	  378
comp128765_c0_seq1	ruditapes_c14905	81.93	841	152	0	1855	2695	1058	218	0.0	  834
comp128788_c0_seq2	ruditapes_c12660	80.26	304	58	2	213	516	153	454	2e-72	  271
comp128815_c0_seq1	ruditapes_c3359	69.72	720	209	6	48	763	69	783	6e-80	  297
comp128898_c0_seq1	ruditapes_c9908	73.70	441	110	2	561	998	6	443	1e-71	  269
comp128957_c0_seq1	ruditapes_c14221	80.34	417	80	2	754	1169	478	63	1e-103	  376
comp129056_c0_seq2	ruditapes_c10377	80.15	267	52	1	1289	1555	1	266	3e-62	  239
comp129064_c0_seq1	ruditapes2_c589	78.07	985	193	10	917	1900	1023	61	0.0	  778
comp129093_c0_seq1	ruditapes2_lrc2999	85.45	213	31	0	1	213	283	71	2e-65	  246
comp129116_c1_seq4	ruditapes2_c3057	77.81	302	67	0	206	507	751	450	4e-64	  244
comp129133_c0_seq1	ruditapes_c7399	72.28	606	128	11	601	1188	1	584	7e-89	  327
comp129267_c0_seq1	ruditapes2_lrc3157	77.11	865	197	1	518	1382	1	864	0.0	  668
comp129272_c0_seq2	ruditapes2_c3066	76.97	304	70	0	22	325	24	327	5e-61	  233
comp129323_c0_seq1	ruditapes_c18768	76.61	744	159	9	416	1153	6	740	3e-156	  551
comp129345_c0_seq1	ruditapes2_c2079	79.06	831	168	2	1	828	6	833	0.0	  711
comp129354_c0_seq1	ruditapes2_c224	78.45	362	75	1	80	441	83	441	3e-81	  300
comp129562_c0_seq1	ruditapes2_c2978	78.08	406	87	2	56	461	411	8	3e-88	  324
comp129592_c0_seq1	ruditapes_c13475	78.34	457	95	2	806	1262	667	215	2e-102	  372
comp129721_c0_seq2	ruditapes_c23951	72.56	532	141	4	342	869	550	20	9e-78	  289
comp129951_c1_seq2	ruditapes2_c1712	72.29	480	119	7	462	936	161	631	3e-65	  248
comp130019_c0_seq4	ruditapes2_c3002	70.54	706	190	10	750	1447	37	732	6e-83	  307
comp130138_c0_seq1	ruditapes_c28872	70.20	614	175	7	99	709	54	662	1e-68	  259
comp130168_c0_seq1	ruditapes2_c380	73.59	462	120	2	365	826	768	309	6e-74	  277
comp130245_c0_seq1	ruditapes2_c1561	74.11	448	114	2	756	1202	528	82	2e-74	  279
comp130371_c1_seq1	ruditapes_c12803	79.48	814	162	4	1	812	36	846	0.0	  704
comp130371_c2_seq1	ruditapes_c25365	78.29	304	62	4	127	427	61	363	2e-62	  237
comp130372_c0_seq1	ruditapes_c10828	77.00	661	144	6	491	1150	735	82	2e-137	  488
comp130414_c0_seq1	ruditapes_c11533	80.15	519	97	6	717	1233	584	70	6e-126	  450
comp130433_c1_seq2	ruditapes_c11231	72.41	424	117	0	133	556	2	425	5e-62	  237
comp130527_c0_seq2	ruditapes_c6496	78.43	459	99	0	1	459	511	53	5e-115	  412
comp130529_c0_seq1	ruditapes_c4044	76.55	772	170	4	400	1166	1014	249	3e-162	  571
comp130607_c4_seq1	ruditapes_c17550	77.33	375	85	0	42	416	5	379	2e-81	  300
comp130662_c2_seq2	ruditapes_c9858	76.63	398	80	9	238	634	369	754	2e-71	  269
comp130679_c0_seq1	ruditapes_c8398	80.42	332	65	0	1043	1374	333	2	2e-82	  306
comp130735_c1_seq2	ruditapes_c17896	74.71	431	107	2	177	607	466	38	2e-74	  279
comp130760_c0_seq1	ruditapes2_c3333	83.14	439	74	0	761	1199	452	14	1e-128	  459
comp130803_c0_seq1	ruditapes2_lrc2999	86.36	264	36	0	1	264	65	328	6e-86	  315
comp130811_c0_seq1	ruditapes2_c2816	74.27	855	209	4	702	1552	973	126	2e-153	  542
comp130910_c0_seq1	ruditapes2_lrc3101	80.49	1025	198	2	100	1124	30	1052	0.0	  940
comp130923_c0_seq1	ruditapes2_c3508	81.99	622	110	2	716	1337	14	633	4e-174	  610
comp130965_c0_seq1	ruditapes2_c474	81.16	292	53	1	52	341	36	327	8e-74	  277
comp130992_c0_seq1	ruditapes_lrc29067	81.86	452	82	0	38	489	61	512	7e-125	  446
comp130992_c0_seq2	ruditapes_lrc37613	81.28	422	79	0	38	459	62	483	2e-112	  405
comp131052_c1_seq1	ruditapes_c8987	80.51	544	102	4	298	841	1	540	7e-138	  489
comp131113_c4_seq1	ruditapes_c4169	73.99	542	129	4	607	1142	619	84	3e-91	  334
comp131116_c0_seq1	ruditapes_c2098	82.84	437	75	0	121	557	135	571	8e-126	  450
comp131167_c0_seq4	ruditapes2_c697	84.20	367	56	2	23	389	31	395	4e-109	  394
comp131256_c0_seq1	ruditapes_c12256	79.85	268	54	0	477	744	268	1	5e-63	  241
comp131492_c0_seq3	ruditapes_c17348	74.89	685	168	4	201	884	146	827	6e-127	  453
comp131542_c0_seq1	ruditapes_c9838	73.71	563	142	3	326	884	584	24	5e-93	  340
comp131570_c2_seq1	ruditapes2_c97	76.01	596	143	0	3	598	626	1221	7e-121	  432
comp131608_c0_seq2	ruditapes_c10494	73.02	504	128	4	313	812	791	292	2e-76	  286
comp131651_c2_seq1	ruditapes_c10834	75.79	442	104	3	230	670	1	440	3e-82	  304
comp131660_c0_seq1	ruditapes_c21602	78.07	561	121	2	746	1304	589	29	1e-127	  455
comp131711_c0_seq2	ruditapes_c3243	84.05	464	73	1	459	922	148	610	3e-141	  500
comp131711_c0_seq3	ruditapes_c2436	85.30	449	66	0	27	475	547	99	2e-145	  513
comp131726_c0_seq1	ruditapes2_c4295	76.84	898	207	1	1016	1913	945	49	0.0	  679
comp131808_c0_seq1	ruditapes2_c2247	77.15	582	132	1	259	839	8	589	2e-126	  452
comp131954_c0_seq1	ruditapes2_c3334	77.70	982	211	5	39	1019	1	975	0.0	  769
comp132010_c0_seq1	ruditapes_c10612	73.66	486	107	7	80	558	472	1	4e-77	  288
comp132045_c0_seq1	ruditapes_c1110	71.03	611	169	4	295	901	169	775	1e-78	  293
comp132079_c1_seq1	ruditapes2_lrc5037	83.33	282	47	0	448	729	368	649	6e-80	  297
comp132079_c1_seq3	ruditapes2_c439	88.24	289	33	1	235	522	310	22	9e-101	  365
comp132079_c1_seq4	ruditapes_lrc23687	81.14	281	53	0	448	728	324	44	3e-71	  268
comp132079_c1_seq5	ruditapes2_c918	81.20	266	48	2	234	499	208	471	2e-65	  248
comp132079_c1_seq6	ruditapes_c6356	80.36	275	54	0	310	584	356	82	5e-67	  253
comp132079_c1_seq9	ruditapes_c2562	81.45	275	51	0	135	409	347	73	5e-71	  266
comp132209_c0_seq2	ruditapes_c846	79.90	1045	204	2	1605	2649	1105	67	0.0	  935
comp132248_c0_seq1	ruditapes2_c2161	80.28	720	142	0	348	1067	552	1271	0.0	  668
comp132285_c0_seq1	ruditapes_c16191	76.38	470	86	7	156	616	345	798	4e-92	  338
comp132305_c0_seq2	ruditapes2_c482	80.84	454	83	4	466	918	562	112	1e-114	  412
comp132314_c0_seq1	ruditapes_c452	72.42	707	192	3	74	778	81	786	7e-107	  387
comp132338_c0_seq1	ruditapes_c767	76.72	597	131	3	64	653	55	650	2e-124	  444
comp132366_c0_seq1	ruditapes_c24293	74.81	516	129	1	151	665	113	628	4e-97	  354
comp132428_c0_seq2	ruditapes_c16832	80.63	315	61	0	314	628	368	54	1e-79	  295
comp132461_c0_seq1	ruditapes_c17998	73.62	436	113	2	536	971	33	466	8e-69	  260
comp132541_c0_seq1	ruditapes_c7367	72.44	624	170	2	161	783	27	649	5e-94	  343
comp132566_c0_seq1	ruditapes2_c3942	81.11	360	60	3	154	506	636	278	7e-92	  336
comp132567_c0_seq1	ruditapes_c19330	73.04	497	124	5	742	1235	544	55	2e-74	  279
comp132584_c0_seq3	ruditapes2_c1356	77.03	1049	213	22	1327	2367	1029	1	0.0	  733
comp132584_c0_seq4	ruditapes2_c24	78.77	1088	214	13	1327	2408	1078	2	0.0	  877
comp132584_c0_seq5	ruditapes2_lrc4150	78.84	293	57	4	1327	1619	493	780	4e-61	  235
comp132731_c0_seq1	ruditapes2_lrc3671	76.36	571	133	2	75	645	734	166	4e-115	  414
comp132759_c0_seq1	ruditapes_c9001	79.54	567	116	0	833	1399	692	126	8e-144	  509
comp132777_c0_seq9	ruditapes2_c1920	79.23	568	105	11	170	736	6	561	2e-127	  455
comp132798_c0_seq1	ruditapes2_c1824	71.96	624	159	10	50	669	3	614	8e-83	  306
comp132831_c0_seq1	ruditapes_c14899	82.68	687	102	14	1231	1908	5	683	0.0	  655
comp132889_c0_seq2	ruditapes_c17103	75.18	564	126	4	446	1009	556	7	3e-105	  381
comp132997_c0_seq2	ruditapes_c26657	77.43	421	80	10	805	1216	486	72	2e-81	  302
comp133030_c1_seq1	ruditapes_c25138	79.75	405	81	1	335	739	709	306	2e-98	  358
comp133032_c0_seq2	ruditapes_c8716	76.52	328	71	2	69	393	370	46	2e-63	  241
comp133033_c0_seq1	ruditapes_c8101	76.46	841	186	9	417	1250	887	52	2e-170	  598
comp133082_c0_seq1	ruditapes_c11052	75.18	419	87	8	1940	2352	1	408	3e-70	  266
comp133090_c0_seq2	ruditapes_c8217	67.65	779	242	7	437	1210	802	29	1e-64	  246
comp133111_c0_seq1	ruditapes2_c379	78.54	466	99	1	164	629	136	600	7e-107	  387
comp133146_c0_seq1	ruditapes_c22183	76.34	372	80	3	93	458	113	482	3e-71	  268
comp133232_c0_seq1	ruditapes_c30224	74.36	589	124	10	411	989	576	5	2e-99	  361
comp133257_c0_seq1	ruditapes_lrc35529	70.21	809	214	14	87	887	826	37	2e-91	  334
comp133257_c0_seq2	ruditapes2_c1190	78.96	347	70	1	87	433	721	378	2e-79	  295
comp133269_c0_seq2	ruditapes_c10844	73.04	497	116	7	2395	2885	657	173	4e-75	  282
comp133336_c0_seq1	ruditapes_lrc32168	77.96	490	104	3	461	948	525	38	5e-107	  387
comp133336_c0_seq2	ruditapes_lrc25599	78.70	493	97	2	746	1234	550	62	4e-115	  414
comp133336_c0_seq3	ruditapes2_lrc3825	76.97	495	114	0	725	1219	592	98	7e-106	  383
comp133351_c0_seq1	ruditapes_lrc28735	69.88	800	230	9	384	1178	880	87	1e-89	  329
comp133397_c0_seq5	ruditapes_c28732	72.41	540	129	7	1343	1881	741	221	2e-77	  289
comp133410_c0_seq1	ruditapes2_c693	76.73	361	84	0	477	837	511	151	6e-73	  273
comp133426_c0_seq3	ruditapes_c3894	76.70	412	91	3	666	1074	438	29	2e-81	  302
comp133452_c0_seq1	ruditapes2_c1446	73.96	457	116	3	277	732	638	184	5e-74	  277
comp133552_c0_seq1	ruditapes2_c427	76.65	865	187	4	2224	3085	1	853	0.0	  652
comp133621_c0_seq1	ruditapes_c11967	77.80	473	102	2	140	612	472	3	6e-103	  374
comp133634_c0_seq1	ruditapes_c22651	80.43	281	50	3	1451	1730	351	75	2e-65	  250
comp133635_c0_seq1	ruditapes2_c1060	81.01	337	45	6	71	389	378	713	3e-84	  311
comp133655_c2_seq1	ruditapes_c703	93.37	890	39	4	20	908	871	1	0.0	 1339
comp133687_c0_seq1	ruditapes_c13481	82.93	416	69	1	101	514	426	11	5e-119	  428
comp133709_c0_seq1	ruditapes2_c2226	80.69	492	94	1	942	1432	3	494	2e-127	  455
comp133765_c0_seq1	ruditapes_c29908	81.48	270	48	2	2	269	282	551	2e-67	  255
comp133830_c2_seq2	ruditapes_c23317	79.03	434	89	2	355	788	434	3	6e-101	  367
comp133926_c0_seq1	ruditapes_c10223	82.99	294	50	0	221	514	294	1	1e-82	  306
comp133944_c0_seq1	ruditapes_c18013	73.67	562	124	11	752	1297	648	95	3e-86	  318
comp133947_c0_seq1	ruditapes2_c1677	74.81	528	126	3	659	1182	525	1	3e-94	  345
comp133957_c0_seq1	ruditapes_c919	80.26	770	149	1	100	866	68	837	0.0	  702
comp134037_c0_seq2	ruditapes_c7257	80.27	375	73	1	48	422	81	454	9e-93	  340
comp134038_c0_seq1	ruditapes_c27275	77.61	402	89	1	962	1362	483	82	2e-85	  316
comp134048_c5_seq6	ruditapes_c9861	78.99	457	91	3	5	460	25	477	1e-105	  383
comp134114_c0_seq1	ruditapes_c14217	70.79	534	153	3	559	1092	537	7	1e-65	  250
comp134215_c0_seq2	ruditapes2_c1747	74.16	658	150	12	119	771	39	681	1e-106	  385
comp134276_c0_seq1	ruditapes_c4090	80.88	659	120	6	235	890	5	660	6e-171	  600
comp134318_c0_seq4	ruditapes_c24061	76.55	371	83	3	1721	2091	427	61	8e-71	  268
comp134387_c0_seq1	ruditapes_c3399	82.36	567	100	0	24	590	20	586	5e-163	  572
comp134400_c0_seq4	ruditapes_c27296	81.82	275	50	0	292	566	3	277	4e-72	  271
comp134432_c0_seq1	ruditapes_c7970	73.85	455	119	0	882	1336	8	462	6e-76	  284
comp134483_c0_seq1	ruditapes_c2436	82.74	452	78	0	76	527	96	547	2e-130	  464
comp134566_c0_seq1	ruditapes_c17189	74.19	465	114	6	88	552	634	176	4e-74	  277
comp134593_c0_seq1	ruditapes_c11694	78.80	585	120	4	372	956	594	14	2e-135	  482
comp134625_c0_seq2	ruditapes2_c1362	79.62	476	89	5	903	1370	2	477	2e-115	  416
comp134706_c0_seq1	ruditapes_c12546	77.81	311	66	3	25	334	314	6	6e-63	  241
comp134717_c0_seq1	ruditapes_c14289	76.82	673	135	10	53	717	42	701	4e-136	  484
comp134722_c0_seq2	ruditapes_c7332	79.01	567	118	1	682	1247	599	33	3e-136	  484
comp134749_c0_seq1	ruditapes2_c1800	80.45	793	146	6	27	819	1240	457	0.0	  713
comp134772_c0_seq2	ruditapes_c5996	76.71	687	159	1	566	1252	811	126	2e-145	  515
comp134776_c0_seq1	ruditapes2_c3331	82.07	764	136	1	829	1592	772	10	0.0	  758
comp134807_c0_seq2	ruditapes_c9446	77.91	335	74	0	581	915	1	335	6e-72	  271
comp134819_c0_seq1	ruditapes_c10790	75.70	428	104	0	1149	1576	516	89	8e-82	  304
comp134820_c0_seq2	ruditapes_c25450	72.17	460	102	8	464	916	441	1	1e-62	  241
comp134870_c0_seq10	ruditapes2_c1814	80.32	315	61	1	108	422	314	1	1e-76	  286
comp134898_c0_seq1	ruditapes_c1797	77.14	420	88	2	1582	1997	444	29	1e-87	  324
comp134910_c1_seq1	ruditapes_c2743	86.54	691	87	4	293	980	688	1	0.0	  814
comp134910_c1_seq2	ruditapes2_c4168	85.65	669	96	0	320	988	1386	718	0.0	  776
comp134910_c1_seq4	ruditapes_lrc35676	89.45	417	44	0	197	613	417	1	9e-158	  554
comp134910_c1_seq5	ruditapes2_lrc3255	88.27	682	80	0	225	906	880	199	0.0	  870
comp134910_c1_seq6	ruditapes_lrc27733	88.18	296	32	3	409	704	295	3	1e-100	  365
comp135019_c0_seq1	ruditapes_c12273	76.26	358	80	4	842	1197	435	81	1e-65	  250
comp135023_c1_seq1	ruditapes2_c3397	80.97	620	117	1	512	1131	8	626	2e-166	  585
comp135036_c1_seq1	ruditapes2_c200	80.78	489	94	0	256	744	511	23	7e-129	  459
comp135072_c0_seq4	ruditapes_c16356	72.42	504	131	5	535	1035	1	499	4e-71	  268
comp135132_c0_seq1	ruditapes_c10269	73.01	452	111	5	335	779	3	450	1e-66	  253
comp135186_c0_seq1	ruditapes_c18745	78.77	358	74	2	22	379	33	388	9e-80	  297
comp135196_c1_seq2	ruditapes_c18175	76.34	355	77	5	25	377	124	473	5e-65	  246
comp135205_c0_seq1	ruditapes_c15631	80.61	624	112	6	8	626	6	625	7e-160	  562
comp135206_c0_seq1	ruditapes_lrc17467	83.59	323	53	0	2050	2372	432	110	1e-93	  343
comp135217_c0_seq1	ruditapes_c23934	77.45	306	69	0	1077	1382	7	312	6e-63	  241
comp135234_c0_seq1	ruditapes_c30992	73.68	551	135	8	433	977	652	106	7e-86	  316
comp135234_c0_seq2	ruditapes2_c212	72.41	482	133	0	1	482	110	591	8e-72	  269
comp135235_c1_seq7	ruditapes_c18624	71.91	808	215	7	87	888	1	802	1e-115	  416
comp135248_c0_seq3	ruditapes_c26884	77.72	377	80	3	300	676	3	375	2e-78	  291
comp135381_c0_seq1	ruditapes2_c577	79.09	942	192	5	252	1191	962	24	0.0	  792
comp135385_c0_seq1	ruditapes_c11970	79.43	423	87	0	553	975	1	423	5e-102	  370
comp135523_c0_seq2	ruditapes_c9410	73.38	601	157	3	512	1111	395	993	1e-96	  352
comp135611_c1_seq1	ruditapes_c14976	72.19	453	124	2	180	631	501	50	8e-64	  242
comp135662_c0_seq1	ruditapes2_c1590	80.75	374	72	0	779	1152	555	182	4e-96	  351
comp135870_c1_seq1	ruditapes_c22270	78.93	318	64	3	1	318	189	503	6e-69	  260
comp135897_c0_seq2	ruditapes_c19472	81.70	388	69	2	201	587	2	388	7e-103	  372
comp135949_c0_seq5	ruditapes_c29200	80.76	499	93	1	601	1096	1	499	9e-131	  466
comp135964_c0_seq1	ruditapes_c15690	72.05	526	145	2	1052	1576	539	15	4e-74	  279
comp136076_c0_seq4	ruditapes2_c3252	77.37	358	66	4	1090	1447	466	124	9e-74	  277
comp136076_c0_seq6	ruditapes_c3601	74.04	389	71	8	1090	1465	519	148	8e-62	  237
comp136177_c0_seq1	ruditapes_c15451	76.39	487	109	5	50	535	78	559	3e-94	  343
comp136267_c0_seq1	ruditapes_c16897	70.85	542	148	7	522	1057	676	139	2e-68	  259
comp136347_c1_seq1	ruditapes_c22022	82.79	366	60	3	77	441	457	94	1e-100	  365
comp136418_c1_seq5	ruditapes_c989	79.21	1082	222	1	470	1548	72	1153	0.0	  935
comp136434_c0_seq3	ruditapes2_c505	74.37	874	222	2	2748	3620	941	69	1e-158	  560
comp136445_c0_seq1	ruditapes2_c185	76.36	774	173	6	1611	2380	10	777	2e-156	  553
comp136486_c0_seq2	ruditapes2_c2305	75.73	511	123	1	199	709	1	510	9e-99	  360
comp136490_c0_seq3	ruditapes_lrc34458	81.89	497	84	1	482	978	528	38	6e-138	  491
comp136558_c0_seq3	ruditapes2_c1237	76.97	495	104	2	792	1277	497	4	9e-105	  379
comp136587_c1_seq1	ruditapes_c60	72.61	712	183	9	257	962	1196	1901	1e-103	  376
comp136592_c0_seq1	ruditapes_c9435	66.87	999	275	18	228	1190	1074	96	2e-75	  282
comp136618_c1_seq1	ruditapes_c16371	75.42	598	140	5	2334	2930	104	695	2e-110	  399
comp136686_c0_seq2	ruditapes_c18854	79.52	293	58	2	156	448	384	94	1e-66	  251
comp136747_c3_seq1	ruditapes_c18039	83.48	351	58	0	76	426	50	400	2e-102	  372
comp136765_c1_seq1	ruditapes2_c2143	75.89	336	76	2	853	1188	480	150	7e-62	  237
comp136777_c0_seq1	ruditapes_c19116	76.90	381	84	4	10	390	52	428	7e-74	  277
comp136778_c0_seq1	ruditapes2_c848	78.24	501	109	0	639	1139	1	501	4e-117	  421
comp136782_c0_seq1	ruditapes2_c2310	79.75	395	79	1	852	1245	409	15	1e-95	  349
comp136793_c0_seq1	ruditapes2_c229	73.03	749	189	4	50	793	6	746	5e-121	  434
comp136810_c3_seq1	ruditapes_c4018	76.72	348	73	8	830	1174	383	41	3e-61	  235
comp136830_c0_seq1	ruditapes_c9261	74.94	443	110	1	615	1056	1	443	3e-79	  295
comp136840_c0_seq5	ruditapes2_c2002	78.78	575	120	1	2139	2713	1	573	6e-136	  484
comp136843_c0_seq1	ruditapes_c18754	76.61	654	137	8	85	734	844	203	4e-131	  468
comp136873_c1_seq1	ruditapes2_c270	77.50	440	98	1	276	715	707	269	5e-94	  343
comp136939_c0_seq1	ruditapes_c14079	74.50	447	113	1	191	636	176	622	2e-78	  293
comp136962_c1_seq1	ruditapes_c8518	74.23	392	85	7	215	598	1	384	2e-61	  235
comp136963_c0_seq1	ruditapes2_c344	72.44	479	130	2	558	1036	508	32	1e-69	  262
comp137038_c0_seq1	ruditapes_c26391	70.83	552	155	6	146	696	618	72	6e-65	  248
comp137040_c0_seq1	ruditapes_c12963	75.93	378	91	0	576	953	1	378	4e-72	  271
comp137143_c0_seq2	ruditapes_c16163	75.42	419	101	2	27	445	26	442	3e-76	  284
comp137174_c0_seq4	ruditapes2_c2225	82.77	621	84	8	1512	2129	601	1	1e-177	  623
comp137174_c0_seq5	ruditapes_c28056	85.75	716	94	7	169	883	709	1	0.0	  809
comp137192_c0_seq1	ruditapes_c7235	77.41	394	89	0	409	802	2	395	1e-83	  309
comp137195_c0_seq5	ruditapes2_c2264	79.70	670	135	1	100	769	759	91	1e-168	  592
comp137246_c1_seq10	ruditapes2_lrc3213	83.50	788	130	0	467	1254	3	790	0.0	  836
comp137246_c1_seq12	ruditapes_lrc28735	86.86	799	104	1	468	1266	880	83	0.0	  967
comp137246_c1_seq15	ruditapes_c19045	89.20	426	35	5	103	521	36	457	1e-155	  549
comp137246_c1_seq17	ruditapes2_c396	82.42	330	58	0	920	1249	1	330	4e-91	  334
comp137246_c1_seq20	ruditapes_c127	81.05	1214	159	32	526	1726	1	1156	0.0	 1074
comp137246_c1_seq21	ruditapes_c2218	83.69	650	106	0	604	1253	1	650	0.0	  695
comp137246_c1_seq22	ruditapes2_lrc2178	86.69	586	77	1	665	1249	1	586	0.0	  702
comp137246_c1_seq23	ruditapes_lrc10071	86.23	697	90	6	558	1253	1	692	0.0	  803
comp137246_c1_seq25	ruditapes2_c416	81.95	737	132	1	519	1254	1	737	0.0	  728
comp137246_c1_seq26	ruditapes_lrc32388	83.77	1134	177	5	119	1248	56	1186	0.0	 1205
comp137246_c1_seq6	ruditapes2_lrc3936	83.62	641	103	2	597	1236	1	640	0.0	  677
comp137246_c1_seq7	ruditapes_lrc34365	83.50	303	50	0	971	1273	976	674	2e-87	  322
comp137246_c1_seq8	ruditapes_c2779	83.26	454	76	0	644	1097	1	454	4e-134	  477
comp137246_c1_seq9	ruditapes2_lrc4521	86.30	460	62	1	805	1264	943	485	1e-153	  542
comp137250_c0_seq2	ruditapes2_c97	69.42	1066	317	4	7	1066	1170	108	1e-128	  459
comp137253_c0_seq2	ruditapes_lrc12879	74.63	469	108	7	1877	2340	4	466	1e-80	  300
comp137268_c0_seq1	ruditapes2_c2109	76.36	423	98	2	491	912	674	253	1e-82	  306
comp137280_c0_seq2	ruditapes2_c521	77.49	462	97	3	51	512	16	470	5e-98	  358
comp137332_c0_seq1	ruditapes_c16833	80.32	371	73	0	1114	1484	2	372	1e-92	  340
comp137441_c1_seq4	ruditapes_c17007	72.81	570	138	6	958	1520	622	63	8e-89	  327
comp137498_c0_seq2	ruditapes2_c839	85.97	392	51	4	1001	1391	411	23	3e-124	  444
comp137516_c0_seq1	ruditapes_c1784	78.88	658	134	3	49	704	1	655	1e-157	  554
comp137518_c0_seq1	ruditapes_c13383	79.45	652	127	3	1651	2295	767	116	6e-161	  567
comp137532_c0_seq1	ruditapes_c19811	80.09	432	83	3	88	519	137	565	2e-105	  381
comp137587_c0_seq1	ruditapes2_c2064	72.99	596	153	4	378	970	611	21	2e-92	  338
comp137672_c0_seq1	ruditapes2_c1656	71.08	830	225	9	2314	3133	829	5	1e-109	  398
comp137754_c0_seq1	ruditapes_c16160	71.60	500	142	0	863	1362	612	113	2e-69	  262
comp137755_c0_seq1	ruditapes2_c537	73.28	928	240	5	500	1425	936	15	3e-156	  551
comp137775_c0_seq1	ruditapes2_c368	72.08	480	127	3	120	594	955	478	4e-67	  255
comp137929_c0_seq1	ruditapes_c2307	80.63	382	65	2	821	1193	616	235	8e-99	  360
comp137930_c0_seq1	ruditapes2_c1617	74.18	577	146	3	40	615	60	634	1e-98	  360
comp137985_c0_seq1	ruditapes2_c1582	74.88	824	199	4	337	1156	820	1	2e-154	  545
comp137986_c0_seq3	ruditapes_c21050	80.47	430	84	0	1217	1646	2	431	5e-110	  398
comp138235_c0_seq3	ruditapes_c7637	83.59	829	136	0	1827	2655	830	2	0.0	  883
comp138304_c0_seq1	ruditapes_c8072	77.18	425	97	0	1412	1836	693	269	6e-90	  331
comp138350_c0_seq3	ruditapes_c15700	73.56	503	132	1	1090	1592	13	514	9e-82	  304
comp138367_c0_seq1	ruditapes_c7775	81.19	420	79	0	531	950	422	3	3e-111	  401
comp138387_c0_seq1	ruditapes2_c4168	83.05	1351	217	3	290	1630	1395	47	0.0	 1409
comp138387_c0_seq2	ruditapes_c2743	84.94	684	100	3	271	954	681	1	0.0	  758
comp138437_c0_seq1	ruditapes_c22159	82.80	436	72	3	705	1140	1	433	4e-122	  437
comp138500_c1_seq2	ruditapes2_c1754	82.13	375	67	0	715	1089	375	1	5e-103	  374
comp138501_c0_seq2	ruditapes_c11557	74.41	633	147	6	135	767	70	687	7e-110	  398
comp138508_c1_seq2	ruditapes2_c2584	73.38	819	192	11	127	936	856	55	3e-134	  477
comp138539_c0_seq4	ruditapes_c2904	71.95	1016	270	8	1047	2055	308	1315	2e-148	  526
comp138539_c0_seq5	ruditapes_c4044	70.53	638	183	5	988	1623	256	890	7e-77	  288
comp138539_c0_seq6	ruditapes_lrc13797	73.47	652	170	2	984	1633	161	811	8e-108	  390
comp138539_c0_seq7	ruditapes_lrc34795	70.33	637	184	4	1053	1688	678	46	9e-76	  284
comp138541_c0_seq2	ruditapes_c3891	78.16	380	83	0	374	753	476	97	2e-84	  311
comp138590_c1_seq1	ruditapes_c25625	74.53	428	109	0	1215	1642	128	555	2e-74	  280
comp138653_c0_seq1	ruditapes_c4622	79.57	558	105	2	58	615	33	581	4e-138	  491
comp138653_c0_seq2	ruditapes_c3716	86.10	259	35	1	58	316	33	290	2e-81	  302
comp138666_c0_seq1	ruditapes_c12791	74.94	387	95	2	16	401	91	476	2e-66	  253
comp138679_c0_seq1	ruditapes_c13945	77.06	388	88	1	678	1065	422	36	2e-79	  295
comp138685_c0_seq2	ruditapes_c7902	74.53	428	101	4	87	510	159	582	2e-71	  269
comp138688_c0_seq5	ruditapes_c10261	79.95	374	75	0	28	401	90	463	1e-91	  336
comp138697_c4_seq6	ruditapes2_c11	82.55	447	78	0	343	789	558	112	9e-128	  455
comp138712_c1_seq2	ruditapes_c2216	84.58	506	72	4	1181	1685	118	618	1e-155	  549
comp138730_c0_seq1	ruditapes_c14440	71.26	581	145	7	621	1185	878	304	6e-76	  284
comp138739_c0_seq1	ruditapes_c8251	81.49	389	72	0	908	1296	1	389	3e-104	  378
comp138760_c3_seq16	ruditapes_c24273	74.43	696	174	4	301	994	2	695	4e-123	  441
comp138839_c0_seq3	ruditapes_c1531	77.70	408	87	4	663	1068	8	413	6e-84	  311
comp138847_c0_seq3	ruditapes_c10863	73.81	504	104	4	40	540	784	306	3e-87	  322
comp138873_c1_seq1	ruditapes2_c616	74.66	734	186	0	83	816	52	785	3e-141	  500
comp138898_c0_seq1	ruditapes2_c1038	73.33	480	128	0	1092	1571	12	491	2e-77	  289
comp138935_c0_seq2	ruditapes2_c863	73.26	733	194	2	1713	2444	31	762	9e-121	  434
comp138964_c0_seq1	ruditapes2_c1338	79.00	857	180	0	356	1212	858	2	0.0	  737
comp139040_c3_seq1	ruditapes2_c2060	76.13	331	78	1	928	1258	330	1	9e-62	  237
comp139070_c0_seq1	ruditapes_c10736	73.47	475	121	3	393	864	3	475	5e-75	  280
comp139089_c0_seq1	ruditapes_c17516	75.73	379	90	2	49	426	378	1	2e-69	  262
comp139093_c0_seq1	ruditapes2_c1062	74.86	529	129	2	858	1386	73	597	3e-95	  349
comp139135_c0_seq1	ruditapes_c11017	75.00	672	162	5	385	1052	689	20	1e-122	  439
comp139141_c1_seq1	ruditapes_c2009	73.38	447	119	0	969	1415	451	5	3e-71	  269
comp139150_c0_seq3	ruditapes_c31830	72.20	554	152	2	4086	4639	285	836	1e-79	  298
comp139151_c0_seq1	ruditapes_c9557	76.51	413	96	1	467	878	417	5	5e-82	  304
comp139165_c0_seq2	ruditapes_c11036	82.85	309	53	0	517	825	310	2	4e-86	  318
comp139196_c0_seq1	ruditapes_c9886	84.77	256	39	0	1174	1429	1	256	2e-76	  286
comp139209_c0_seq8	ruditapes_c11272	81.82	418	68	2	19	435	412	822	1e-117	  423
comp139291_c0_seq2	ruditapes_c8443	76.98	430	93	2	370	793	25	454	3e-88	  325
comp139308_c0_seq2	ruditapes2_c3913	70.93	853	236	4	582	1428	1091	245	5e-115	  414
comp139393_c0_seq2	ruditapes_c17191	81.11	360	65	3	1048	1406	10	367	2e-90	  333
comp139433_c0_seq2	ruditapes_c2031	78.31	544	108	4	973	1511	654	116	2e-125	  448
comp139450_c0_seq3	ruditapes2_c3018	75.83	422	101	1	538	959	422	2	4e-80	  298
comp139467_c0_seq1	ruditapes2_c331	79.77	618	123	2	261	878	2	617	4e-154	  544
comp139477_c0_seq3	ruditapes_c12183	78.55	317	66	2	2904	3218	328	12	5e-68	  259
comp139505_c0_seq1	ruditapes_c18494	74.35	382	98	0	16	397	59	440	4e-65	  248
comp139538_c0_seq1	ruditapes_c670	76.59	457	107	0	753	1209	613	157	2e-93	  342
comp139560_c0_seq2	ruditapes_c20546	73.94	426	109	2	482	906	425	1	7e-69	  260
comp139614_c2_seq1	ruditapes_c5901	80.74	353	63	2	34	384	77	426	2e-88	  325
comp139641_c0_seq2	ruditapes2_c356	79.89	373	73	2	300	672	470	100	3e-89	  327
comp139660_c0_seq1	ruditapes_c901	80.52	385	72	3	2626	3009	522	140	7e-94	  345
comp139666_c0_seq1	ruditapes_c9725	79.55	357	67	4	80	432	98	452	1e-81	  302
comp139671_c0_seq1	ruditapes_c13035	74.92	654	159	5	454	1104	660	9	9e-118	  423
comp139707_c0_seq1	ruditapes_c610	73.06	657	138	15	2	643	203	835	9e-97	  354
comp139719_c0_seq1	ruditapes_c7002	76.74	331	77	0	13	343	43	373	2e-67	  255
comp139734_c0_seq9	ruditapes2_c2604	80.49	287	56	0	153	439	19	305	1e-70	  266
comp139794_c0_seq1	ruditapes_c26479	74.41	426	93	6	460	874	426	6	4e-71	  268
comp139810_c0_seq1	ruditapes_c28967	73.49	479	124	3	577	1054	621	145	6e-75	  280
comp139820_c1_seq4	ruditapes_c15628	80.32	442	85	2	3	443	10	450	1e-109	  398
comp139823_c0_seq2	ruditapes_lrc15083	74.80	504	115	8	188	684	85	583	7e-84	  311
comp139896_c0_seq1	ruditapes2_c2410	75.79	504	114	7	786	1289	21	516	4e-91	  334
comp139918_c0_seq3	ruditapes_c12960	78.37	846	181	2	1670	2514	847	3	0.0	  693
comp139989_c0_seq1	ruditapes_c13386	74.49	537	130	7	426	959	542	10	1e-89	  329
comp140065_c2_seq4	ruditapes2_c2393	70.74	639	176	6	93	728	105	735	9e-79	  293
comp140103_c0_seq1	ruditapes_c8698	76.85	337	77	1	1369	1705	2	337	1e-66	  253
comp140116_c0_seq3	ruditapes_c11990	80.59	273	52	1	583	855	288	17	6e-67	  253
comp140152_c0_seq2	ruditapes2_c2563	73.37	413	110	0	896	1308	426	14	1e-66	  253
comp140164_c0_seq2	ruditapes_c15412	76.13	486	109	7	1135	1620	488	10	3e-89	  329
comp140226_c0_seq1	ruditapes_c19772	76.81	427	92	6	1566	1991	440	20	2e-82	  306
comp140265_c0_seq1	ruditapes_c10057	70.62	742	204	10	310	1045	213	946	8e-88	  324
comp140297_c0_seq1	ruditapes_c19432	80.33	427	75	8	1	427	98	515	1e-99	  363
comp140314_c8_seq1	ruditapes2_c361	82.92	609	102	2	35	642	1	608	3e-178	  623
comp140333_c0_seq2	ruditapes2_c928	75.26	380	88	4	51	428	122	497	1e-65	  250
comp140363_c0_seq1	ruditapes_c14886	77.06	401	92	0	580	980	3	403	1e-83	  309
comp140384_c2_seq1	ruditapes_c8812	67.70	873	237	21	88	937	89	939	5e-67	  255
comp140406_c2_seq6	ruditapes2_c56	83.94	274	44	0	59	332	64	337	9e-80	  297
comp140418_c0_seq1	ruditapes_c11976	78.28	511	111	0	469	979	518	8	3e-117	  421
comp140469_c0_seq8	ruditapes_c1597	81.07	375	64	3	213	584	4	374	2e-95	  349
comp140529_c0_seq1	ruditapes_c13636	71.34	499	140	3	132	629	205	701	7e-69	  260
comp140569_c0_seq1	ruditapes2_c865	79.35	620	113	8	2639	3246	1182	1798	2e-148	  526
comp140628_c0_seq1	ruditapes_c9080	72.39	623	158	6	21	639	649	37	3e-91	  334
comp140632_c0_seq2	ruditapes_c19566	77.17	438	95	5	804	1240	24	457	6e-87	  322
comp140633_c0_seq1	ruditapes2_lrc5214	81.79	291	47	4	112	401	96	381	1e-72	  273
comp140645_c0_seq6	ruditapes_c10686	79.64	329	67	0	39	367	23	351	2e-78	  291
comp140648_c0_seq2	ruditapes_c28116	78.48	646	138	1	481	1126	660	16	2e-152	  538
comp140689_c0_seq2	ruditapes_c24251	79.91	443	85	4	1782	2224	3	441	2e-105	  383
comp140690_c4_seq1	ruditapes_c21234	82.53	538	90	4	918	1453	177	712	2e-151	  535
comp140706_c0_seq1	ruditapes_c8145	79.73	365	74	0	1242	1606	1	365	3e-88	  325
comp140715_c0_seq3	ruditapes_c9632	80.82	584	104	5	8	587	27	606	1e-150	  533
comp140718_c0_seq1	ruditapes2_c1833	75.55	364	88	1	76	439	52	414	5e-66	  251
comp140719_c0_seq5	ruditapes_c9789	82.07	290	52	0	288	577	2	291	9e-78	  289
comp140730_c0_seq4	ruditapes_c29330	78.59	341	70	3	1562	1902	16	353	7e-73	  275
comp140748_c0_seq4	ruditapes2_c606	79.27	275	57	0	663	937	297	23	1e-62	  239
comp140761_c0_seq4	ruditapes_c22334	78.05	328	69	3	136	463	325	1	4e-68	  257
comp140766_c1_seq2	ruditapes_c408	70.01	837	230	14	158	982	1	828	5e-91	  334
comp140782_c1_seq2	ruditapes2_c3776	77.76	517	114	1	85	601	78	593	1e-113	  410
comp140810_c1_seq1	ruditapes2_c2275	76.72	408	93	2	30	436	734	328	6e-81	  300
comp140823_c1_seq1	ruditapes2_c2401	73.54	495	128	3	283	777	371	862	3e-78	  291
comp140831_c2_seq7	ruditapes_c21908	74.06	505	96	15	2944	3443	484	10	1e-75	  284
comp140902_c1_seq2	ruditapes_c7506	68.99	861	248	9	1070	1921	41	891	3e-88	  325
comp140930_c0_seq1	ruditapes2_lrc3145	87.16	740	91	4	372	1109	738	1	0.0	  897
comp140930_c0_seq2	ruditapes2_c97	75.72	1326	321	1	380	1704	1404	79	0.0	  955
comp140930_c0_seq3	ruditapes_c12803	83.35	841	137	3	164	1004	839	2	0.0	  877
comp140930_c0_seq5	ruditapes_lrc38746	89.72	253	26	0	331	583	254	2	7e-93	  340
comp140937_c0_seq11	ruditapes_c8855	77.92	616	134	1	393	1006	368	983	2e-139	  495
comp140938_c0_seq1	ruditapes_c341	75.66	456	106	3	11	465	105	556	4e-85	  313
comp140956_c1_seq6	ruditapes_c25101	78.52	284	61	0	880	1163	2	285	1e-61	  237
comp140963_c2_seq2	ruditapes_c20089	78.60	444	90	5	631	1073	1	440	1e-96	  354
comp140989_c0_seq1	ruditapes_c15432	74.17	515	132	1	1264	1778	401	914	7e-89	  327
comp141057_c0_seq1	ruditapes_c28901	77.79	662	144	3	828	1489	1	659	6e-150	  531
comp141065_c1_seq5	ruditapes_c8130	74.82	564	141	1	664	1226	1	564	4e-103	  374
comp141074_c1_seq2	ruditapes_c16633	76.40	445	101	4	304	747	449	8	5e-85	  315
comp141101_c2_seq2	ruditapes_c29008	73.12	599	140	14	82	668	619	30	3e-84	  311
comp141129_c0_seq2	ruditapes_c24776	78.27	428	83	5	2023	2447	350	770	2e-92	  340
comp141162_c0_seq1	ruditapes2_lrc5113	78.26	368	80	0	61	428	42	409	2e-82	  304
comp141222_c0_seq1	ruditapes_c15255	74.45	916	208	12	777	1680	1	902	5e-161	  567
comp141288_c4_seq3	ruditapes_c12497	80.24	577	110	4	182	757	584	11	2e-145	  515
comp141294_c0_seq3	ruditapes_c7603	77.35	309	70	0	625	933	309	1	2e-63	  242
comp141334_c0_seq1	ruditapes_c7909	72.69	443	109	6	562	998	438	2	9e-62	  237
comp141465_c1_seq1	ruditapes_c7828	84.36	895	132	6	2580	3474	887	1	0.0	  969
comp141511_c0_seq1	ruditapes2_c439	84.87	271	41	0	126	396	40	310	1e-81	  304
comp141550_c0_seq1	ruditapes_c8255	76.60	470	110	0	307	776	11	480	2e-96	  352
comp141558_c0_seq1	ruditapes_c23765	74.44	579	139	7	124	701	593	23	7e-97	  354
comp141558_c0_seq4	ruditapes_c353	69.00	729	208	5	18	734	113	835	1e-77	  289
comp141595_c0_seq9	ruditapes_c8957	71.43	672	175	9	665	1334	3	659	7e-87	  322
comp141608_c0_seq2	ruditapes_c13762	74.76	416	104	1	306	721	1	415	1e-72	  273
comp141615_c0_seq2	ruditapes_c11690	78.46	376	81	0	1170	1545	398	23	1e-84	  313
comp141653_c1_seq1	ruditapes_c24014	74.83	449	108	5	2253	2701	444	1	4e-75	  282
comp141664_c0_seq2	ruditapes_c7905	80.42	623	113	4	152	768	120	739	3e-161	  569
comp141666_c0_seq3	ruditapes2_c2660	76.57	495	114	2	441	934	1	494	9e-100	  363
comp141674_c0_seq1	ruditapes2_c3140	76.87	830	186	3	5302	6128	1	827	2e-177	  623
comp141674_c0_seq2	ruditapes2_c5101	76.91	459	92	12	5584	6030	817	361	2e-83	  311
comp141703_c0_seq2	ruditapes2_c2075	79.28	526	108	1	56	581	2	526	5e-127	  453
comp141720_c0_seq4	ruditapes_c4275	69.01	684	195	5	754	1427	677	1	5e-72	  271
comp141725_c0_seq1	ruditapes_c16356	78.21	514	109	3	3566	4079	512	2	6e-114	  412
comp141739_c0_seq2	ruditapes_c16447	71.54	506	142	2	1169	1673	665	161	1e-67	  257
comp141806_c2_seq1	ruditapes_c7419	76.12	536	128	0	70	605	9	544	3e-108	  390
comp141873_c1_seq4	ruditapes_c18259	77.18	517	92	9	24	535	11	506	2e-105	  383
comp141885_c0_seq3	ruditapes_c31431	80.42	475	92	1	1	475	474	1	1e-120	  434
comp141924_c2_seq4	ruditapes2_c781	72.05	662	136	9	56	694	10	645	1e-99	  363
comp141946_c2_seq1	ruditapes_c1419	71.93	734	202	4	783	1514	14	745	4e-107	  389
comp141987_c0_seq1	ruditapes_c11270	71.05	860	235	11	126	980	81	931	3e-110	  398
comp142056_c0_seq2	ruditapes_c17113	77.98	813	170	4	66	870	36	847	0.0	  650
comp142062_c0_seq4	ruditapes_c1270	71.13	620	177	2	1009	1627	1273	655	8e-82	  304
comp142065_c1_seq1	ruditapes_c24966	79.37	509	101	4	287	793	513	7	8e-120	  430
comp142080_c1_seq2	ruditapes_c10335	84.00	325	50	2	1066	1389	579	256	2e-94	  345
comp142083_c1_seq4	ruditapes_c19761	70.71	659	190	3	634	1290	66	723	1e-85	  316
comp142108_c1_seq2	ruditapes_c13512	77.23	325	67	4	965	1288	321	3	1e-62	  241
comp142150_c0_seq1	ruditapes_c534	80.00	370	70	2	982	1349	103	470	3e-89	  329
comp142200_c0_seq2	ruditapes2_c1766	76.80	375	87	0	415	789	376	2	7e-76	  284
comp142248_c0_seq2	ruditapes_c25351	78.62	421	88	2	715	1135	421	3	8e-95	  347
comp142313_c0_seq2	ruditapes2_c1616	71.36	632	159	7	1063	1675	643	15	2e-84	  313
comp142327_c0_seq1	ruditapes2_c168	78.11	731	157	1	980	1707	3	733	1e-169	  596
comp142338_c0_seq1	ruditapes2_c2174	77.05	305	70	0	890	1194	328	24	2e-61	  237
comp142353_c0_seq1	ruditapes_c8301	77.69	372	80	1	1319	1687	394	23	4e-79	  295
comp142358_c1_seq4	ruditapes_c665	78.46	506	101	4	276	777	14	515	1e-113	  410
comp142401_c1_seq1	ruditapes_c8263	70.70	669	193	3	576	1243	7	673	2e-84	  313
comp142416_c0_seq6	ruditapes_c8312	78.35	448	97	0	1	448	536	89	1e-105	  381
comp142417_c0_seq4	ruditapes2_c594	78.77	358	73	3	1671	2028	381	27	2e-78	  293
comp142431_c0_seq2	ruditapes2_c1779	80.15	519	103	0	63	581	57	575	2e-132	  471
comp142461_c0_seq1	ruditapes_c1110	71.20	743	214	0	349	1091	774	32	2e-103	  376
comp142485_c0_seq1	ruditapes_c12147	77.57	419	93	1	1069	1487	4	421	2e-89	  329
comp142515_c0_seq2	ruditapes_c13583	81.98	688	123	1	2586	3273	696	10	0.0	  682
comp142521_c0_seq2	ruditapes_c8894	69.45	743	196	13	111	837	68	795	2e-76	  286
comp142528_c2_seq4	ruditapes_c13576	80.17	474	92	2	2287	2759	473	1	7e-118	  425
comp142553_c0_seq3	ruditapes2_c143	71.41	619	175	2	982	1599	359	976	5e-84	  311
comp142556_c1_seq1	ruditapes_c11059	73.95	618	149	4	731	1348	606	1	8e-105	  381
comp142581_c0_seq3	ruditapes_c18442	79.27	463	79	7	12	470	452	3	7e-107	  387
comp142591_c0_seq5	ruditapes2_c844	77.22	338	68	7	23	359	37	366	3e-62	  239
comp142610_c0_seq1	ruditapes2_c184	74.30	533	137	0	1142	1674	1	533	1e-93	  343
comp142683_c1_seq5	ruditapes_c7131	81.97	355	64	0	2014	2368	450	96	2e-96	  352
comp142743_c0_seq1	ruditapes_c14666	84.42	443	62	5	5112	5551	477	39	8e-132	  471
comp142747_c0_seq1	ruditapes_c21039	76.22	450	106	1	1943	2392	449	1	4e-88	  325
comp142759_c0_seq1	ruditapes2_c807	82.07	435	78	0	93	527	579	145	6e-121	  434
comp142786_c0_seq3	ruditapes_c21300	76.54	486	102	8	1571	2055	2	476	9e-92	  338
comp142801_c2_seq6	ruditapes_c10469	77.32	366	81	2	245	609	3	367	4e-74	  279
comp142857_c0_seq2	ruditapes_c1225	77.58	611	135	1	724	1334	4	612	2e-135	  482
comp142857_c0_seq3	ruditapes_c13402	75.15	684	168	2	55	737	49	731	1e-128	  461
comp142857_c0_seq4	ruditapes_c15640	79.93	269	54	0	543	811	8	276	1e-63	  242
comp142866_c1_seq1	ruditapes_c19176	77.55	432	90	6	1054	1484	431	6	3e-87	  322
comp142868_c0_seq3	ruditapes_c4838	90.58	191	18	0	131	321	84	274	2e-70	  264
comp142913_c0_seq1	ruditapes2_c2530	75.37	674	141	14	17	677	11	672	1e-118	  426
comp142961_c0_seq1	ruditapes_c14612	70.57	598	176	0	123	720	25	622	2e-79	  297
comp143004_c0_seq3	ruditapes_c7248	79.95	429	86	0	2533	2961	2	430	2e-106	  387
comp143007_c0_seq3	ruditapes_c31357	72.36	521	134	7	257	771	205	721	2e-71	  269
comp143018_c3_seq3	ruditapes_c18807	75.80	591	139	4	2394	2981	611	22	5e-114	  412
comp143022_c0_seq8	ruditapes_c25464	73.81	607	135	12	389	990	1	588	8e-95	  347
comp143025_c1_seq1	ruditapes_c1495	70.08	1066	305	5	1596	2654	3	1061	1e-137	  489
comp143086_c0_seq1	ruditapes_c30119	80.74	353	62	4	1279	1626	474	123	3e-86	  318
comp143152_c0_seq1	ruditapes2_c1142	75.20	383	95	0	362	744	3	385	1e-71	  269
comp143167_c1_seq1	ruditapes2_c1210	79.73	745	145	3	143	883	92	834	0.0	  657
comp143195_c0_seq1	ruditapes_c19790	78.17	449	94	2	1413	1861	2	446	2e-99	  363
comp143211_c2_seq1	ruditapes_c15632	77.73	440	90	6	3703	4137	437	1	4e-90	  333
comp143236_c1_seq3	ruditapes_c10446	77.71	332	74	0	114	445	125	456	2e-70	  266
comp143279_c0_seq3	ruditapes_c11866	75.48	526	129	0	2208	2733	526	1	1e-100	  367
comp143294_c0_seq1	ruditapes2_c7336	79.05	296	61	1	62	357	63	357	7e-66	  251
comp143305_c0_seq1	ruditapes_c12445	82.00	450	76	5	16	464	36	481	3e-119	  428
comp143311_c0_seq1	ruditapes_c30405	78.79	297	63	0	443	739	315	19	5e-67	  253
comp143340_c0_seq1	ruditapes2_c3542	79.93	274	55	0	1100	1373	79	352	3e-64	  246
comp143354_c0_seq1	ruditapes_c11299	73.73	807	191	13	542	1335	1	799	4e-135	  480
comp143369_c0_seq1	ruditapes_c30399	81.98	494	84	4	2100	2592	490	1	1e-133	  477
comp143382_c0_seq2	ruditapes_c24972	77.38	619	136	4	648	1265	2	617	3e-132	  471
comp143426_c0_seq2	ruditapes2_c2197	78.54	536	115	0	3230	3765	618	83	6e-125	  448
comp143445_c0_seq6	ruditapes_c20332	79.23	313	56	2	288	597	1	307	8e-72	  271
comp143449_c0_seq1	ruditapes_c11009	75.00	456	113	1	1888	2343	1	455	4e-82	  306
comp143451_c2_seq1	ruditapes_c7712	70.06	628	174	7	405	1025	1	621	2e-70	  266
comp143465_c0_seq3	ruditapes2_c128	70.55	781	225	3	418	1196	13	790	2e-99	  363
comp143470_c0_seq1	ruditapes_c25549	75.81	434	97	6	972	1400	9	439	1e-77	  289
comp143482_c0_seq2	ruditapes2_c2564	70.56	642	187	2	2447	3087	2	642	7e-80	  298
comp143489_c0_seq8	ruditapes_c18103	74.93	363	89	2	2665	3026	362	1	2e-61	  237
comp143516_c3_seq2	ruditapes2_c315	76.46	429	95	1	3	431	3	425	1e-86	  320
comp143576_c0_seq1	ruditapes_c15140	75.51	396	76	8	830	1210	10	399	2e-68	  260
comp143604_c0_seq1	ruditapes_c18048	75.65	464	112	1	441	904	3	465	1e-87	  324
comp143648_c0_seq4	ruditapes_c10118	79.42	690	136	4	525	1212	9	694	1e-168	  592
comp143670_c1_seq1	ruditapes_c30403	77.56	459	101	2	1671	2129	457	1	2e-97	  356
comp143682_c1_seq1	ruditapes_c9146	79.17	744	155	0	342	1085	750	7	0.0	  654
comp143693_c1_seq1	ruditapes_c22512	79.61	407	76	6	474	878	404	3	1e-92	  340
comp143703_c0_seq1	ruditapes2_c1116	78.80	434	90	2	127	560	110	541	2e-99	  361
comp143716_c0_seq1	ruditapes_c29332	76.65	501	105	12	368	866	509	19	5e-91	  334
comp143717_c1_seq1	ruditapes_c22123	79.01	443	88	5	588	1029	5	443	4e-99	  361
comp143722_c0_seq2	ruditapes_c433	77.13	328	75	0	443	770	83	410	2e-66	  253
comp143738_c0_seq1	ruditapes_c15265	82.00	300	53	1	31	330	73	371	8e-79	  295
comp143746_c0_seq1	ruditapes_c29379	75.52	384	92	2	730	1112	383	1	3e-69	  262
comp143786_c1_seq1	ruditapes_c18346	76.99	617	136	6	1624	2238	721	109	9e-127	  453
comp143801_c0_seq1	ruditapes_c19986	79.56	455	92	1	1191	1644	456	2	6e-110	  398
comp143804_c0_seq2	ruditapes_c10727	77.60	433	88	6	59	491	136	559	2e-88	  325
comp143871_c4_seq1	ruditapes_c2869	70.90	993	276	10	260	1245	1636	650	2e-128	  459
comp143876_c0_seq7	ruditapes_c10943	80.08	492	97	1	1527	2017	1	492	2e-123	  443
comp143892_c1_seq6	ruditapes_c16850	72.76	503	120	13	2649	3146	562	72	3e-64	  246
comp143943_c0_seq2	ruditapes_c7176	82.64	674	99	5	3805	4477	813	157	0.0	  686
comp143983_c0_seq2	ruditapes2_c1802	77.31	432	88	10	626	1056	15	437	3e-81	  302
comp144015_c1_seq3	ruditapes2_c211	70.99	493	141	2	25	515	495	3	6e-62	  237
comp144021_c0_seq3	ruditapes_c21036	76.60	406	94	1	459	864	3	407	2e-80	  300
comp144041_c0_seq1	ruditapes_c30671	73.77	488	108	14	1808	2285	480	3	4e-69	  262
comp144078_c3_seq3	ruditapes_c12514	86.45	487	59	2	133	613	152	637	1e-164	  578
comp144092_c0_seq8	ruditapes_c12164	74.41	508	124	5	6099	6601	233	739	1e-85	  318
comp144116_c0_seq6	ruditapes_c15762	76.51	762	167	7	892	1646	757	1	2e-157	  556
comp144125_c0_seq3	ruditapes2_c3122	71.80	578	161	2	2833	3409	1	577	2e-81	  304
comp144132_c0_seq2	ruditapes_c2030	78.01	582	126	2	862	1442	1	581	2e-130	  466
comp144159_c0_seq6	ruditapes_c14324	73.77	408	103	2	1821	2224	410	3	3e-65	  250
comp144168_c0_seq1	ruditapes_c18344	81.88	298	54	0	2032	2329	2	299	9e-79	  295
comp144189_c0_seq4	ruditapes_c19053	76.03	438	99	5	418	854	21	453	1e-80	  300
comp144220_c0_seq2	ruditapes_c1058	79.33	450	90	1	3938	4387	583	137	2e-107	  390
comp144231_c0_seq1	ruditapes_c21445	75.56	360	85	1	3392	3748	360	1	1e-65	  251
comp144243_c0_seq1	ruditapes_c7299	84.36	307	48	0	401	707	308	2	3e-92	  338
comp144251_c0_seq2	ruditapes_c23855	77.28	449	99	3	1172	1620	291	736	2e-92	  340
comp144280_c1_seq1	ruditapes2_c270	75.37	410	99	2	303	711	673	265	6e-74	  277
comp144283_c0_seq2	ruditapes2_c138	71.13	1119	296	12	89	1193	1106	1	8e-151	  533
comp144283_c0_seq6	ruditapes_c37487	70.03	624	166	10	89	700	125	739	9e-68	  257
comp144296_c0_seq1	ruditapes_c10984	77.66	470	104	1	63	532	81	549	1e-101	  370
comp144324_c1_seq1	ruditapes_c23986	78.89	341	67	5	1136	1476	362	27	1e-72	  273
comp144332_c0_seq1	ruditapes_c18910	73.63	474	108	7	532	998	1	464	2e-72	  275
comp144348_c0_seq1	ruditapes_c29888	73.81	649	162	5	13371	14015	1	645	2e-106	  389
comp144377_c0_seq2	ruditapes_c7414	71.93	488	133	2	755	1242	507	24	1e-70	  266
comp144432_c0_seq1	ruditapes_c23316	77.59	406	89	2	4049	4454	1	404	1e-84	  315
comp144468_c0_seq2	ruditapes_c21356	82.08	452	75	6	2170	2621	1	446	9e-119	  428
comp144476_c2_seq1	ruditapes2_c3594	80.09	442	80	5	46	485	871	436	7e-106	  385
comp144476_c2_seq2	ruditapes2_c3812	83.61	360	59	0	126	485	75	434	4e-105	  383
comp144486_c0_seq3	ruditapes_c8146	75.11	908	167	9	242	1138	2	861	2e-180	  632
comp144486_c0_seq9	ruditapes_c12121	74.92	909	182	26	237	1116	3	894	4e-153	  542
comp144518_c0_seq8	ruditapes_c25486	77.75	373	80	1	4762	5131	4	376	5e-79	  297
comp144588_c0_seq1	ruditapes_c226	81.44	819	138	3	67	872	861	44	0.0	  791
comp144609_c0_seq2	ruditapes_c17645	79.15	494	100	3	1303	1796	2	492	1e-114	  416
comp144617_c0_seq1	ruditapes_lrc34958	78.07	342	65	4	6	345	21	354	7e-72	  269
comp144618_c0_seq1	ruditapes_lrc33929	84.18	493	76	1	35	525	527	35	8e-152	  535
comp144619_c0_seq1	ruditapes2_c160	81.33	857	150	5	105	956	852	1	0.0	  810
comp144621_c0_seq1	ruditapes_lrc33726	84.44	482	74	1	61	542	1	481	1e-149	  527
comp144622_c0_seq1	ruditapes2_c773	79.19	322	54	6	7	320	8	324	1e-70	  264
comp144626_c0_seq1	ruditapes2_c795	73.43	414	90	8	55	461	778	378	5e-61	  233
comp144629_c0_seq1	ruditapes_c1797	78.09	356	78	0	157	512	39	394	2e-78	  291
comp144637_c0_seq1	ruditapes2_c759	75.64	546	133	0	63	608	178	723	2e-106	  385
comp144913_c0_seq1	ruditapes2_lrc5740	73.33	420	110	2	56	474	452	34	5e-65	  246
comp145072_c0_seq1	ruditapes_c21281	74.07	432	112	0	68	499	87	518	1e-73	  275
comp147163_c0_seq1	ruditapes_c9662	76.10	385	90	2	86	470	462	80	4e-73	  273
comp150979_c0_seq1	ruditapes_c11343	74.22	450	114	2	2	450	25	473	8e-76	  282
comp21652_c0_seq1	ruditapes_c1099	87.96	274	18	4	1	262	104	374	4e-94	  342
comp22236_c0_seq2	ruditapes_lrc35916	77.13	328	75	0	59	386	87	414	3e-67	  253
comp23142_c0_seq1	ruditapes2_c2200	76.38	470	105	4	88	554	619	153	2e-91	  334
comp23314_c0_seq1	ruditapes_c13924	80.57	283	55	0	4	286	53	335	4e-70	  262
comp27970_c0_seq1	ruditapes_c14382	73.20	403	101	3	86	485	74	472	4e-61	  233
comp28264_c0_seq1	ruditapes_lrc33333	78.80	500	84	7	1	496	491	10	6e-115	  412
comp28266_c0_seq1	ruditapes_lrc32536	80.51	472	87	3	129	596	15	485	9e-120	  428
comp28267_c0_seq1	ruditapes2_c278	79.02	386	76	2	78	461	409	27	2e-89	  327
comp28268_c0_seq1	ruditapes_lrc7141	76.91	641	137	5	64	696	653	16	2e-134	  477
comp28269_c0_seq1	ruditapes_lrc32788	80.97	494	93	1	70	562	1	494	1e-130	  464
comp28270_c0_seq1	ruditapes2_c1283	75.56	990	223	6	48	1031	44	1020	0.0	  684
comp28271_c0_seq1	ruditapes_lrc13423	83.52	728	118	2	338	1064	758	32	0.0	  765
comp28272_c0_seq1	ruditapes2_lrc4805	77.31	551	120	4	17	563	7	556	2e-116	  417
comp28273_c0_seq1	ruditapes_c613	78.34	314	66	2	233	545	265	577	6e-67	  253
comp28276_c0_seq1	ruditapes2_c1713	80.09	432	72	10	62	489	2	423	8e-99	  360
comp28277_c0_seq1	ruditapes_c25365	85.71	238	33	1	1	237	144	381	2e-73	  273
comp28280_c0_seq1	ruditapes2_c461	83.25	830	138	1	570	1399	58	886	0.0	  866
comp28288_c0_seq1	ruditapes2_c116	72.38	793	203	6	75	865	847	69	4e-120	  430
comp28306_c0_seq1	ruditapes2_c2763	79.60	657	131	3	598	1253	744	90	6e-164	  576
comp33644_c0_seq1	ruditapes_lrc33051	77.64	313	68	2	12	323	231	542	4e-64	  242
comp36628_c0_seq1	ruditapes2_lrc1763	85.17	209	30	1	15	222	333	541	1e-61	  233
comp47956_c0_seq1	ruditapes_lrc11074	76.65	364	72	9	1539	1894	432	74	7e-64	  244
comp48052_c0_seq1	ruditapes2_lrc4878	81.48	459	85	0	70	528	482	24	1e-124	  444
comp48058_c0_seq1	ruditapes_lrc33892	78.69	596	112	8	30	613	7	599	2e-135	  480
comp48116_c0_seq1	ruditapes2_c58	77.80	482	99	5	48	525	669	192	5e-103	  372
comp48128_c1_seq1	ruditapes2_lrc5109	84.10	283	44	1	1	283	341	60	1e-82	  304
comp48129_c0_seq1	ruditapes_c34139	79.85	526	92	8	378	895	522	3	1e-125	  448
comp48148_c0_seq1	ruditapes_lrc13269	75.06	401	96	4	99	497	449	51	8e-69	  259
comp48169_c0_seq1	ruditapes2_c157	77.15	407	83	4	93	490	28	433	6e-83	  306
comp48171_c0_seq1	ruditapes2_c5058	76.82	591	136	1	78	667	598	8	1e-124	  444
comp48214_c0_seq1	ruditapes_lrc34197	79.55	396	71	5	71	465	387	1	3e-92	  336
comp48233_c0_seq1	ruditapes2_c1043	76.62	770	179	1	51	820	14	782	1e-163	  574
comp48239_c0_seq1	ruditapes_lrc34507	78.31	544	99	9	52	587	1	533	3e-119	  426
comp48421_c0_seq1	ruditapes2_lrc3839	84.33	434	67	1	25	457	1	434	3e-133	  473
comp48459_c0_seq1	ruditapes_c422	77.92	403	89	0	47	449	49	451	6e-89	  325
comp48557_c0_seq1	ruditapes_c408	78.15	842	177	5	178	1014	1	840	0.0	  673
comp48638_c0_seq1	ruditapes2_c1673	77.22	900	183	9	36	930	53	935	0.0	  679
comp48724_c0_seq1	ruditapes2_c3321	72.29	664	182	2	482	1144	774	112	2e-99	  361
comp49065_c0_seq1	ruditapes_c7544	77.41	695	154	3	396	1087	792	98	5e-152	  536
comp49820_c0_seq1	ruditapes_c8658	72.84	497	119	9	113	603	126	612	3e-70	  264
comp50353_c0_seq1	ruditapes_c10218	78.89	450	94	1	490	939	449	1	1e-104	  379
comp50528_c0_seq1	ruditapes2_c3215	75.69	728	166	6	114	837	775	55	1e-140	  499
comp50630_c0_seq1	ruditapes2_c2163	77.05	645	146	2	85	729	37	679	6e-138	  489
comp54919_c0_seq1	ruditapes_c17468	75.29	344	84	1	1	344	25	367	2e-61	  233
comp56807_c0_seq2	ruditapes2_c327	77.38	663	142	4	53	712	11	668	5e-144	  509
comp59485_c0_seq1	ruditapes2_c2735	76.05	476	109	3	3	478	112	582	4e-92	  336
comp59704_c0_seq1	ruditapes2_c278	81.72	290	53	0	7	296	45	334	1e-76	  284
comp61119_c0_seq1	ruditapes_c1099	87.75	498	39	5	1	492	374	855	6e-178	  621
comp61786_c0_seq1	ruditapes_c6973	78.08	584	128	0	1	584	219	802	2e-134	  477
comp72955_c0_seq1	ruditapes2_c2362	72.49	469	121	5	36	499	274	739	3e-68	  257
comp82490_c0_seq1	ruditapes2_c4916	80.97	310	58	1	2	311	65	373	3e-78	  289
comp86514_c0_seq1	ruditapes2_c2197	75.99	354	85	0	2	355	606	253	7e-68	  255
comp89025_c0_seq1	ruditapes2_c1749	84.30	344	54	0	82	425	75	418	4e-104	  378
comp90246_c0_seq1	ruditapes_c10366	80.64	501	92	3	1	499	13	510	2e-128	  457
comp90334_c0_seq1	ruditapes2_c343	79.62	736	145	4	1005	1737	1	734	0.0	  637
comp90421_c0_seq1	ruditapes2_c3108	80.33	778	153	0	60	837	3	780	0.0	  713
comp90424_c0_seq1	ruditapes2_c147	74.20	597	139	7	312	904	299	884	4e-100	  365
comp90429_c0_seq1	ruditapes_lrc16646	80.55	653	119	5	55	703	59	707	2e-168	  590
comp90430_c0_seq1	ruditapes_c1897	78.27	382	77	5	20	398	9	387	2e-82	  304
comp90431_c1_seq1	ruditapes2_c5457	82.23	242	41	1	84	325	309	548	2e-63	  241
comp90436_c0_seq1	ruditapes_lrc32357	76.62	650	146	6	31	677	26	672	1e-131	  468
comp90437_c0_seq1	ruditapes2_c4069	80.39	464	78	4	52	508	44	501	1e-117	  421
comp90451_c0_seq1	ruditapes2_lrc3447	77.47	799	166	3	29	824	793	6	8e-180	  628
comp90469_c0_seq1	ruditapes_lrc33842	78.49	702	147	3	32	730	709	9	3e-164	  576
comp90475_c0_seq1	ruditapes_lrc12146	83.31	605	100	1	56	659	657	53	0.0	  637
comp90510_c0_seq1	ruditapes2_c4998	82.37	346	61	0	936	1281	44	389	2e-95	  349
comp90643_c0_seq1	ruditapes2_c158	81.41	269	50	0	268	536	274	6	3e-69	  260
comp90895_c0_seq1	ruditapes2_c824	75.78	384	84	5	696	1075	510	132	2e-68	  259
comp91488_c0_seq2	ruditapes_c7354	81.74	619	113	0	1132	1750	708	90	1e-174	  612
comp91523_c0_seq1	ruditapes2_c352	70.46	650	186	4	112	758	12	658	2e-79	  295
comp94584_c0_seq1	ruditapes_c380	82.74	394	68	0	2982	3375	474	81	6e-112	  405
comp94714_c0_seq1	ruditapes_c16536	76.67	360	81	1	15	374	23	379	5e-74	  277
comp94825_c0_seq1	ruditapes_c23147	89.18	305	23	3	300	595	121	424	2e-110	  398
comp95384_c0_seq1	ruditapes_c10792	82.51	263	29	3	31	293	1	246	2e-72	  269
comp95761_c0_seq1	ruditapes_c15733	84.40	250	39	0	2	251	255	6	6e-74	  275
comp98918_c0_seq1	ruditapes2_c791	72.45	548	151	0	42	589	756	209	2e-83	  307
